#
# A fatal error has been detected by the Java Runtime Environment:
#
#  SIGSEGV (0xb) at pc=0x00007f37f1080072, pid=137578, tid=137740
#
# JRE version: OpenJDK Runtime Environment (25.0.1) (build 25.0.1)
# Java VM: OpenJDK 64-Bit Server VM (25.0.1, mixed mode, sharing, tiered, compressed oops, compressed class ptrs, g1 gc, linux-amd64)
# Problematic frame:
# C  [libc.so.6+0x80072]  _IO_fclose+0x12
#
# Core dump will be written. Default location: Core dumps may be processed with "/usr/lib/systemd/systemd-coredump %P %u %g %s %t %c %h %d %F" (or dumping to /home/lightswisp/Documents/jhook/src/example/core.137578)
#
# If you would like to submit a bug report, please visit:
#   https://bugreport.java.com/bugreport/crash.jsp
# The crash happened outside the Java Virtual Machine in native code.
# See problematic frame for where to report the bug.
#

---------------  S U M M A R Y ------------

Command Line: test

Host: 13th Gen Intel(R) Core(TM) i7-13700H, 20 cores, 15G, Arch Linux
Time: Wed Oct  1 09:09:17 2025 EDT elapsed time: 52.545477 seconds (0d 0h 0m 52s)

---------------  T H R E A D  ---------------

Current thread (0x00007f377c000c40):  JavaThread "Thread-0"         [_thread_in_native, id=137740, stack(0x00007f37bd1fa000,0x00007f37bd9fa000) (8192K)]

Stack: [0x00007f37bd1fa000,0x00007f37bd9fa000],  sp=0x00007f37bd9f5cf0,  free space=8175k
Native frames: (J=compiled Java code, j=interpreted, Vv=VM code, C=native code)
C  [libc.so.6+0x80072]  _IO_fclose+0x12
C  [libjhook_example.so+0x3627]  jhook_resolve_class_dependencies+0x3b7
C  [libjhook_example.so+0x2dbf]  jhook_register+0x6f
C  [libjhook_example.so+0x266e]  __main_thread+0x9e
C  [libc.so.6+0x969cb]

siginfo: si_signo: 11 (SIGSEGV), si_code: 1 (SEGV_MAPERR), si_addr: 0x000000000000000b

Registers:
RAX=0x0000000000000002, RBX=0x000000000000000b, RCX=0x0000000000000838, RDX=0x0000000000000002
RSP=0x00007f37bd9f5cf0, RBP=0x00007f37bd9f5d10, RSI=0x00007f37bd9f7e20, RDI=0x000000000000000b
R8 =0x0000000000000000, R9 =0x0000000000000000, R10=0x0000000000000000, R11=0x00007f37f1080060
R12=0x00007f37bd9f96c0, R13=0x00007ffc72644a70, R14=0x00007f37bd9f9ce4, R15=0x00007ffc72644b77
RIP=0x00007f37f1080072, EFLAGS=0x0000000000010206, CSGSFS=0x002b000000000033, ERR=0x0000000000000004
  TRAPNO=0x000000000000000e

XMM[0]=0x0000000000000000 0x000055e43bc24ac0
XMM[1]=0x000055e43bc24ac0 0x000055e43bc24ac0
XMM[2]=0x656d616e5f737361 0x6c63206d305b1b3a
XMM[3]=0x6b6f6f686a206d33 0x335b1b5d4d412034
XMM[4]=0x00000000ff000000 0x0000000000000000
XMM[5]=0x0000000000ffffff 0xffffffffffffffff
XMM[6]=0x0000000000000000 0x0000000000000000
XMM[7]=0x0000000000000000 0x0000000000000000
XMM[8]=0x0000000000000000 0x0000000000000002
XMM[9]=0x0000000000000000 0x0000000000000001
XMM[10]=0x0000000000000001 0x0000000000000001
XMM[11]=0xffffffffffff0000 0x0003000300030003
XMM[12]=0x0000000000000000 0x00ff00fd00fb00f9
XMM[13]=0x0000000000ff00fb 0x0000000000fe00fa
XMM[14]=0x0000000000000000 0x0000000000000000
XMM[15]=0x0000000000000000 0x0000000000000000
  MXCSR=0x00001fa0


Register to memory mapping:

RAX=0x0000000000000002 is an unknown value
RBX=
[timeout occurred during error reporting in step "printing register info"] after 68 s.
[stop reattempt (printing register info, attempt 2) reason: Step time limit reached]
Top of Stack: (sp=0x00007f37bd9f5cf0)
0x00007f37bd9f5cf0:   0000000000000008 ffffffff00000000   ................
0x00007f37bd9f5d00:   00007f37bd9f96c0 00007f37bd9f96c0   ....7.......7...
0x00007f37bd9f5d10:   00007f37bd9f7d90 00007f37f121b627   .}..7...'.!.7...
0x00007f37bd9f5d20:   00007f37bd9f61e0 00007f37f10435bd   .a..7....5..7...
0x00007f37bd9f5d30:   00007f37f0153540 0000000000000002   @5..7...........
0x00007f37bd9f5d40:   00007f37e8133e30 000000000000000b   0>..7...........
0x00007f37bd9f5d50:   0000000000000000 0000000000000000   ................
0x00007f37bd9f5d60:   01007f37bd9f5db0 0000000000000002   .]..7...........
0x00007f37bd9f5d70:   00007f37bd9f7e20 00007f377c0010e0    ~..7......|7...
0x00007f37bd9f5d80:   0000000000000000 0000000000000000   ................
0x00007f37bd9f5d90:   000000000000000b 00007f37e8117d00   .........}..7...
0x00007f37bd9f5da0:   00007f377c005b10 0000000000000000   .[.|7...........
0x00007f37bd9f5db0:   00007f37bd9f5e90 00007f37f05d590c   .^..7....Y].7...
0x00007f37bd9f5dc0:   00007f37bd9f5e10 00007f37effd9540   .^..7...@...7...
0x00007f37bd9f5dd0:   00007f37d798d261 00000001d798d261   a...7...a.......
0x00007f37bd9f5de0:   0000000000000000 0000000000000000   ................
0x00007f37bd9f5df0:   0000000000000002 00007f37f085c1cb   ............7...
0x00007f37bd9f5e00:   0000000000000001 00007f37bd9f5e50   ........P^..7...
0x00007f37bd9f5e10:   00000000544e7d7e 00000030f05d590c   ~}NT.....Y].0...
0x00007f37bd9f5e20:   00007f37bd9f5ef0 00007f37f004c1a0   .^..7.......7...
0x00007f37bd9f5e30:   00007f37d798ce08 00007f379c01e9e8   ....7.......7...
0x00007f37bd9f5e40:   00007f37bd9f5f80 00007f37f05a2cc0   ._..7....,Z.7...
0x00007f37bd9f5e50:   00000000544e7d78 00007f37f0584a34   x}NT....4JX.7...
0x00007f37bd9f5e60:   0000000000000030 00007f37bd9f6000   0........`..7...
0x00007f37bd9f5e70:   00007f377c000c40 00007f37bd9f6000   @..|7....`..7...
0x00007f37bd9f5e80:   00007f37bd9f5fc0 00007f37f05a2cc0   ._..7....,Z.7...
0x00007f37bd9f5e90:   0000000000000198 000000071b5ec070   ........p.^.....
0x00007f37bd9f5ea0:   00007f37bd9f5f90 00007f377c000c40   ._..7...@..|7...
0x00007f37bd9f5eb0:   00007f37bd9f5e98 0000000000000000   .^..7...........
0x00007f37bd9f5ec0:   0000000000000000 00007f377c000c40   ........@..|7...
0x00007f37bd9f5ed0:   00007f37bd9f60c0 000000071b5ebff8   .`..7.....^.....
0x00007f37bd9f5ee0:   00007f37bd9f6000 00007f377c000c40   .`..7...@..|7...

Instructions: (pc=0x00007f37f1080072)
  0x00007f37f107ff72:   77 4c 48 89 df ff 15 5b 90 18 00 48 85 c0 74 51
  0x00007f37f107ff82:   48 8d 14 18 48 89 c6 b9 01 00 00 00 4c 89 e7 e8
  0x00007f37f107ff92:   ca 01 01 00 b8 01 00 00 00 48 8b 55 e8 64 48 2b
  0x00007f37f107ffa2:   14 25 28 00 00 00 0f 85 a4 00 00 00 48 81 c4 a0
  0x00007f37f107ffb2:   00 00 00 5b 41 5c 5d c3 66 0f 1f 44 00 00 bb 00
  0x00007f37f107ffc2:   20 00 00 48 89 df ff 15 0a 90 18 00 48 85 c0 75
  0x00007f37f107ffd2:   af b8 ff ff ff ff eb c1 66 0f 1f 44 00 00 48 8b
  0x00007f37f107ffe2:   85 78 ff ff ff 48 89 c2 48 c1 e8 20 48 c1 ea 08
  0x00007f37f107fff2:   25 00 f0 ff ff 81 e2 ff 0f 00 00 09 d0 2d 88 00
  0x00007f37f1080002:   00 00 83 f8 07 77 27 48 8b 5d 88 41 81 0c 24 00
  0x00007f37f1080012:   02 00 00 48 8d 43 ff 48 3d fe 1f 00 00 77 9f e9
  0x00007f37f1080022:   4e ff ff ff 66 2e 0f 1f 84 00 00 00 00 00 41 8b
  0x00007f37f1080032:   7c 24 70 e8 a6 ea 08 00 85 c0 75 cb e9 21 ff ff
  0x00007f37f1080042:   ff 0f 1f 44 00 00 e8 43 c3 00 00 e9 ec fe ff ff
  0x00007f37f1080052:   67 e8 68 76 0a 00 0f 1f 84 00 00 00 00 00 f3 0f
  0x00007f37f1080062:   1e fa 55 48 89 e5 41 54 53 48 89 fb 48 83 ec 10
=>0x00007f37f1080072:   44 8b 27 41 f7 c4 00 20 00 00 0f 85 9e 00 00 00
  0x00007f37f1080082:   41 f7 c4 00 80 00 00 0f 84 a6 00 00 00 41 c1 ec
  0x00007f37f1080092:   05 41 83 e4 01 41 f7 dc 48 8b 83 d8 00 00 00 48
  0x00007f37f10800a2:   8d 0d 38 7e 18 00 48 89 c2 48 29 ca 48 81 fa 2f
  0x00007f37f10800b2:   09 00 00 0f 87 15 02 00 00 31 f6 48 89 df ff 50
  0x00007f37f10800c2:   10 44 8b 83 c0 00 00 00 45 85 c0 0f 8f 45 01 00
  0x00007f37f10800d2:   00 48 83 7b 50 00 74 08 48 89 df e8 ee fc 00 00
  0x00007f37f10800e2:   48 3b 1d 1f 8e 18 00 0f 94 c0 48 3b 1d 5d 8d 18
  0x00007f37f10800f2:   00 0f 94 c2 08 d0 75 12 48 3b 1d b7 8c 18 00 74
  0x00007f37f1080102:   09 48 89 df ff 15 1c 8c 18 00 48 83 c4 10 44 89
  0x00007f37f1080112:   e0 5b 41 5c 5d c3 0f 1f 84 00 00 00 00 00 e8 ab
  0x00007f37f1080122:   f7 00 00 44 8b 23 41 f7 c4 00 80 00 00 0f 85 3b
  0x00007f37f1080132:   01 00 00 48 8b bb 88 00 00 00 80 3d bd 0f 19 00
  0x00007f37f1080142:   00 64 4c 8b 24 25 10 00 00 00 48 8b 47 08 0f 85
  0x00007f37f1080152:   8a 00 00 00 49 39 c4 0f 84 61 01 00 00 31 c0 ba
  0x00007f37f1080162:   01 00 00 00 f0 0f b1 17 0f 85 98 01 00 00 48 8b


Stack slot to memory mapping:

stack at sp + 0 slots: 0x0000000000000008 is an unknown value
stack at sp + 1 slots: 0xffffffff00000000 is an unknown value
stack at sp + 2 slots: 0x00007f37bd9f96c0 is pointing into the stack for thread: 0x00007f377c000c40
stack at sp + 3 slots: 0x00007f37bd9f96c0 is pointing into the stack for thread: 0x00007f377c000c40
stack at sp + 4 slots: 0x00007f37bd9f7d90 is pointing into the stack for thread: 0x00007f377c000c40
stack at sp + 5 slots: 0x00007f37f121b627: jhook_resolve_class_dependencies+0x00000000000003b7 in /home/lightswisp/Documents/jhook/scripts/libjhook_example.so at 0x00007f37f1218000
stack at sp + 6 slots: 0x00007f37bd9f61e0 is pointing into the stack for thread: 0x00007f377c000c40
stack at sp + 7 slots: 0x00007f37f10435bd: qsort_r+0x000000000000007d in /usr/lib/libc.so.6 at 0x00007f37f1000000

Lock stack of current Java thread (top to bottom):


---------------  P R O C E S S  ---------------

Threads class SMR info:
_java_thread_list=0x00007f377c0022c0, length=11, elements={
0x00007f37e8018fe0, 0x00007f37e8140e00, 0x00007f37e8141e40, 0x00007f37e81431d0,
0x00007f37e81449b0, 0x00007f37e8146240, 0x00007f37e81480d0, 0x00007f37e8149ad0,
0x00007f37e8156650, 0x00007f37e8158bf0, 0x00007f377c000c40
}

Java Threads: ( => current thread )
  0x00007f37e8018fe0 JavaThread "main"                              [_thread_blocked, id=137579, stack(0x00007f37f0ed3000,0x00007f37f0fd3000) (1024K)]
  0x00007f37e8140e00 JavaThread "Reference Handler"          daemon [_thread_blocked, id=137591, stack(0x00007f37ec0bc000,0x00007f37ec1bc000) (1024K)]
  0x00007f37e8141e40 JavaThread "Finalizer"                  daemon [_thread_blocked, id=137592, stack(0x00007f37ec1bd000,0x00007f37ec2bd000) (1024K)]
  0x00007f37e81431d0 JavaThread "Signal Dispatcher"          daemon [_thread_blocked, id=137593, stack(0x00007f37cc100000,0x00007f37cc200000) (1024K)]
  0x00007f37e81449b0 JavaThread "Service Thread"             daemon [_thread_blocked, id=137594, stack(0x00007f37bdf00000,0x00007f37be000000) (1024K)]
  0x00007f37e8146240 JavaThread "Monitor Deflation Thread"   daemon [_thread_blocked, id=137595, stack(0x00007f37bddff000,0x00007f37bdeff000) (1024K)]
  0x00007f37e81480d0 JavaThread "C2 CompilerThread0"         daemon [_thread_blocked, id=137596, stack(0x00007f37bdcfe000,0x00007f37bddfe000) (1024K)]
  0x00007f37e8149ad0 JavaThread "C1 CompilerThread0"         daemon [_thread_blocked, id=137597, stack(0x00007f37bdbfd000,0x00007f37bdcfd000) (1024K)]
  0x00007f37e8156650 JavaThread "Notification Thread"        daemon [_thread_blocked, id=137598, stack(0x00007f37bdafc000,0x00007f37bdbfc000) (1024K)]
  0x00007f37e8158bf0 JavaThread "Common-Cleaner"             daemon [_thread_blocked, id=137599, stack(0x00007f37bd9fb000,0x00007f37bdafb000) (1024K)]
=>0x00007f377c000c40 JavaThread "Thread-0"                          [_thread_in_native, id=137740, stack(0x00007f37bd1fa000,0x00007f37bd9fa000) (8192K)]
Total: 11

Other Threads:
  0x00007f37e81372d0 VMThread "VM Thread"                           [id=137590, stack(0x00007f37ec2be000,0x00007f37ec3be000) (1024K)]
  0x00007f37e8126a70 WatcherThread "VM Periodic Task Thread"        [id=137589, stack(0x00007f37cc608000,0x00007f37cc708000) (1024K)]
  0x00007f37e8082c40 WorkerThread "GC Thread#0"                     [id=137580, stack(0x00007f37ed6d2000,0x00007f37ed7d2000) (1024K)]
  0x00007f37e809b2e0 ConcurrentGCThread "G1 Main Marker"            [id=137581, stack(0x00007f37ed5d1000,0x00007f37ed6d1000) (1024K)]
  0x00007f37e809c4f0 WorkerThread "G1 Conc#0"                       [id=137582, stack(0x00007f37ed4d0000,0x00007f37ed5d0000) (1024K)]
  0x00007f37e810ed20 ConcurrentGCThread "G1 Refine#0"               [id=137583, stack(0x00007f37ec4c0000,0x00007f37ec5c0000) (1024K)]
  0x00007f37e810ff20 ConcurrentGCThread "G1 Service"                [id=137584, stack(0x00007f37ec3bf000,0x00007f37ec4bf000) (1024K)]
Total: 7

Threads with active compile tasks:
Total: 0

VM state: not at safepoint (normal execution)

VM Mutex/Monitor currently owned by a thread: None

Heap address: 0x000000070c200000, size: 3902 MB, Compressed Oops mode: Zero based, Oop shift amount: 3

CDS archive(s) mapped at: [0x0000000054000000-0x0000000054d8c000-0x0000000054d8c000), size 14204928, SharedBaseAddress: 0x0000000054000000, ArchiveRelocationMode: 1.
Compressed class space mapped at: 0x0000000055000000-0x0000000095000000, reserved size: 1073741824
UseCompressedClassPointers 1, UseCompactObjectHeaders 0
Narrow klass pointer bits 32, Max shift 3
Narrow klass base: 0x0000000054000000, Narrow klass shift: 0
Encoding Range: [0x0000000054000000 - 0x0000000154000000), (4294967296 bytes)
Klass Range:    [0x0000000054001000 - 0x0000000095000000), (1090514944 bytes)
Klass ID Range:  [4096 - 1090519033) (1090514937)
Protection zone: [0x0000000054000000 - 0x0000000054001000), (4096 bytes)

GC Precious Log:
 CardTable entry size: 512
 Card Set container configuration: InlinePtr #cards 4 size 8 Array Of Cards #cards 16 size 48 Howl #buckets 8 coarsen threshold 3686 Howl Bitmap #cards 512 size 80 coarsen threshold 460 Card regions per heap region 1 cards per card region 4096
 CPUs: 20 total, 20 available
 Memory: 15603M
 Large Page Support: Disabled
 NUMA Support: Disabled
 Compressed Oops: Enabled (Zero based)
 Heap Region Size: 2M
 Heap Min Capacity: 8M
 Heap Initial Capacity: 244M
 Heap Max Capacity: 3902M
 Pre-touch: Disabled
 Parallel Workers: 15
 Concurrent Workers: 4
 Concurrent Refinement Workers: 15
 Periodic GC: Disabled

Heap:
 garbage-first heap   total reserved 3995648K, committed 251904K, used 1155K [0x000000070c200000, 0x0000000800000000)
  region size 2048K, 1 young (2048K), 0 survivors (0K)

Heap Regions: E=young(eden), S=young(survivor), O=old, HS=humongous(starts), HC=humongous(continues), CS=collection set, F=free, TAMS=top-at-mark-start, PB=parsable bottom
|   0|0x000000070c200000, 0x000000070c200000, 0x000000070c400000|  0%| F|  |TAMS 0x000000070c200000| PB 0x000000070c200000| Untracked |  0
|   1|0x000000070c400000, 0x000000070c400000, 0x000000070c600000|  0%| F|  |TAMS 0x000000070c400000| PB 0x000000070c400000| Untracked |  0
|   2|0x000000070c600000, 0x000000070c600000, 0x000000070c800000|  0%| F|  |TAMS 0x000000070c600000| PB 0x000000070c600000| Untracked |  0
|   3|0x000000070c800000, 0x000000070c800000, 0x000000070ca00000|  0%| F|  |TAMS 0x000000070c800000| PB 0x000000070c800000| Untracked |  0
|   4|0x000000070ca00000, 0x000000070ca00000, 0x000000070cc00000|  0%| F|  |TAMS 0x000000070ca00000| PB 0x000000070ca00000| Untracked |  0
|   5|0x000000070cc00000, 0x000000070cc00000, 0x000000070ce00000|  0%| F|  |TAMS 0x000000070cc00000| PB 0x000000070cc00000| Untracked |  0
|   6|0x000000070ce00000, 0x000000070ce00000, 0x000000070d000000|  0%| F|  |TAMS 0x000000070ce00000| PB 0x000000070ce00000| Untracked |  0
|   7|0x000000070d000000, 0x000000070d000000, 0x000000070d200000|  0%| F|  |TAMS 0x000000070d000000| PB 0x000000070d000000| Untracked |  0
|   8|0x000000070d200000, 0x000000070d200000, 0x000000070d400000|  0%| F|  |TAMS 0x000000070d200000| PB 0x000000070d200000| Untracked |  0
|   9|0x000000070d400000, 0x000000070d400000, 0x000000070d600000|  0%| F|  |TAMS 0x000000070d400000| PB 0x000000070d400000| Untracked |  0
|  10|0x000000070d600000, 0x000000070d600000, 0x000000070d800000|  0%| F|  |TAMS 0x000000070d600000| PB 0x000000070d600000| Untracked |  0
|  11|0x000000070d800000, 0x000000070d800000, 0x000000070da00000|  0%| F|  |TAMS 0x000000070d800000| PB 0x000000070d800000| Untracked |  0
|  12|0x000000070da00000, 0x000000070da00000, 0x000000070dc00000|  0%| F|  |TAMS 0x000000070da00000| PB 0x000000070da00000| Untracked |  0
|  13|0x000000070dc00000, 0x000000070dc00000, 0x000000070de00000|  0%| F|  |TAMS 0x000000070dc00000| PB 0x000000070dc00000| Untracked |  0
|  14|0x000000070de00000, 0x000000070de00000, 0x000000070e000000|  0%| F|  |TAMS 0x000000070de00000| PB 0x000000070de00000| Untracked |  0
|  15|0x000000070e000000, 0x000000070e000000, 0x000000070e200000|  0%| F|  |TAMS 0x000000070e000000| PB 0x000000070e000000| Untracked |  0
|  16|0x000000070e200000, 0x000000070e200000, 0x000000070e400000|  0%| F|  |TAMS 0x000000070e200000| PB 0x000000070e200000| Untracked |  0
|  17|0x000000070e400000, 0x000000070e400000, 0x000000070e600000|  0%| F|  |TAMS 0x000000070e400000| PB 0x000000070e400000| Untracked |  0
|  18|0x000000070e600000, 0x000000070e600000, 0x000000070e800000|  0%| F|  |TAMS 0x000000070e600000| PB 0x000000070e600000| Untracked |  0
|  19|0x000000070e800000, 0x000000070e800000, 0x000000070ea00000|  0%| F|  |TAMS 0x000000070e800000| PB 0x000000070e800000| Untracked |  0
|  20|0x000000070ea00000, 0x000000070ea00000, 0x000000070ec00000|  0%| F|  |TAMS 0x000000070ea00000| PB 0x000000070ea00000| Untracked |  0
|  21|0x000000070ec00000, 0x000000070ec00000, 0x000000070ee00000|  0%| F|  |TAMS 0x000000070ec00000| PB 0x000000070ec00000| Untracked |  0
|  22|0x000000070ee00000, 0x000000070ee00000, 0x000000070f000000|  0%| F|  |TAMS 0x000000070ee00000| PB 0x000000070ee00000| Untracked |  0
|  23|0x000000070f000000, 0x000000070f000000, 0x000000070f200000|  0%| F|  |TAMS 0x000000070f000000| PB 0x000000070f000000| Untracked |  0
|  24|0x000000070f200000, 0x000000070f200000, 0x000000070f400000|  0%| F|  |TAMS 0x000000070f200000| PB 0x000000070f200000| Untracked |  0
|  25|0x000000070f400000, 0x000000070f400000, 0x000000070f600000|  0%| F|  |TAMS 0x000000070f400000| PB 0x000000070f400000| Untracked |  0
|  26|0x000000070f600000, 0x000000070f600000, 0x000000070f800000|  0%| F|  |TAMS 0x000000070f600000| PB 0x000000070f600000| Untracked |  0
|  27|0x000000070f800000, 0x000000070f800000, 0x000000070fa00000|  0%| F|  |TAMS 0x000000070f800000| PB 0x000000070f800000| Untracked |  0
|  28|0x000000070fa00000, 0x000000070fa00000, 0x000000070fc00000|  0%| F|  |TAMS 0x000000070fa00000| PB 0x000000070fa00000| Untracked |  0
|  29|0x000000070fc00000, 0x000000070fc00000, 0x000000070fe00000|  0%| F|  |TAMS 0x000000070fc00000| PB 0x000000070fc00000| Untracked |  0
|  30|0x000000070fe00000, 0x000000070fe00000, 0x0000000710000000|  0%| F|  |TAMS 0x000000070fe00000| PB 0x000000070fe00000| Untracked |  0
|  31|0x0000000710000000, 0x0000000710000000, 0x0000000710200000|  0%| F|  |TAMS 0x0000000710000000| PB 0x0000000710000000| Untracked |  0
|  32|0x0000000710200000, 0x0000000710200000, 0x0000000710400000|  0%| F|  |TAMS 0x0000000710200000| PB 0x0000000710200000| Untracked |  0
|  33|0x0000000710400000, 0x0000000710400000, 0x0000000710600000|  0%| F|  |TAMS 0x0000000710400000| PB 0x0000000710400000| Untracked |  0
|  34|0x0000000710600000, 0x0000000710600000, 0x0000000710800000|  0%| F|  |TAMS 0x0000000710600000| PB 0x0000000710600000| Untracked |  0
|  35|0x0000000710800000, 0x0000000710800000, 0x0000000710a00000|  0%| F|  |TAMS 0x0000000710800000| PB 0x0000000710800000| Untracked |  0
|  36|0x0000000710a00000, 0x0000000710a00000, 0x0000000710c00000|  0%| F|  |TAMS 0x0000000710a00000| PB 0x0000000710a00000| Untracked |  0
|  37|0x0000000710c00000, 0x0000000710c00000, 0x0000000710e00000|  0%| F|  |TAMS 0x0000000710c00000| PB 0x0000000710c00000| Untracked |  0
|  38|0x0000000710e00000, 0x0000000710e00000, 0x0000000711000000|  0%| F|  |TAMS 0x0000000710e00000| PB 0x0000000710e00000| Untracked |  0
|  39|0x0000000711000000, 0x0000000711000000, 0x0000000711200000|  0%| F|  |TAMS 0x0000000711000000| PB 0x0000000711000000| Untracked |  0
|  40|0x0000000711200000, 0x0000000711200000, 0x0000000711400000|  0%| F|  |TAMS 0x0000000711200000| PB 0x0000000711200000| Untracked |  0
|  41|0x0000000711400000, 0x0000000711400000, 0x0000000711600000|  0%| F|  |TAMS 0x0000000711400000| PB 0x0000000711400000| Untracked |  0
|  42|0x0000000711600000, 0x0000000711600000, 0x0000000711800000|  0%| F|  |TAMS 0x0000000711600000| PB 0x0000000711600000| Untracked |  0
|  43|0x0000000711800000, 0x0000000711800000, 0x0000000711a00000|  0%| F|  |TAMS 0x0000000711800000| PB 0x0000000711800000| Untracked |  0
|  44|0x0000000711a00000, 0x0000000711a00000, 0x0000000711c00000|  0%| F|  |TAMS 0x0000000711a00000| PB 0x0000000711a00000| Untracked |  0
|  45|0x0000000711c00000, 0x0000000711c00000, 0x0000000711e00000|  0%| F|  |TAMS 0x0000000711c00000| PB 0x0000000711c00000| Untracked |  0
|  46|0x0000000711e00000, 0x0000000711e00000, 0x0000000712000000|  0%| F|  |TAMS 0x0000000711e00000| PB 0x0000000711e00000| Untracked |  0
|  47|0x0000000712000000, 0x0000000712000000, 0x0000000712200000|  0%| F|  |TAMS 0x0000000712000000| PB 0x0000000712000000| Untracked |  0
|  48|0x0000000712200000, 0x0000000712200000, 0x0000000712400000|  0%| F|  |TAMS 0x0000000712200000| PB 0x0000000712200000| Untracked |  0
|  49|0x0000000712400000, 0x0000000712400000, 0x0000000712600000|  0%| F|  |TAMS 0x0000000712400000| PB 0x0000000712400000| Untracked |  0
|  50|0x0000000712600000, 0x0000000712600000, 0x0000000712800000|  0%| F|  |TAMS 0x0000000712600000| PB 0x0000000712600000| Untracked |  0
|  51|0x0000000712800000, 0x0000000712800000, 0x0000000712a00000|  0%| F|  |TAMS 0x0000000712800000| PB 0x0000000712800000| Untracked |  0
|  52|0x0000000712a00000, 0x0000000712a00000, 0x0000000712c00000|  0%| F|  |TAMS 0x0000000712a00000| PB 0x0000000712a00000| Untracked |  0
|  53|0x0000000712c00000, 0x0000000712c00000, 0x0000000712e00000|  0%| F|  |TAMS 0x0000000712c00000| PB 0x0000000712c00000| Untracked |  0
|  54|0x0000000712e00000, 0x0000000712e00000, 0x0000000713000000|  0%| F|  |TAMS 0x0000000712e00000| PB 0x0000000712e00000| Untracked |  0
|  55|0x0000000713000000, 0x0000000713000000, 0x0000000713200000|  0%| F|  |TAMS 0x0000000713000000| PB 0x0000000713000000| Untracked |  0
|  56|0x0000000713200000, 0x0000000713200000, 0x0000000713400000|  0%| F|  |TAMS 0x0000000713200000| PB 0x0000000713200000| Untracked |  0
|  57|0x0000000713400000, 0x0000000713400000, 0x0000000713600000|  0%| F|  |TAMS 0x0000000713400000| PB 0x0000000713400000| Untracked |  0
|  58|0x0000000713600000, 0x0000000713600000, 0x0000000713800000|  0%| F|  |TAMS 0x0000000713600000| PB 0x0000000713600000| Untracked |  0
|  59|0x0000000713800000, 0x0000000713800000, 0x0000000713a00000|  0%| F|  |TAMS 0x0000000713800000| PB 0x0000000713800000| Untracked |  0
|  60|0x0000000713a00000, 0x0000000713a00000, 0x0000000713c00000|  0%| F|  |TAMS 0x0000000713a00000| PB 0x0000000713a00000| Untracked |  0
|  61|0x0000000713c00000, 0x0000000713c00000, 0x0000000713e00000|  0%| F|  |TAMS 0x0000000713c00000| PB 0x0000000713c00000| Untracked |  0
|  62|0x0000000713e00000, 0x0000000713e00000, 0x0000000714000000|  0%| F|  |TAMS 0x0000000713e00000| PB 0x0000000713e00000| Untracked |  0
|  63|0x0000000714000000, 0x0000000714000000, 0x0000000714200000|  0%| F|  |TAMS 0x0000000714000000| PB 0x0000000714000000| Untracked |  0
|  64|0x0000000714200000, 0x0000000714200000, 0x0000000714400000|  0%| F|  |TAMS 0x0000000714200000| PB 0x0000000714200000| Untracked |  0
|  65|0x0000000714400000, 0x0000000714400000, 0x0000000714600000|  0%| F|  |TAMS 0x0000000714400000| PB 0x0000000714400000| Untracked |  0
|  66|0x0000000714600000, 0x0000000714600000, 0x0000000714800000|  0%| F|  |TAMS 0x0000000714600000| PB 0x0000000714600000| Untracked |  0
|  67|0x0000000714800000, 0x0000000714800000, 0x0000000714a00000|  0%| F|  |TAMS 0x0000000714800000| PB 0x0000000714800000| Untracked |  0
|  68|0x0000000714a00000, 0x0000000714a00000, 0x0000000714c00000|  0%| F|  |TAMS 0x0000000714a00000| PB 0x0000000714a00000| Untracked |  0
|  69|0x0000000714c00000, 0x0000000714c00000, 0x0000000714e00000|  0%| F|  |TAMS 0x0000000714c00000| PB 0x0000000714c00000| Untracked |  0
|  70|0x0000000714e00000, 0x0000000714e00000, 0x0000000715000000|  0%| F|  |TAMS 0x0000000714e00000| PB 0x0000000714e00000| Untracked |  0
|  71|0x0000000715000000, 0x0000000715000000, 0x0000000715200000|  0%| F|  |TAMS 0x0000000715000000| PB 0x0000000715000000| Untracked |  0
|  72|0x0000000715200000, 0x0000000715200000, 0x0000000715400000|  0%| F|  |TAMS 0x0000000715200000| PB 0x0000000715200000| Untracked |  0
|  73|0x0000000715400000, 0x0000000715400000, 0x0000000715600000|  0%| F|  |TAMS 0x0000000715400000| PB 0x0000000715400000| Untracked |  0
|  74|0x0000000715600000, 0x0000000715600000, 0x0000000715800000|  0%| F|  |TAMS 0x0000000715600000| PB 0x0000000715600000| Untracked |  0
|  75|0x0000000715800000, 0x0000000715800000, 0x0000000715a00000|  0%| F|  |TAMS 0x0000000715800000| PB 0x0000000715800000| Untracked |  0
|  76|0x0000000715a00000, 0x0000000715a00000, 0x0000000715c00000|  0%| F|  |TAMS 0x0000000715a00000| PB 0x0000000715a00000| Untracked |  0
|  77|0x0000000715c00000, 0x0000000715c00000, 0x0000000715e00000|  0%| F|  |TAMS 0x0000000715c00000| PB 0x0000000715c00000| Untracked |  0
|  78|0x0000000715e00000, 0x0000000715e00000, 0x0000000716000000|  0%| F|  |TAMS 0x0000000715e00000| PB 0x0000000715e00000| Untracked |  0
|  79|0x0000000716000000, 0x0000000716000000, 0x0000000716200000|  0%| F|  |TAMS 0x0000000716000000| PB 0x0000000716000000| Untracked |  0
|  80|0x0000000716200000, 0x0000000716200000, 0x0000000716400000|  0%| F|  |TAMS 0x0000000716200000| PB 0x0000000716200000| Untracked |  0
|  81|0x0000000716400000, 0x0000000716400000, 0x0000000716600000|  0%| F|  |TAMS 0x0000000716400000| PB 0x0000000716400000| Untracked |  0
|  82|0x0000000716600000, 0x0000000716600000, 0x0000000716800000|  0%| F|  |TAMS 0x0000000716600000| PB 0x0000000716600000| Untracked |  0
|  83|0x0000000716800000, 0x0000000716800000, 0x0000000716a00000|  0%| F|  |TAMS 0x0000000716800000| PB 0x0000000716800000| Untracked |  0
|  84|0x0000000716a00000, 0x0000000716a00000, 0x0000000716c00000|  0%| F|  |TAMS 0x0000000716a00000| PB 0x0000000716a00000| Untracked |  0
|  85|0x0000000716c00000, 0x0000000716c00000, 0x0000000716e00000|  0%| F|  |TAMS 0x0000000716c00000| PB 0x0000000716c00000| Untracked |  0
|  86|0x0000000716e00000, 0x0000000716e00000, 0x0000000717000000|  0%| F|  |TAMS 0x0000000716e00000| PB 0x0000000716e00000| Untracked |  0
|  87|0x0000000717000000, 0x0000000717000000, 0x0000000717200000|  0%| F|  |TAMS 0x0000000717000000| PB 0x0000000717000000| Untracked |  0
|  88|0x0000000717200000, 0x0000000717200000, 0x0000000717400000|  0%| F|  |TAMS 0x0000000717200000| PB 0x0000000717200000| Untracked |  0
|  89|0x0000000717400000, 0x0000000717400000, 0x0000000717600000|  0%| F|  |TAMS 0x0000000717400000| PB 0x0000000717400000| Untracked |  0
|  90|0x0000000717600000, 0x0000000717600000, 0x0000000717800000|  0%| F|  |TAMS 0x0000000717600000| PB 0x0000000717600000| Untracked |  0
|  91|0x0000000717800000, 0x0000000717800000, 0x0000000717a00000|  0%| F|  |TAMS 0x0000000717800000| PB 0x0000000717800000| Untracked |  0
|  92|0x0000000717a00000, 0x0000000717a00000, 0x0000000717c00000|  0%| F|  |TAMS 0x0000000717a00000| PB 0x0000000717a00000| Untracked |  0
|  93|0x0000000717c00000, 0x0000000717c00000, 0x0000000717e00000|  0%| F|  |TAMS 0x0000000717c00000| PB 0x0000000717c00000| Untracked |  0
|  94|0x0000000717e00000, 0x0000000717e00000, 0x0000000718000000|  0%| F|  |TAMS 0x0000000717e00000| PB 0x0000000717e00000| Untracked |  0
|  95|0x0000000718000000, 0x0000000718000000, 0x0000000718200000|  0%| F|  |TAMS 0x0000000718000000| PB 0x0000000718000000| Untracked |  0
|  96|0x0000000718200000, 0x0000000718200000, 0x0000000718400000|  0%| F|  |TAMS 0x0000000718200000| PB 0x0000000718200000| Untracked |  0
|  97|0x0000000718400000, 0x0000000718400000, 0x0000000718600000|  0%| F|  |TAMS 0x0000000718400000| PB 0x0000000718400000| Untracked |  0
|  98|0x0000000718600000, 0x0000000718600000, 0x0000000718800000|  0%| F|  |TAMS 0x0000000718600000| PB 0x0000000718600000| Untracked |  0
|  99|0x0000000718800000, 0x0000000718800000, 0x0000000718a00000|  0%| F|  |TAMS 0x0000000718800000| PB 0x0000000718800000| Untracked |  0
| 100|0x0000000718a00000, 0x0000000718a00000, 0x0000000718c00000|  0%| F|  |TAMS 0x0000000718a00000| PB 0x0000000718a00000| Untracked |  0
| 101|0x0000000718c00000, 0x0000000718c00000, 0x0000000718e00000|  0%| F|  |TAMS 0x0000000718c00000| PB 0x0000000718c00000| Untracked |  0
| 102|0x0000000718e00000, 0x0000000718e00000, 0x0000000719000000|  0%| F|  |TAMS 0x0000000718e00000| PB 0x0000000718e00000| Untracked |  0
| 103|0x0000000719000000, 0x0000000719000000, 0x0000000719200000|  0%| F|  |TAMS 0x0000000719000000| PB 0x0000000719000000| Untracked |  0
| 104|0x0000000719200000, 0x0000000719200000, 0x0000000719400000|  0%| F|  |TAMS 0x0000000719200000| PB 0x0000000719200000| Untracked |  0
| 105|0x0000000719400000, 0x0000000719400000, 0x0000000719600000|  0%| F|  |TAMS 0x0000000719400000| PB 0x0000000719400000| Untracked |  0
| 106|0x0000000719600000, 0x0000000719600000, 0x0000000719800000|  0%| F|  |TAMS 0x0000000719600000| PB 0x0000000719600000| Untracked |  0
| 107|0x0000000719800000, 0x0000000719800000, 0x0000000719a00000|  0%| F|  |TAMS 0x0000000719800000| PB 0x0000000719800000| Untracked |  0
| 108|0x0000000719a00000, 0x0000000719a00000, 0x0000000719c00000|  0%| F|  |TAMS 0x0000000719a00000| PB 0x0000000719a00000| Untracked |  0
| 109|0x0000000719c00000, 0x0000000719c00000, 0x0000000719e00000|  0%| F|  |TAMS 0x0000000719c00000| PB 0x0000000719c00000| Untracked |  0
| 110|0x0000000719e00000, 0x0000000719e00000, 0x000000071a000000|  0%| F|  |TAMS 0x0000000719e00000| PB 0x0000000719e00000| Untracked |  0
| 111|0x000000071a000000, 0x000000071a000000, 0x000000071a200000|  0%| F|  |TAMS 0x000000071a000000| PB 0x000000071a000000| Untracked |  0
| 112|0x000000071a200000, 0x000000071a200000, 0x000000071a400000|  0%| F|  |TAMS 0x000000071a200000| PB 0x000000071a200000| Untracked |  0
| 113|0x000000071a400000, 0x000000071a400000, 0x000000071a600000|  0%| F|  |TAMS 0x000000071a400000| PB 0x000000071a400000| Untracked |  0
| 114|0x000000071a600000, 0x000000071a600000, 0x000000071a800000|  0%| F|  |TAMS 0x000000071a600000| PB 0x000000071a600000| Untracked |  0
| 115|0x000000071a800000, 0x000000071a800000, 0x000000071aa00000|  0%| F|  |TAMS 0x000000071a800000| PB 0x000000071a800000| Untracked |  0
| 116|0x000000071aa00000, 0x000000071aa00000, 0x000000071ac00000|  0%| F|  |TAMS 0x000000071aa00000| PB 0x000000071aa00000| Untracked |  0
| 117|0x000000071ac00000, 0x000000071ac00000, 0x000000071ae00000|  0%| F|  |TAMS 0x000000071ac00000| PB 0x000000071ac00000| Untracked |  0
| 118|0x000000071ae00000, 0x000000071ae00000, 0x000000071b000000|  0%| F|  |TAMS 0x000000071ae00000| PB 0x000000071ae00000| Untracked |  0
| 119|0x000000071b000000, 0x000000071b000000, 0x000000071b200000|  0%| F|  |TAMS 0x000000071b000000| PB 0x000000071b000000| Untracked |  0
| 120|0x000000071b200000, 0x000000071b200000, 0x000000071b400000|  0%| F|  |TAMS 0x000000071b200000| PB 0x000000071b200000| Untracked |  0
| 121|0x000000071b400000, 0x000000071b600000, 0x000000071b600000|100%| E|  |TAMS 0x000000071b400000| PB 0x000000071b400000| Complete |  0
|1950|0x00000007ffe00000, 0x00000007fff20fa8, 0x0000000800000000| 56%| O|  |TAMS 0x00000007ffe00000| PB 0x00000007ffe00000| Untracked |  0

Card table byte_map: [0x00007f37ed8ca000,0x00007f37ee069000] _byte_map_base: 0x00007f37ea069000

Marking Bits: (CMBitMap*) 0x00007f37e80839a0
 Bits: [0x00007f37cc708000, 0x00007f37d0400000)

Polling page: 0x00007f37f136d000

Metaspace:
Metaspace        used 134K, committed 320K, reserved 1114112K
 class space     used 8K, committed 128K, reserved 1048576K

Usage:
  Non-class:    125.66 KB used.
      Class:      8.66 KB used.
       Both:    134.33 KB used.

Virtual space:
  Non-class space:       64.00 MB reserved,     192.00 KB ( <1%) committed,  1 nodes.
      Class space:        1.00 GB reserved,     128.00 KB ( <1%) committed,  1 nodes.
             Both:        1.06 GB reserved,     320.00 KB ( <1%) committed. 

Chunk freelists:
   Non-Class:  12.00 MB
       Class:  15.75 MB
        Both:  27.74 MB

MaxMetaspaceSize: unlimited
CompressedClassSpaceSize: 1.00 GB
Initial GC threshold: 21.00 MB
Current GC threshold: 21.00 MB
CDS: on
 - commit_granule_bytes: 65536.
 - commit_granule_words: 8192.
 - virtual_space_node_default_size: 8388608.
 - enlarge_chunks_in_place: 1.
UseCompressedClassPointers 1, UseCompactObjectHeaders 0
Narrow klass pointer bits 32, Max shift 3
Narrow klass base: 0x0000000054000000, Narrow klass shift: 0
Encoding Range: [0x0000000054000000 - 0x0000000154000000), (4294967296 bytes)
Klass Range:    [0x0000000054001000 - 0x0000000095000000), (1090514944 bytes)
Klass ID Range:  [4096 - 1090519033) (1090514937)
Protection zone: [0x0000000054000000 - 0x0000000054001000), (4096 bytes)


Internal statistics:

num_allocs_failed_limit: 0.
num_arena_births: 4.
num_arena_deaths: 0.
num_vsnodes_births: 2.
num_vsnodes_deaths: 0.
num_space_committed: 5.
num_space_uncommitted: 0.
num_chunks_returned_to_freelist: 0.
num_chunks_taken_from_freelist: 4.
num_chunk_merges: 0.
num_chunk_splits: 4.
num_chunks_enlarged: 0.
num_inconsistent_stats: 0.

CodeHeap 'non-profiled nmethods': size=119172Kb used=4Kb max_used=4Kb free=119167Kb
 bounds [0x00007f37d7f9f000, 0x00007f37d820f000, 0x00007f37df400000]
CodeHeap 'profiled nmethods': size=119164Kb used=5Kb max_used=5Kb free=119158Kb
 bounds [0x00007f37d0400000, 0x00007f37d0670000, 0x00007f37d785f000]
CodeHeap 'non-nmethods': size=7424Kb used=1203Kb max_used=1213Kb free=6220Kb
 bounds [0x00007f37d785f000, 0x00007f37d7acf000, 0x00007f37d7f9f000]
CodeCache: size=245760Kb, used=1212Kb, max_used=1222Kb, free=244545Kb
 total_blobs=315, nmethods=11, adapters=210, full_count=0
Compilation: enabled, stopped_count=0, restarted_count=0

Compilation events (16 events):
Event: 0.020 Thread 0x00007f37e8149ad0    1       3       java.lang.Byte::toUnsignedInt (6 bytes)
Event: 0.021 Thread 0x00007f37e8149ad0 nmethod 1 0x00007f37d0400008 code [0x00007f37d0400100, 0x00007f37d04001e8]
Event: 0.021 Thread 0x00007f37e8149ad0    2       3       java.lang.String::hashCode (60 bytes)
Event: 0.021 Thread 0x00007f37e8149ad0 nmethod 2 0x00007f37d0400308 code [0x00007f37d0400400, 0x00007f37d0400808]
Event: 0.021 Thread 0x00007f37e8149ad0    3       3       java.lang.Object::<init> (1 bytes)
Event: 0.021 Thread 0x00007f37e8149ad0 nmethod 3 0x00007f37d0400888 code [0x00007f37d0400980, 0x00007f37d0400a80]
Event: 0.022 Thread 0x00007f37e8149ad0    7       3       java.lang.String::coder (15 bytes)
Event: 0.022 Thread 0x00007f37e8149ad0 nmethod 7 0x00007f37d0400b88 code [0x00007f37d0400c80, 0x00007f37d0400da8]
Event: 11.028 Thread 0x00007f37e8149ad0    8       3       java.lang.String::length (11 bytes)
Event: 11.029 Thread 0x00007f37e8149ad0 nmethod 8 0x00007f37d0400e88 code [0x00007f37d0400f80, 0x00007f37d0401190]
Event: 31.037 Thread 0x00007f37e8149ad0    9       1       java.nio.Buffer::position (5 bytes)
Event: 31.037 Thread 0x00007f37e8149ad0 nmethod 9 0x00007f37d7f9fa88 code [0x00007f37d7f9fb80, 0x00007f37d7f9fc40]
Event: 36.039 Thread 0x00007f37e8149ad0   10       3       java.lang.String::isLatin1 (19 bytes)
Event: 36.040 Thread 0x00007f37e8149ad0 nmethod 10 0x00007f37d0401208 code [0x00007f37d0401300, 0x00007f37d0401460]
Event: 42.042 Thread 0x00007f37e8149ad0   11       1       java.nio.Buffer::limit (5 bytes)
Event: 42.042 Thread 0x00007f37e8149ad0 nmethod 11 0x00007f37d7f9fd88 code [0x00007f37d7f9fe80, 0x00007f37d7f9ff40]

GC Heap Usage History (0 events):
No events

Metaspace Usage History (0 events):
No events

Dll operation events (2 events):
Event: 0.003 Loaded shared library /usr/lib/jvm/java-25-openjdk/lib/libjava.so
Event: 0.021 Loaded shared library /usr/lib/jvm/java-25-openjdk/lib/libsimdsort.so

Deoptimization events (0 events):
No events

Classes loaded (20 events):
Event: 0.022 Loading class jdk/internal/vm/PostVMInitHook
Event: 0.022 Loading class jdk/internal/vm/PostVMInitHook done
Event: 0.022 Loading class jdk/internal/loader/URLClassPath$FileLoader
Event: 0.022 Loading class jdk/internal/loader/URLClassPath$FileLoader done
Event: 0.022 Loading class jdk/internal/loader/URLClassPath$FileLoader$1
Event: 0.022 Loading class jdk/internal/loader/URLClassPath$FileLoader$1 done
Event: 0.023 Loading class java/lang/InterruptedException
Event: 0.023 Loading class java/lang/InterruptedException done
Event: 0.023 Loading class jdk/internal/event/ThreadSleepEvent
Event: 0.023 Loading class jdk/internal/event/Event
Event: 0.023 Loading class jdk/internal/event/Event done
Event: 0.023 Loading class jdk/internal/event/ThreadSleepEvent done
Event: 49.518 Loading class java/lang/Thread$ThreadNumbering
Event: 49.519 Loading class java/lang/Thread$ThreadNumbering done
Event: 49.520 Loading class java/io/BufferedReader
Event: 49.520 Loading class java/io/Reader
Event: 49.520 Loading class java/io/Reader done
Event: 49.520 Loading class java/io/BufferedReader done
Event: 49.521 Loading class java/io/PrintWriter
Event: 49.521 Loading class java/io/PrintWriter done

Classes unloaded (0 events):
No events

Classes redefined (0 events):
No events

Internal exceptions (0 events):
No events

VM Operations (2 events):
Event: 49.519 Executing safepoint VM operation: SetNotifyJvmtiEventsMode
Event: 49.519 Executing safepoint VM operation: SetNotifyJvmtiEventsMode done

Memory protections (12 events):
Event: 0.002 Protecting memory [0x00007f37f0ed3000,0x00007f37f0ed7000] with protection modes 0
Event: 0.010 Protecting memory [0x0000000054000000,0x0000000054001000] with protection modes 0
Event: 0.019 Protecting memory [0x00007f37ec1bd000,0x00007f37ec1c1000] with protection modes 0
Event: 0.019 Protecting memory [0x00007f37ec0bc000,0x00007f37ec0c0000] with protection modes 0
Event: 0.020 Protecting memory [0x00007f37cc100000,0x00007f37cc104000] with protection modes 0
Event: 0.020 Protecting memory [0x00007f37bdf00000,0x00007f37bdf04000] with protection modes 0
Event: 0.020 Protecting memory [0x00007f37bddff000,0x00007f37bde03000] with protection modes 0
Event: 0.020 Protecting memory [0x00007f37bdcfe000,0x00007f37bdd02000] with protection modes 0
Event: 0.020 Protecting memory [0x00007f37bdbfd000,0x00007f37bdc01000] with protection modes 0
Event: 0.022 Protecting memory [0x00007f37bdafc000,0x00007f37bdb00000] with protection modes 0
Event: 0.023 Protecting memory [0x00007f37bd9fb000,0x00007f37bd9ff000] with protection modes 0
Event: 46.913 Protecting memory [0x00007f37bd1fa000,0x00007f37bd1fe000] with protection modes 0

Nmethod flushes (0 events):
No events

Events (11 events):
Event: 0.013 Thread 0x00007f37e8018fe0 Thread added: 0x00007f37e8018fe0
Event: 0.019 Thread 0x00007f37e8018fe0 Thread added: 0x00007f37e8140e00
Event: 0.019 Thread 0x00007f37e8018fe0 Thread added: 0x00007f37e8141e40
Event: 0.019 Thread 0x00007f37e8018fe0 Thread added: 0x00007f37e81431d0
Event: 0.020 Thread 0x00007f37e8018fe0 Thread added: 0x00007f37e81449b0
Event: 0.020 Thread 0x00007f37e8018fe0 Thread added: 0x00007f37e8146240
Event: 0.020 Thread 0x00007f37e8018fe0 Thread added: 0x00007f37e81480d0
Event: 0.020 Thread 0x00007f37e8018fe0 Thread added: 0x00007f37e8149ad0
Event: 0.022 Thread 0x00007f37e8018fe0 Thread added: 0x00007f37e8156650
Event: 0.022 Thread 0x00007f37e8018fe0 Thread added: 0x00007f37e8158bf0
Event: 46.913 Thread 0x00007f377c000c40 Thread added: 0x00007f377c000c40


Dynamic libraries:
54000000-54001000 ---p 00000000 00:00 0 
54001000-54d8c000 rw-p 00001000 103:03 10648480                          /usr/lib/jvm/java-25-openjdk/lib/server/classes.jsa
54d8c000-55000000 ---p 00000000 00:00 0 
55000000-55010000 rw-p 00000000 00:00 0 
55010000-55040000 ---p 00000000 00:00 0 
55040000-55050000 rw-p 00000000 00:00 0 
55050000-95000000 ---p 00000000 00:00 0 
70c200000-71b600000 rw-p 00000000 00:00 0 
71b600000-7ffe00000 ---p 00000000 00:00 0 
7ffe00000-7fff21000 rw-p 00dbf000 103:03 10648480                        /usr/lib/jvm/java-25-openjdk/lib/server/classes.jsa
7fff21000-800000000 rw-p 00000000 00:00 0 
55e40b097000-55e40b098000 r--p 00000000 103:03 10498658                  /usr/lib/jvm/java-25-openjdk/bin/java
55e40b098000-55e40b099000 r-xp 00001000 103:03 10498658                  /usr/lib/jvm/java-25-openjdk/bin/java
55e40b099000-55e40b09a000 r--p 00002000 103:03 10498658                  /usr/lib/jvm/java-25-openjdk/bin/java
55e40b09a000-55e40b09b000 r--p 00002000 103:03 10498658                  /usr/lib/jvm/java-25-openjdk/bin/java
55e40b09b000-55e40b09c000 rw-p 00003000 103:03 10498658                  /usr/lib/jvm/java-25-openjdk/bin/java
55e43bc0d000-55e43bc55000 rw-p 00000000 00:00 0                          [heap]
7f377c000000-7f377c027000 rw-p 00000000 00:00 0 
7f377c027000-7f3780000000 ---p 00000000 00:00 0 
7f3784000000-7f3784021000 rw-p 00000000 00:00 0 
7f3784021000-7f3788000000 ---p 00000000 00:00 0 
7f3788000000-7f3788021000 rw-p 00000000 00:00 0 
7f3788021000-7f378c000000 ---p 00000000 00:00 0 
7f378c000000-7f378c072000 rw-p 00000000 00:00 0 
7f378c072000-7f3790000000 ---p 00000000 00:00 0 
7f3790000000-7f3790034000 rw-p 00000000 00:00 0 
7f3790034000-7f3794000000 ---p 00000000 00:00 0 
7f3794000000-7f3794021000 rw-p 00000000 00:00 0 
7f3794021000-7f3798000000 ---p 00000000 00:00 0 
7f3798000000-7f3798021000 rw-p 00000000 00:00 0 
7f3798021000-7f379c000000 ---p 00000000 00:00 0 
7f379c000000-7f379c020000 rw-p 00000000 00:00 0 
7f379c020000-7f379c400000 ---p 00000000 00:00 0 
7f379c400000-7f379c410000 rw-p 00000000 00:00 0 
7f379c410000-7f37a0000000 ---p 00000000 00:00 0 
7f37a0000000-7f37a0021000 rw-p 00000000 00:00 0 
7f37a0021000-7f37a4000000 ---p 00000000 00:00 0 
7f37a4000000-7f37a4021000 rw-p 00000000 00:00 0 
7f37a4021000-7f37a8000000 ---p 00000000 00:00 0 
7f37a8000000-7f37a8021000 rw-p 00000000 00:00 0 
7f37a8021000-7f37ac000000 ---p 00000000 00:00 0 
7f37ac000000-7f37ac021000 rw-p 00000000 00:00 0 
7f37ac021000-7f37b0000000 ---p 00000000 00:00 0 
7f37b0000000-7f37b0021000 rw-p 00000000 00:00 0 
7f37b0021000-7f37b4000000 ---p 00000000 00:00 0 
7f37b4000000-7f37b4021000 rw-p 00000000 00:00 0 
7f37b4021000-7f37b8000000 ---p 00000000 00:00 0 
7f37b8000000-7f37b8021000 rw-p 00000000 00:00 0 
7f37b8021000-7f37bc000000 ---p 00000000 00:00 0 
7f37bd1f9000-7f37bd1fa000 rw-p 00000000 00:00 0 
7f37bd1fa000-7f37bd1fe000 ---p 00000000 00:00 0 
7f37bd1fe000-7f37bd9fb000 rw-p 00000000 00:00 0 
7f37bd9fb000-7f37bd9ff000 ---p 00000000 00:00 0 
7f37bd9ff000-7f37bdafc000 rw-p 00000000 00:00 0 
7f37bdafc000-7f37bdb00000 ---p 00000000 00:00 0 
7f37bdb00000-7f37bdbfd000 rw-p 00000000 00:00 0 
7f37bdbfd000-7f37bdc01000 ---p 00000000 00:00 0 
7f37bdc01000-7f37bdcfe000 rw-p 00000000 00:00 0 
7f37bdcfe000-7f37bdd02000 ---p 00000000 00:00 0 
7f37bdd02000-7f37bddff000 rw-p 00000000 00:00 0 
7f37bddff000-7f37bde03000 ---p 00000000 00:00 0 
7f37bde03000-7f37bdf00000 rw-p 00000000 00:00 0 
7f37bdf00000-7f37bdf04000 ---p 00000000 00:00 0 
7f37bdf04000-7f37be000000 rw-p 00000000 00:00 0 
7f37be000000-7f37c0021000 rw-p 00000000 00:00 0 
7f37c0021000-7f37c4000000 ---p 00000000 00:00 0 
7f37c4000000-7f37c4021000 rw-p 00000000 00:00 0 
7f37c4021000-7f37c8000000 ---p 00000000 00:00 0 
7f37c8000000-7f37c8021000 rw-p 00000000 00:00 0 
7f37c8021000-7f37cc000000 ---p 00000000 00:00 0 
7f37cc0bb000-7f37cc0bc000 r--p 00000000 103:03 10648467                  /usr/lib/jvm/java-25-openjdk/lib/libsimdsort.so
7f37cc0bc000-7f37cc0f7000 r-xp 00001000 103:03 10648467                  /usr/lib/jvm/java-25-openjdk/lib/libsimdsort.so
7f37cc0f7000-7f37cc0fd000 r--p 0003c000 103:03 10648467                  /usr/lib/jvm/java-25-openjdk/lib/libsimdsort.so
7f37cc0fd000-7f37cc0fe000 r--p 00041000 103:03 10648467                  /usr/lib/jvm/java-25-openjdk/lib/libsimdsort.so
7f37cc0fe000-7f37cc0ff000 rw-p 00042000 103:03 10648467                  /usr/lib/jvm/java-25-openjdk/lib/libsimdsort.so
7f37cc0ff000-7f37cc100000 rw-p 00000000 00:00 0 
7f37cc100000-7f37cc104000 ---p 00000000 00:00 0 
7f37cc104000-7f37cc200000 rw-p 00000000 00:00 0 
7f37cc200000-7f37cc5f6000 r--p 00000000 103:03 10269124                  /usr/lib/locale/locale-archive
7f37cc607000-7f37cc708000 rw-p 00000000 00:00 0 
7f37cc708000-7f37ccad8000 rw-p 00000000 00:00 0 
7f37ccad8000-7f37d03f8000 ---p 00000000 00:00 0 
7f37d03f8000-7f37d0400000 rw-p 00000000 00:00 0 
7f37d0400000-7f37d0670000 rwxp 00000000 00:00 0 
7f37d0670000-7f37d785f000 ---p 00000000 00:00 0 
7f37d785f000-7f37d7acf000 rwxp 00000000 00:00 0 
7f37d7acf000-7f37d7f9f000 ---p 00000000 00:00 0 
7f37d7f9f000-7f37d820f000 rwxp 00000000 00:00 0 
7f37d820f000-7f37df400000 ---p 00000000 00:00 0 
7f37df400000-7f37e7fcd000 r--s 00000000 103:03 10648472                  /usr/lib/jvm/java-25-openjdk/lib/modules
7f37e8000000-7f37e815c000 rw-p 00000000 00:00 0 
7f37e815c000-7f37ec000000 ---p 00000000 00:00 0 
7f37ec03a000-7f37ec0bb000 rw-p 00000000 00:00 0 
7f37ec0bb000-7f37ec0bc000 rw-p 00000000 00:00 0 
7f37ec0bc000-7f37ec0c0000 ---p 00000000 00:00 0 
7f37ec0c0000-7f37ec1bd000 rw-p 00000000 00:00 0 
7f37ec1bd000-7f37ec1c1000 ---p 00000000 00:00 0 
7f37ec1c1000-7f37ec5c0000 rw-p 00000000 00:00 0 
7f37ec5c0000-7f37ed4cf000 rw-p 00000000 00:00 0 
7f37ed4cf000-7f37ed7d2000 rw-p 00000000 00:00 0 
7f37ed7d2000-7f37ed944000 rw-p 00000000 00:00 0 
7f37ed944000-7f37ee068000 ---p 00000000 00:00 0 
7f37ee068000-7f37ee0e3000 rw-p 00000000 00:00 0 
7f37ee0e3000-7f37ee807000 ---p 00000000 00:00 0 
7f37ee807000-7f37ef71c000 rw-p 00000000 00:00 0 
7f37ef71c000-7f37ef800000 ---p 00000000 00:00 0 
7f37ef800000-7f37ef897000 r--p 00000000 103:03 10227832                  /usr/lib/libstdc++.so.6.0.34
7f37ef897000-7f37ef9ec000 r-xp 00097000 103:03 10227832                  /usr/lib/libstdc++.so.6.0.34
7f37ef9ec000-7f37efa7e000 r--p 001ec000 103:03 10227832                  /usr/lib/libstdc++.so.6.0.34
7f37efa7e000-7f37efa8f000 r--p 0027e000 103:03 10227832                  /usr/lib/libstdc++.so.6.0.34
7f37efa8f000-7f37efa90000 rw-p 0028f000 103:03 10227832                  /usr/lib/libstdc++.so.6.0.34
7f37efa90000-7f37efa94000 rw-p 00000000 00:00 0 
7f37efabc000-7f37efb1c000 rw-p 00000000 00:00 0 
7f37efb1c000-7f37efc00000 ---p 00000000 00:00 0 
7f37efc00000-7f37efc0e000 r--p 00000000 103:03 10648485                  /usr/lib/jvm/java-25-openjdk/lib/server/libjvm.so
7f37efc0e000-7f37f0aa1000 r-xp 0000e000 103:03 10648485                  /usr/lib/jvm/java-25-openjdk/lib/server/libjvm.so
7f37f0aa1000-7f37f0cb8000 r--p 00ea1000 103:03 10648485                  /usr/lib/jvm/java-25-openjdk/lib/server/libjvm.so
7f37f0cb8000-7f37f0d9e000 r--p 010b8000 103:03 10648485                  /usr/lib/jvm/java-25-openjdk/lib/server/libjvm.so
7f37f0d9e000-7f37f0dc3000 rw-p 0119e000 103:03 10648485                  /usr/lib/jvm/java-25-openjdk/lib/server/libjvm.so
7f37f0dc3000-7f37f0e3e000 rw-p 00000000 00:00 0 
7f37f0e72000-7f37f0eb3000 rw-p 00000000 00:00 0 
7f37f0eb3000-7f37f0ebd000 r--p 00000000 103:03 10648447                  /usr/lib/jvm/java-25-openjdk/lib/libjava.so
7f37f0ebd000-7f37f0ecb000 r-xp 0000a000 103:03 10648447                  /usr/lib/jvm/java-25-openjdk/lib/libjava.so
7f37f0ecb000-7f37f0ed0000 r--p 00018000 103:03 10648447                  /usr/lib/jvm/java-25-openjdk/lib/libjava.so
7f37f0ed0000-7f37f0ed1000 r--p 0001d000 103:03 10648447                  /usr/lib/jvm/java-25-openjdk/lib/libjava.so
7f37f0ed1000-7f37f0ed2000 rw-p 0001e000 103:03 10648447                  /usr/lib/jvm/java-25-openjdk/lib/libjava.so
7f37f0ed2000-7f37f0ed3000 rw-p 00000000 00:00 0 
7f37f0ed3000-7f37f0ed7000 ---p 00000000 00:00 0 
7f37f0ed7000-7f37f0fd3000 rw-p 00000000 00:00 0 
7f37f0fd3000-7f37f0fd7000 r--p 00000000 103:03 10227800                  /usr/lib/libgcc_s.so.1
7f37f0fd7000-7f37f0ffa000 r-xp 00004000 103:03 10227800                  /usr/lib/libgcc_s.so.1
7f37f0ffa000-7f37f0ffe000 r--p 00027000 103:03 10227800                  /usr/lib/libgcc_s.so.1
7f37f0ffe000-7f37f0fff000 r--p 0002a000 103:03 10227800                  /usr/lib/libgcc_s.so.1
7f37f0fff000-7f37f1000000 rw-p 0002b000 103:03 10227800                  /usr/lib/libgcc_s.so.1
7f37f1000000-7f37f1024000 r--p 00000000 103:03 10226998                  /usr/lib/libc.so.6
7f37f1024000-7f37f1196000 r-xp 00024000 103:03 10226998                  /usr/lib/libc.so.6
7f37f1196000-7f37f1205000 r--p 00196000 103:03 10226998                  /usr/lib/libc.so.6
7f37f1205000-7f37f1209000 r--p 00204000 103:03 10226998                  /usr/lib/libc.so.6
7f37f1209000-7f37f120b000 rw-p 00208000 103:03 10226998                  /usr/lib/libc.so.6
7f37f120b000-7f37f1213000 rw-p 00000000 00:00 0 
7f37f1218000-7f37f121a000 r--p 00000000 103:03 27660196                  /home/lightswisp/Documents/jhook/scripts/libjhook_example.so
7f37f121a000-7f37f121e000 r-xp 00002000 103:03 27660196                  /home/lightswisp/Documents/jhook/scripts/libjhook_example.so
7f37f121e000-7f37f1220000 r--p 00006000 103:03 27660196                  /home/lightswisp/Documents/jhook/scripts/libjhook_example.so
7f37f1220000-7f37f1222000 r--p 00007000 103:03 27660196                  /home/lightswisp/Documents/jhook/scripts/libjhook_example.so
7f37f1222000-7f37f1223000 rw-p 00009000 103:03 27660196                  /home/lightswisp/Documents/jhook/scripts/libjhook_example.so
7f37f1223000-7f37f1228000 rw-p 00000000 00:00 0 
7f37f1228000-7f37f1232000 ---p 00000000 00:00 0 
7f37f1232000-7f37f1241000 r--p 00000000 103:03 10227010                  /usr/lib/libm.so.6
7f37f1241000-7f37f12cc000 r-xp 0000f000 103:03 10227010                  /usr/lib/libm.so.6
7f37f12cc000-7f37f133e000 r--p 0009a000 103:03 10227010                  /usr/lib/libm.so.6
7f37f133e000-7f37f133f000 r--p 0010b000 103:03 10227010                  /usr/lib/libm.so.6
7f37f133f000-7f37f1340000 rw-p 0010c000 103:03 10227010                  /usr/lib/libm.so.6
7f37f1340000-7f37f1343000 rw-p 00000000 00:00 0 
7f37f1343000-7f37f1346000 r--p 00000000 103:03 10231068                  /usr/lib/libz.so.1.3.1
7f37f1346000-7f37f1354000 r-xp 00003000 103:03 10231068                  /usr/lib/libz.so.1.3.1
7f37f1354000-7f37f135a000 r--p 00011000 103:03 10231068                  /usr/lib/libz.so.1.3.1
7f37f135a000-7f37f135b000 r--p 00017000 103:03 10231068                  /usr/lib/libz.so.1.3.1
7f37f135b000-7f37f135c000 rw-p 00018000 103:03 10231068                  /usr/lib/libz.so.1.3.1
7f37f135c000-7f37f1363000 r--s 00000000 103:03 10269125                  /usr/lib/gconv/gconv-modules.cache
7f37f1363000-7f37f1364000 rw-p 00000000 00:00 0 
7f37f1364000-7f37f1365000 rw-p 00000000 00:00 0 
7f37f1365000-7f37f136d000 rw-s 00000000 00:25 13856                      /tmp/hsperfdata_lightswisp/137578
7f37f136d000-7f37f136e000 ---p 00000000 00:00 0 
7f37f136e000-7f37f136f000 r--p 00000000 00:00 0 
7f37f136f000-7f37f1370000 ---p 00000000 00:00 0 
7f37f1370000-7f37f1371000 r--p 00000000 103:03 10648451                  /usr/lib/jvm/java-25-openjdk/lib/libjimage.so
7f37f1371000-7f37f1373000 r-xp 00001000 103:03 10648451                  /usr/lib/jvm/java-25-openjdk/lib/libjimage.so
7f37f1373000-7f37f1374000 r--p 00003000 103:03 10648451                  /usr/lib/jvm/java-25-openjdk/lib/libjimage.so
7f37f1374000-7f37f1375000 r--p 00003000 103:03 10648451                  /usr/lib/jvm/java-25-openjdk/lib/libjimage.so
7f37f1375000-7f37f1376000 rw-p 00004000 103:03 10648451                  /usr/lib/jvm/java-25-openjdk/lib/libjimage.so
7f37f1376000-7f37f1378000 r--p 00000000 103:03 10648452                  /usr/lib/jvm/java-25-openjdk/lib/libjli.so
7f37f1378000-7f37f1382000 r-xp 00002000 103:03 10648452                  /usr/lib/jvm/java-25-openjdk/lib/libjli.so
7f37f1382000-7f37f1385000 r--p 0000c000 103:03 10648452                  /usr/lib/jvm/java-25-openjdk/lib/libjli.so
7f37f1385000-7f37f1386000 r--p 0000e000 103:03 10648452                  /usr/lib/jvm/java-25-openjdk/lib/libjli.so
7f37f1386000-7f37f1387000 rw-p 0000f000 103:03 10648452                  /usr/lib/jvm/java-25-openjdk/lib/libjli.so
7f37f1387000-7f37f1389000 rw-p 00000000 00:00 0 
7f37f1389000-7f37f138d000 r--p 00000000 00:00 0                          [vvar]
7f37f138d000-7f37f138f000 r--p 00000000 00:00 0                          [vvar_vclock]
7f37f138f000-7f37f1391000 r-xp 00000000 00:00 0                          [vdso]
7f37f1391000-7f37f1392000 r--p 00000000 103:03 10226986                  /usr/lib/ld-linux-x86-64.so.2
7f37f1392000-7f37f13bc000 r-xp 00001000 103:03 10226986                  /usr/lib/ld-linux-x86-64.so.2
7f37f13bc000-7f37f13ca000 r--p 0002b000 103:03 10226986                  /usr/lib/ld-linux-x86-64.so.2
7f37f13ca000-7f37f13cc000 r--p 00039000 103:03 10226986                  /usr/lib/ld-linux-x86-64.so.2
7f37f13cc000-7f37f13cd000 rw-p 0003b000 103:03 10226986                  /usr/lib/ld-linux-x86-64.so.2
7f37f13cd000-7f37f13ce000 rw-p 00000000 00:00 0 
7ffc7262c000-7ffc7264d000 rw-p 00000000 00:00 0                          [stack]
ffffffffff600000-ffffffffff601000 --xp 00000000 00:00 0                  [vsyscall]
Total number of mappings: 187

JVMTI agents: none


VM Arguments:
java_command: test
java_class_path (initial): .
Launcher Type: SUN_STANDARD

[Global flags]
     intx CICompilerCount                          = 12                                        {product} {ergonomic}
     uint ConcGCThreads                            = 4                                         {product} {ergonomic}
     uint G1ConcRefinementThreads                  = 15                                        {product} {ergonomic}
   size_t G1HeapRegionSize                         = 2097152                                   {product} {ergonomic}
   size_t InitialHeapSize                          = 255852544                                 {product} {ergonomic}
   size_t MarkStackSize                            = 4194304                                   {product} {ergonomic}
   size_t MarkStackSizeMax                         = 536870912                                 {product} {ergonomic}
   size_t MaxHeapSize                              = 4091543552                                {product} {ergonomic}
   size_t MaxNewSize                               = 2453667840                                {product} {ergonomic}
   size_t MinHeapDeltaBytes                        = 2097152                                   {product} {ergonomic}
   size_t MinHeapSize                              = 8388608                                   {product} {ergonomic}
    uintx NonNMethodCodeHeapSize                   = 7602176                                {pd product} {ergonomic}
    uintx NonProfiledCodeHeapSize                  = 122032128                              {pd product} {ergonomic}
    uintx ProfiledCodeHeapSize                     = 122023936                              {pd product} {ergonomic}
    uintx ReservedCodeCacheSize                    = 251658240                              {pd product} {ergonomic}
     bool SegmentedCodeCache                       = true                                      {product} {ergonomic}
   size_t SoftMaxHeapSize                          = 4091543552                             {manageable} {ergonomic}
     bool UseCompressedOops                        = true                           {product lp64_product} {ergonomic}
     bool UseG1GC                                  = true                                      {product} {ergonomic}

Logging:
Log output configuration:
 #0: stdout all=warning uptime,level,tags foldmultilines=false
 #1: stderr all=off uptime,level,tags foldmultilines=false

Release file:
IMPLEMENTOR="Arch Linux"
JAVA_RUNTIME_VERSION="25.0.1"
JAVA_VERSION="25.0.1"
JAVA_VERSION_DATE="2025-09-16"
LIBC="gnu"
MODULES="java.base java.compiler java.datatransfer java.xml java.prefs java.desktop java.instrument java.logging java.management java.security.sasl java.naming java.rmi java.management.rmi java.net.http java.scripting java.security.jgss java.transaction.xa java.sql java.sql.rowset java.xml.crypto java.se java.smartcardio jdk.accessibility jdk.internal.jvmstat jdk.attach jdk.charsets jdk.internal.opt jdk.zipfs jdk.compiler jdk.crypto.cryptoki jdk.crypto.ec jdk.dynalink jdk.internal.ed jdk.editpad jdk.internal.vm.ci jdk.graal.compiler jdk.graal.compiler.management jdk.hotspot.agent jdk.httpserver jdk.incubator.vector jdk.internal.le jdk.internal.md jdk.jartool jdk.javadoc jdk.jcmd jdk.management jdk.management.agent jdk.jconsole jdk.jdeps jdk.jdwp.agent jdk.jdi jdk.jfr jdk.jlink jdk.jpackage jdk.jshell jdk.jsobject jdk.jstatd jdk.localedata jdk.management.jfr jdk.naming.dns jdk.naming.rmi jdk.net jdk.nio.mapmode jdk.sctp jdk.security.auth jdk.security.jgss jdk.unsupported jdk.unsupported.desktop jdk.xml.dom"
OS_ARCH="x86_64"
OS_NAME="Linux"
SOURCE=""

Environment Variables:
PATH=/usr/local/bin:/usr/bin:/bin:/usr/local/sbin:/usr/lib/jvm/default/bin:/usr/bin/site_perl:/usr/bin/vendor_perl:/usr/bin/core_perl
SHELL=/bin/bash
DISPLAY=:0
LANG=en_US.UTF-8
TERM=xterm-256color

Active Locale:
LC_ALL=en_US.UTF-8
LC_COLLATE=en_US.UTF-8
LC_CTYPE=en_US.UTF-8
LC_MESSAGES=en_US.UTF-8
LC_MONETARY=en_US.UTF-8
LC_NUMERIC=en_US.UTF-8
LC_TIME=en_US.UTF-8

Signal Handlers:
   SIGSEGV: 0x00007f37f09cc8e0 in libjvm.so+14469344, mask=11100100010111111101111111111110, flags=SA_RESTART|SA_SIGINFO, unblocked
    SIGBUS: 0x00007f37f09cc8e0 in libjvm.so+14469344, mask=11100100010111111101111111111110, flags=SA_RESTART|SA_SIGINFO, unblocked
    SIGFPE: 0x00007f37f09cc8e0 in libjvm.so+14469344, mask=11100100010111111101111111111110, flags=SA_RESTART|SA_SIGINFO, unblocked
   SIGPIPE: 0x00007f37f0868e70 in libjvm.so+13012592, mask=11100100010111111101111111111110, flags=SA_RESTART|SA_SIGINFO, blocked
   SIGXFSZ: 0x00007f37f0868e70 in libjvm.so+13012592, mask=11100100010111111101111111111110, flags=SA_RESTART|SA_SIGINFO, blocked
    SIGILL: 0x00007f37f09cc8e0 in libjvm.so+14469344, mask=11100100010111111101111111111110, flags=SA_RESTART|SA_SIGINFO, unblocked
   SIGUSR2: 0x00007f37f086a5d0 in libjvm.so+13018576, mask=00000000000000000000000000000000, flags=SA_RESTART|SA_SIGINFO, blocked
    SIGHUP: 0x00007f37f0855050 in libjvm.so+12931152, mask=11100100010111111101111111111110, flags=SA_RESTART|SA_SIGINFO, blocked
    SIGINT: 0x00007f37f0855050 in libjvm.so+12931152, mask=11100100010111111101111111111110, flags=SA_RESTART|SA_SIGINFO, blocked
   SIGTERM: 0x00007f37f0855050 in libjvm.so+12931152, mask=11100100010111111101111111111110, flags=SA_RESTART|SA_SIGINFO, blocked
   SIGQUIT: 0x00007f37f0855050 in libjvm.so+12931152, mask=11100100010111111101111111111110, flags=SA_RESTART|SA_SIGINFO, blocked
   SIGTRAP: 0x00007f37f09cc8e0 in libjvm.so+14469344, mask=11100100010111111101111111111110, flags=SA_RESTART|SA_SIGINFO, unblocked


Compilation memory statistics disabled.

Periodic native trim disabled

---------------  S Y S T E M  ---------------

OS:
NAME="Arch Linux"
PRETTY_NAME="Arch Linux"
ID=arch
BUILD_ID=rolling
ANSI_COLOR="38;2;23;147;209"
HOME_URL="https://archlinux.org/"
DOCUMENTATION_URL="https://wiki.archlinux.org/"
SUPPORT_URL="https://bbs.archlinux.org/"
BUG_REPORT_URL="https://gitlab.archlinux.org/groups/archlinux/-/issues"
PRIVACY_POLICY_URL="https://terms.archlinux.org/docs/privacy-policy/"
LOGO=archlinux-logo
uname: Linux 6.16.5-arch1-1 #1 SMP PREEMPT_DYNAMIC Thu, 04 Sep 2025 23:18:13 +0000 x86_64
OS uptime: 6 days 14:47 hours
libc: glibc 2.42 NPTL 2.42 
rlimit (soft/hard): STACK 8192k/infinity , CORE infinity/infinity , NPROC 62007/62007 , NOFILE 524288/524288 , AS infinity/infinity , CPU infinity/infinity , DATA infinity/infinity , FSIZE infinity/infinity , MEMLOCK 8192k/8192k
load average: 0.25 0.22 0.24

/proc/meminfo:
MemTotal:       15978148 kB
MemFree:         2209744 kB
MemAvailable:    9838844 kB
Buffers:          460104 kB
Cached:          7755852 kB
SwapCached:            0 kB
Active:          5349144 kB
Inactive:        6468656 kB
Active(anon):    4514864 kB
Inactive(anon):   130312 kB
Active(file):     834280 kB
Inactive(file):  6338344 kB
Unevictable:      589620 kB
Mlocked:              64 kB
SwapTotal:       8388604 kB
SwapFree:        8388528 kB
Zswap:                24 kB
Zswapped:             76 kB
Dirty:               828 kB
Writeback:             0 kB
AnonPages:       4057700 kB
Mapped:           923488 kB
Shmem:           1043524 kB
KReclaimable:     816892 kB
Slab:            1028308 kB
SReclaimable:     816892 kB
SUnreclaim:       211416 kB
KernelStack:       29280 kB
PageTables:        75072 kB
SecPageTables:      2076 kB
NFS_Unstable:          0 kB
Bounce:                0 kB
WritebackTmp:          0 kB
CommitLimit:    16377676 kB
Committed_AS:   42963784 kB
VmallocTotal:   34359738367 kB
VmallocUsed:       76188 kB
VmallocChunk:          0 kB
Percpu:            13728 kB
HardwareCorrupted:     0 kB
AnonHugePages:    167936 kB
ShmemHugePages:   669696 kB
ShmemPmdMapped:        0 kB
FileHugePages:    282624 kB
FilePmdMapped:    215040 kB
CmaTotal:              0 kB
CmaFree:               0 kB
Unaccepted:            0 kB
Balloon:               0 kB
HugePages_Total:       0
HugePages_Free:        0
HugePages_Rsvd:        0
HugePages_Surp:        0
Hugepagesize:       2048 kB
Hugetlb:               0 kB
DirectMap4k:      251468 kB
DirectMap2M:     6699008 kB
DirectMap1G:     9437184 kB

/sys/kernel/mm/transparent_hugepage/enabled: [always] madvise never
/sys/kernel/mm/transparent_hugepage/hpage_pmd_size: 2097152
/sys/kernel/mm/transparent_hugepage/shmem_enabled: always within_size advise [never] deny force
/sys/kernel/mm/transparent_hugepage/defrag (defrag/compaction efforts parameter): always defer defer+madvise [madvise] never

Process Memory:
Virtual Size: 6896292K (peak: 6961792K)
Resident Set Size: 45204K (peak: 45204K) (anon: 21840K, file: 23332K, shmem: 32K)
Swapped out: 0K
C-Heap outstanding allocations: 33905K, retained: 2442K
glibc malloc tunables: (default)

/proc/sys/kernel/threads-max (system-wide limit on the number of threads): 124015
/proc/sys/vm/max_map_count (maximum number of memory map areas a process may have): 1048576
/proc/sys/vm/swappiness (control to define how aggressively the kernel swaps out anonymous memory): 60
/proc/sys/kernel/pid_max (system-wide limit on number of process identifiers): 4194304

container information not found.
Steal ticks since vm start: 0
Steal ticks percentage since vm start:  0.000

CPU: total 20 (initial active 20) (10 cores per cpu, 2 threads per core) family 6 model 186 stepping 2 microcode 0x4129, cx8, cmov, fxsr, ht, mmx, 3dnowpref, sse, sse2, sse3, ssse3, sse4.1, sse4.2, popcnt, lzcnt, tsc, tscinvbit, avx, avx2, aes, erms, clmul, bmi1, bmi2, adx, sha, fma, vzeroupper, clflush, clflushopt, clwb, serialize, rdtscp, rdpid, fsrm, gfni, f16c, pku, ospke, cet_ibt, cet_ss
CPU Model and flags from /proc/cpuinfo:
model name	: 13th Gen Intel(R) Core(TM) i7-13700H
flags		: fpu vme de pse tsc msr pae mce cx8 apic sep mtrr pge mca cmov pat pse36 clflush dts acpi mmx fxsr sse sse2 ss ht tm pbe syscall nx pdpe1gb rdtscp lm constant_tsc art arch_perfmon pebs bts rep_good nopl xtopology nonstop_tsc cpuid aperfmperf tsc_known_freq pni pclmulqdq dtes64 monitor ds_cpl vmx smx est tm2 ssse3 sdbg fma cx16 xtpr pdcm pcid sse4_1 sse4_2 x2apic movbe popcnt tsc_deadline_timer aes xsave avx f16c rdrand lahf_lm abm 3dnowprefetch cpuid_fault epb ssbd ibrs ibpb stibp ibrs_enhanced tpr_shadow flexpriority ept vpid ept_ad fsgsbase tsc_adjust bmi1 avx2 smep bmi2 erms invpcid rdseed adx smap clflushopt clwb intel_pt sha_ni xsaveopt xsavec xgetbv1 xsaves split_lock_detect user_shstk avx_vnni dtherm ida arat pln pts hwp hwp_notify hwp_act_window hwp_epp hwp_pkg_req hfi vnmi umip pku ospke waitpkg gfni vaes vpclmulqdq rdpid movdiri movdir64b fsrm md_clear serialize arch_lbr ibt flush_l1d arch_capabilities

Online cpus: 0-19
Offline cpus: 
BIOS frequency limitation: <Not Available>
Frequency switch latency (ns): 0
Available cpu frequencies: <Not Available>
Current governor: powersave
Core performance/turbo boost: <Not Available>

Memory: 4k page, physical 15978148k(9838844k free), swap 8388604k(8388528k free)
Page Sizes: 4k

vm_info: OpenJDK 64-Bit Server VM (25.0.1) for linux-amd64 JRE (25.0.1), built on 2025-09-17T15:44:16Z with gcc 15.2.1 20250813

END.
