#
# A fatal error has been detected by the Java Runtime Environment:
#
#  SIGSEGV (0xb) at pc=0x00007f9533c80072, pid=138324, tid=138391
#
# JRE version: OpenJDK Runtime Environment (25.0.1) (build 25.0.1)
# Java VM: OpenJDK 64-Bit Server VM (25.0.1, mixed mode, sharing, tiered, compressed oops, compressed class ptrs, g1 gc, linux-amd64)
# Problematic frame:
# C  [libc.so.6+0x80072]  _IO_fclose+0x12
#
# Core dump will be written. Default location: Core dumps may be processed with "/usr/lib/systemd/systemd-coredump %P %u %g %s %t %c %h %d %F" (or dumping to /home/lightswisp/Documents/jhook/src/example/core.138324)
#
# If you would like to submit a bug report, please visit:
#   https://bugreport.java.com/bugreport/crash.jsp
# The crash happened outside the Java Virtual Machine in native code.
# See problematic frame for where to report the bug.
#

---------------  S U M M A R Y ------------

Command Line: test

Host: 13th Gen Intel(R) Core(TM) i7-13700H, 20 cores, 15G, Arch Linux
Time: Wed Oct  1 09:15:19 2025 EDT elapsed time: 31.558802 seconds (0d 0h 0m 31s)

---------------  T H R E A D  ---------------

Current thread (0x00007f94c0000c40):  JavaThread "Thread-0"         [_thread_in_native, id=138391, stack(0x00007f94c7800000,0x00007f94c8000000) (8192K)]

Stack: [0x00007f94c7800000,0x00007f94c8000000],  sp=0x00007f94c7ffbcf0,  free space=8175k
Native frames: (J=compiled Java code, j=interpreted, Vv=VM code, C=native code)
C  [libc.so.6+0x80072]  _IO_fclose+0x12
C  [libjhook_example.so+0x3628]  jhook_resolve_class_dependencies+0x3b8
C  [libjhook_example.so+0x2dbf]  jhook_register+0x6f
C  [libjhook_example.so+0x266e]  __main_thread+0x9e
C  [libc.so.6+0x969cb]

siginfo: si_signo: 11 (SIGSEGV), si_code: 1 (SEGV_MAPERR), si_addr: 0x000000000000000b

Registers:
RAX=0x0000000000000002, RBX=0x000000000000000b, RCX=0x0000000000000838, RDX=0x0000000000000002
RSP=0x00007f94c7ffbcf0, RBP=0x00007f94c7ffbd10, RSI=0x00007f94c7ffde20, RDI=0x000000000000000b
R8 =0x0000000000000000, R9 =0x0000000000000000, R10=0x0000000000000000, R11=0x00007f9533c80060
R12=0x00007f94c7fff6c0, R13=0x00007ffe76bc4220, R14=0x00007f94c7fffce4, R15=0x00007ffe76bc4327
RIP=0x00007f9533c80072, EFLAGS=0x0000000000010206, CSGSFS=0x002b000000000033, ERR=0x0000000000000004
  TRAPNO=0x000000000000000e

XMM[0]=0x0000000000000000 0x00005650f715eac0
XMM[1]=0x00005650f715eac0 0x00005650f715eac0
XMM[2]=0x656d616e5f737361 0x6c63206d305b1b3a
XMM[3]=0x6b6f6f686a206d33 0x335b1b5d4d412039
XMM[4]=0x00000000ff000000 0x0000000000000000
XMM[5]=0x0000000000ffffff 0xffffffffffffffff
XMM[6]=0x0000000000000000 0x0000000000000000
XMM[7]=0x0000000000000000 0x0000000000000000
XMM[8]=0x0000000000000000 0x0000000000000002
XMM[9]=0x0000000000000000 0x0000000000000001
XMM[10]=0x0000000000000001 0x0000000000000001
XMM[11]=0xffffffffffff0000 0x0003000300030003
XMM[12]=0x0000000000000000 0x00ff00fd00fb00f9
XMM[13]=0x0000000000ff00fb 0x0000000000fe00fa
XMM[14]=0x0000000000000000 0x0000000000000000
XMM[15]=0x0000000000000000 0x0000000000000000
  MXCSR=0x00001fa0


Register to memory mapping:

RAX=0x0000000000000002 is an unknown value
RBX=0x000000000000000b is an unknown value
RCX=0x0000000000000838 is an unknown value
RDX=0x0000000000000002 is an unknown value
RSP=0x00007f94c7ffbcf0 is pointing into the stack for thread: 0x00007f94c0000c40
RBP=0x00007f94c7ffbd10 is pointing into the stack for thread: 0x00007f94c0000c40
RSI=0x00007f94c7ffde20 is pointing into the stack for thread: 0x00007f94c0000c40
RDI=0x000000000000000b is an unknown value
R8 =0x0 is null
R9 =0x0 is null
R10=0x0 is null
R11=0x00007f9533c80060: _IO_fclose+0x0000000000000000 in /usr/lib/libc.so.6 at 0x00007f9533c00000
R12=0x00007f94c7fff6c0 is pointing into the stack for thread: 0x00007f94c0000c40
R13=0x00007ffe76bc4220 points into unknown readable memory: 0x00000000003d0f00 | 00 0f 3d 00 00 00 00 00
R14=0x00007f94c7fffce4 is pointing into the stack for thread: 0x00007f94c0000c40
R15=0x00007ffe76bc4327 points into unknown readable memory: 01

Top of Stack: (sp=0x00007f94c7ffbcf0)
0x00007f94c7ffbcf0:   0000000000000008 ffffffff00000000   ................
0x00007f94c7ffbd00:   00007f94c7fff6c0 00007f94c7fff6c0   ................
0x00007f94c7ffbd10:   00007f94c7ffdd90 00007f9533e42628   ........(&.3....
0x00007f94c7ffbd20:   00007f94c7ffc1e0 00007f9533c435bd   .........5.3....
0x00007f94c7ffbd30:   00007f9532d53540 0000000000000002   @5.2............
0x00007f94c7ffbd40:   00007f952c133e20 000000000000000b    >.,............
0x00007f94c7ffbd50:   0000000000000000 0000000000000000   ................
0x00007f94c7ffbd60:   01007f94c7ffbdb0 0000000000000002   ................
0x00007f94c7ffbd70:   00007f94c7ffde20 00007f94c00010e0    ...............
0x00007f94c7ffbd80:   0000000000000000 0000000000000000   ................
0x00007f94c7ffbd90:   000000000000000b 00007f952c117cf0   .........|.,....
0x00007f94c7ffbda0:   00007f94d002f2f0 0000000000000000   ................
0x00007f94c7ffbdb0:   00007f94c7ffbe90 00007f95331d590c   .........Y.3....
0x00007f94c7ffbdc0:   00007f94c7ffbe10 00007f9532bd9540   ........@..2....
0x00007f94c7ffbdd0:   00007f951b98df61 000000011b98df61   a.......a.......
0x00007f94c7ffbde0:   0000000000000000 0000000000000000   ................
0x00007f94c7ffbdf0:   0000000000000002 00007f953345c1cb   ..........E3....
0x00007f94c7ffbe00:   0000000000000001 00007f94c7ffbe50   ........P.......
0x00007f94c7ffbe10:   000000007d4e7d7e 00000030331d590c   ~}N}.....Y.30...
0x00007f94c7ffbe20:   00007f94c7ffbef0 00007f9532c4c1a0   ...........2....
0x00007f94c7ffbe30:   00007f951b98db08 00007f94e001e8a0   ................
0x00007f94c7ffbe40:   00007f94c7ffbf80 00007f95331a2cc0   .........,.3....
0x00007f94c7ffbe50:   000000007d4e7d78 00007f9533184a34   x}N}....4J.3....
0x00007f94c7ffbe60:   0000000000000030 00007f94c7ffc000   0...............
0x00007f94c7ffbe70:   00007f94c0000c40 00007f94c7ffc000   @...............
0x00007f94c7ffbe80:   00007f94c7ffbfc0 00007f95331a2cc0   .........,.3....
0x00007f94c7ffbe90:   0000000000000198 000000071b5ec070   ........p.^.....
0x00007f94c7ffbea0:   00007f94c7ffbf90 00007f94c0000c40   ........@.......
0x00007f94c7ffbeb0:   00007f94c7ffbe98 0000000000000000   ................
0x00007f94c7ffbec0:   0000000000000000 00007f94c0000c40   ........@.......
0x00007f94c7ffbed0:   00007f94c7ffc0c0 000000071b5ebff8   ..........^.....
0x00007f94c7ffbee0:   00007f94c7ffc000 00007f94c0000c40   ........@.......

Instructions: (pc=0x00007f9533c80072)
  0x00007f9533c7ff72:   77 4c 48 89 df ff 15 5b 90 18 00 48 85 c0 74 51
  0x00007f9533c7ff82:   48 8d 14 18 48 89 c6 b9 01 00 00 00 4c 89 e7 e8
  0x00007f9533c7ff92:   ca 01 01 00 b8 01 00 00 00 48 8b 55 e8 64 48 2b
  0x00007f9533c7ffa2:   14 25 28 00 00 00 0f 85 a4 00 00 00 48 81 c4 a0
  0x00007f9533c7ffb2:   00 00 00 5b 41 5c 5d c3 66 0f 1f 44 00 00 bb 00
  0x00007f9533c7ffc2:   20 00 00 48 89 df ff 15 0a 90 18 00 48 85 c0 75
  0x00007f9533c7ffd2:   af b8 ff ff ff ff eb c1 66 0f 1f 44 00 00 48 8b
  0x00007f9533c7ffe2:   85 78 ff ff ff 48 89 c2 48 c1 e8 20 48 c1 ea 08
  0x00007f9533c7fff2:   25 00 f0 ff ff 81 e2 ff 0f 00 00 09 d0 2d 88 00
  0x00007f9533c80002:   00 00 83 f8 07 77 27 48 8b 5d 88 41 81 0c 24 00
  0x00007f9533c80012:   02 00 00 48 8d 43 ff 48 3d fe 1f 00 00 77 9f e9
  0x00007f9533c80022:   4e ff ff ff 66 2e 0f 1f 84 00 00 00 00 00 41 8b
  0x00007f9533c80032:   7c 24 70 e8 a6 ea 08 00 85 c0 75 cb e9 21 ff ff
  0x00007f9533c80042:   ff 0f 1f 44 00 00 e8 43 c3 00 00 e9 ec fe ff ff
  0x00007f9533c80052:   67 e8 68 76 0a 00 0f 1f 84 00 00 00 00 00 f3 0f
  0x00007f9533c80062:   1e fa 55 48 89 e5 41 54 53 48 89 fb 48 83 ec 10
=>0x00007f9533c80072:   44 8b 27 41 f7 c4 00 20 00 00 0f 85 9e 00 00 00
  0x00007f9533c80082:   41 f7 c4 00 80 00 00 0f 84 a6 00 00 00 41 c1 ec
  0x00007f9533c80092:   05 41 83 e4 01 41 f7 dc 48 8b 83 d8 00 00 00 48
  0x00007f9533c800a2:   8d 0d 38 7e 18 00 48 89 c2 48 29 ca 48 81 fa 2f
  0x00007f9533c800b2:   09 00 00 0f 87 15 02 00 00 31 f6 48 89 df ff 50
  0x00007f9533c800c2:   10 44 8b 83 c0 00 00 00 45 85 c0 0f 8f 45 01 00
  0x00007f9533c800d2:   00 48 83 7b 50 00 74 08 48 89 df e8 ee fc 00 00
  0x00007f9533c800e2:   48 3b 1d 1f 8e 18 00 0f 94 c0 48 3b 1d 5d 8d 18
  0x00007f9533c800f2:   00 0f 94 c2 08 d0 75 12 48 3b 1d b7 8c 18 00 74
  0x00007f9533c80102:   09 48 89 df ff 15 1c 8c 18 00 48 83 c4 10 44 89
  0x00007f9533c80112:   e0 5b 41 5c 5d c3 0f 1f 84 00 00 00 00 00 e8 ab
  0x00007f9533c80122:   f7 00 00 44 8b 23 41 f7 c4 00 80 00 00 0f 85 3b
  0x00007f9533c80132:   01 00 00 48 8b bb 88 00 00 00 80 3d bd 0f 19 00
  0x00007f9533c80142:   00 64 4c 8b 24 25 10 00 00 00 48 8b 47 08 0f 85
  0x00007f9533c80152:   8a 00 00 00 49 39 c4 0f 84 61 01 00 00 31 c0 ba
  0x00007f9533c80162:   01 00 00 00 f0 0f b1 17 0f 85 98 01 00 00 48 8b


Stack slot to memory mapping:

stack at sp + 0 slots: 0x0000000000000008 is an unknown value
stack at sp + 1 slots: 0xffffffff00000000 is an unknown value
stack at sp + 2 slots: 0x00007f94c7fff6c0 is pointing into the stack for thread: 0x00007f94c0000c40
stack at sp + 3 slots: 0x00007f94c7fff6c0 is pointing into the stack for thread: 0x00007f94c0000c40
stack at sp + 4 slots: 0x00007f94c7ffdd90 is pointing into the stack for thread: 0x00007f94c0000c40
stack at sp + 5 slots: 0x00007f9533e42628: jhook_resolve_class_dependencies+0x00000000000003b8 in /home/lightswisp/Documents/jhook/scripts/libjhook_example.so at 0x00007f9533e3f000
stack at sp + 6 slots: 0x00007f94c7ffc1e0 is pointing into the stack for thread: 0x00007f94c0000c40
stack at sp + 7 slots: 0x00007f9533c435bd: qsort_r+0x000000000000007d in /usr/lib/libc.so.6 at 0x00007f9533c00000

Lock stack of current Java thread (top to bottom):


---------------  P R O C E S S  ---------------

Threads class SMR info:
_java_thread_list=0x00007f94c0001ec0, length=11, elements={
0x00007f952c018fe0, 0x00007f952c140df0, 0x00007f952c141e30, 0x00007f952c1431c0,
0x00007f952c1449a0, 0x00007f952c146230, 0x00007f952c1480c0, 0x00007f952c149ac0,
0x00007f952c156640, 0x00007f952c158be0, 0x00007f94c0000c40
}

Java Threads: ( => current thread )
  0x00007f952c018fe0 JavaThread "main"                              [_thread_blocked, id=138325, stack(0x00007f9532700000,0x00007f9532800000) (1024K)]
  0x00007f952c140df0 JavaThread "Reference Handler"          daemon [_thread_blocked, id=138337, stack(0x00007f95011f3000,0x00007f95012f3000) (1024K)]
  0x00007f952c141e30 JavaThread "Finalizer"                  daemon [_thread_blocked, id=138338, stack(0x00007f95012f4000,0x00007f95013f4000) (1024K)]
  0x00007f952c1431c0 JavaThread "Signal Dispatcher"          daemon [_thread_blocked, id=138339, stack(0x00007f9500b00000,0x00007f9500c00000) (1024K)]
  0x00007f952c1449a0 JavaThread "Service Thread"             daemon [_thread_blocked, id=138340, stack(0x00007f95009ff000,0x00007f9500aff000) (1024K)]
  0x00007f952c146230 JavaThread "Monitor Deflation Thread"   daemon [_thread_blocked, id=138341, stack(0x00007f95008fe000,0x00007f95009fe000) (1024K)]
  0x00007f952c1480c0 JavaThread "C2 CompilerThread0"         daemon [_thread_blocked, id=138342, stack(0x00007f95007fd000,0x00007f95008fd000) (1024K)]
  0x00007f952c149ac0 JavaThread "C1 CompilerThread0"         daemon [_thread_blocked, id=138343, stack(0x00007f95006fc000,0x00007f95007fc000) (1024K)]
  0x00007f952c156640 JavaThread "Notification Thread"        daemon [_thread_blocked, id=138344, stack(0x00007f95005fb000,0x00007f95006fb000) (1024K)]
  0x00007f952c158be0 JavaThread "Common-Cleaner"             daemon [_thread_blocked, id=138345, stack(0x00007f95004fa000,0x00007f95005fa000) (1024K)]
=>0x00007f94c0000c40 JavaThread "Thread-0"                          [_thread_in_native, id=138391, stack(0x00007f94c7800000,0x00007f94c8000000) (8192K)]
Total: 11

Other Threads:
  0x00007f952c1372c0 VMThread "VM Thread"                           [id=138336, stack(0x00007f95010f2000,0x00007f95011f2000) (1024K)]
  0x00007f952c126a60 WatcherThread "VM Periodic Task Thread"        [id=138335, stack(0x00007f95013f5000,0x00007f95014f5000) (1024K)]
  0x00007f952c082c30 WorkerThread "GC Thread#0"                     [id=138326, stack(0x00007f95301e9000,0x00007f95302e9000) (1024K)]
  0x00007f952c09b2d0 ConcurrentGCThread "G1 Main Marker"            [id=138327, stack(0x00007f95300e8000,0x00007f95301e8000) (1024K)]
  0x00007f952c09c4e0 WorkerThread "G1 Conc#0"                       [id=138328, stack(0x00007f9510608000,0x00007f9510708000) (1024K)]
  0x00007f952c10ed10 ConcurrentGCThread "G1 Refine#0"               [id=138329, stack(0x00007f95015f7000,0x00007f95016f7000) (1024K)]
  0x00007f952c10ff10 ConcurrentGCThread "G1 Service"                [id=138330, stack(0x00007f95014f6000,0x00007f95015f6000) (1024K)]
Total: 7

Threads with active compile tasks:
Total: 0

VM state: not at safepoint (normal execution)

VM Mutex/Monitor currently owned by a thread: None

Heap address: 0x000000070c200000, size: 3902 MB, Compressed Oops mode: Zero based, Oop shift amount: 3

CDS archive(s) mapped at: [0x000000007d000000-0x000000007dd8c000-0x000000007dd8c000), size 14204928, SharedBaseAddress: 0x000000007d000000, ArchiveRelocationMode: 1.
Compressed class space mapped at: 0x000000007e000000-0x00000000be000000, reserved size: 1073741824
UseCompressedClassPointers 1, UseCompactObjectHeaders 0
Narrow klass pointer bits 32, Max shift 3
Narrow klass base: 0x000000007d000000, Narrow klass shift: 0
Encoding Range: [0x000000007d000000 - 0x000000017d000000), (4294967296 bytes)
Klass Range:    [0x000000007d001000 - 0x00000000be000000), (1090514944 bytes)
Klass ID Range:  [4096 - 1090519033) (1090514937)
Protection zone: [0x000000007d000000 - 0x000000007d001000), (4096 bytes)

GC Precious Log:
 CardTable entry size: 512
 Card Set container configuration: InlinePtr #cards 4 size 8 Array Of Cards #cards 16 size 48 Howl #buckets 8 coarsen threshold 3686 Howl Bitmap #cards 512 size 80 coarsen threshold 460 Card regions per heap region 1 cards per card region 4096
 CPUs: 20 total, 20 available
 Memory: 15603M
 Large Page Support: Disabled
 NUMA Support: Disabled
 Compressed Oops: Enabled (Zero based)
 Heap Region Size: 2M
 Heap Min Capacity: 8M
 Heap Initial Capacity: 244M
 Heap Max Capacity: 3902M
 Pre-touch: Disabled
 Parallel Workers: 15
 Concurrent Workers: 4
 Concurrent Refinement Workers: 15
 Periodic GC: Disabled

Heap:
 garbage-first heap   total reserved 3995648K, committed 251904K, used 1155K [0x000000070c200000, 0x0000000800000000)
  region size 2048K, 1 young (2048K), 0 survivors (0K)

Heap Regions: E=young(eden), S=young(survivor), O=old, HS=humongous(starts), HC=humongous(continues), CS=collection set, F=free, TAMS=top-at-mark-start, PB=parsable bottom
|   0|0x000000070c200000, 0x000000070c200000, 0x000000070c400000|  0%| F|  |TAMS 0x000000070c200000| PB 0x000000070c200000| Untracked |  0
|   1|0x000000070c400000, 0x000000070c400000, 0x000000070c600000|  0%| F|  |TAMS 0x000000070c400000| PB 0x000000070c400000| Untracked |  0
|   2|0x000000070c600000, 0x000000070c600000, 0x000000070c800000|  0%| F|  |TAMS 0x000000070c600000| PB 0x000000070c600000| Untracked |  0
|   3|0x000000070c800000, 0x000000070c800000, 0x000000070ca00000|  0%| F|  |TAMS 0x000000070c800000| PB 0x000000070c800000| Untracked |  0
|   4|0x000000070ca00000, 0x000000070ca00000, 0x000000070cc00000|  0%| F|  |TAMS 0x000000070ca00000| PB 0x000000070ca00000| Untracked |  0
|   5|0x000000070cc00000, 0x000000070cc00000, 0x000000070ce00000|  0%| F|  |TAMS 0x000000070cc00000| PB 0x000000070cc00000| Untracked |  0
|   6|0x000000070ce00000, 0x000000070ce00000, 0x000000070d000000|  0%| F|  |TAMS 0x000000070ce00000| PB 0x000000070ce00000| Untracked |  0
|   7|0x000000070d000000, 0x000000070d000000, 0x000000070d200000|  0%| F|  |TAMS 0x000000070d000000| PB 0x000000070d000000| Untracked |  0
|   8|0x000000070d200000, 0x000000070d200000, 0x000000070d400000|  0%| F|  |TAMS 0x000000070d200000| PB 0x000000070d200000| Untracked |  0
|   9|0x000000070d400000, 0x000000070d400000, 0x000000070d600000|  0%| F|  |TAMS 0x000000070d400000| PB 0x000000070d400000| Untracked |  0
|  10|0x000000070d600000, 0x000000070d600000, 0x000000070d800000|  0%| F|  |TAMS 0x000000070d600000| PB 0x000000070d600000| Untracked |  0
|  11|0x000000070d800000, 0x000000070d800000, 0x000000070da00000|  0%| F|  |TAMS 0x000000070d800000| PB 0x000000070d800000| Untracked |  0
|  12|0x000000070da00000, 0x000000070da00000, 0x000000070dc00000|  0%| F|  |TAMS 0x000000070da00000| PB 0x000000070da00000| Untracked |  0
|  13|0x000000070dc00000, 0x000000070dc00000, 0x000000070de00000|  0%| F|  |TAMS 0x000000070dc00000| PB 0x000000070dc00000| Untracked |  0
|  14|0x000000070de00000, 0x000000070de00000, 0x000000070e000000|  0%| F|  |TAMS 0x000000070de00000| PB 0x000000070de00000| Untracked |  0
|  15|0x000000070e000000, 0x000000070e000000, 0x000000070e200000|  0%| F|  |TAMS 0x000000070e000000| PB 0x000000070e000000| Untracked |  0
|  16|0x000000070e200000, 0x000000070e200000, 0x000000070e400000|  0%| F|  |TAMS 0x000000070e200000| PB 0x000000070e200000| Untracked |  0
|  17|0x000000070e400000, 0x000000070e400000, 0x000000070e600000|  0%| F|  |TAMS 0x000000070e400000| PB 0x000000070e400000| Untracked |  0
|  18|0x000000070e600000, 0x000000070e600000, 0x000000070e800000|  0%| F|  |TAMS 0x000000070e600000| PB 0x000000070e600000| Untracked |  0
|  19|0x000000070e800000, 0x000000070e800000, 0x000000070ea00000|  0%| F|  |TAMS 0x000000070e800000| PB 0x000000070e800000| Untracked |  0
|  20|0x000000070ea00000, 0x000000070ea00000, 0x000000070ec00000|  0%| F|  |TAMS 0x000000070ea00000| PB 0x000000070ea00000| Untracked |  0
|  21|0x000000070ec00000, 0x000000070ec00000, 0x000000070ee00000|  0%| F|  |TAMS 0x000000070ec00000| PB 0x000000070ec00000| Untracked |  0
|  22|0x000000070ee00000, 0x000000070ee00000, 0x000000070f000000|  0%| F|  |TAMS 0x000000070ee00000| PB 0x000000070ee00000| Untracked |  0
|  23|0x000000070f000000, 0x000000070f000000, 0x000000070f200000|  0%| F|  |TAMS 0x000000070f000000| PB 0x000000070f000000| Untracked |  0
|  24|0x000000070f200000, 0x000000070f200000, 0x000000070f400000|  0%| F|  |TAMS 0x000000070f200000| PB 0x000000070f200000| Untracked |  0
|  25|0x000000070f400000, 0x000000070f400000, 0x000000070f600000|  0%| F|  |TAMS 0x000000070f400000| PB 0x000000070f400000| Untracked |  0
|  26|0x000000070f600000, 0x000000070f600000, 0x000000070f800000|  0%| F|  |TAMS 0x000000070f600000| PB 0x000000070f600000| Untracked |  0
|  27|0x000000070f800000, 0x000000070f800000, 0x000000070fa00000|  0%| F|  |TAMS 0x000000070f800000| PB 0x000000070f800000| Untracked |  0
|  28|0x000000070fa00000, 0x000000070fa00000, 0x000000070fc00000|  0%| F|  |TAMS 0x000000070fa00000| PB 0x000000070fa00000| Untracked |  0
|  29|0x000000070fc00000, 0x000000070fc00000, 0x000000070fe00000|  0%| F|  |TAMS 0x000000070fc00000| PB 0x000000070fc00000| Untracked |  0
|  30|0x000000070fe00000, 0x000000070fe00000, 0x0000000710000000|  0%| F|  |TAMS 0x000000070fe00000| PB 0x000000070fe00000| Untracked |  0
|  31|0x0000000710000000, 0x0000000710000000, 0x0000000710200000|  0%| F|  |TAMS 0x0000000710000000| PB 0x0000000710000000| Untracked |  0
|  32|0x0000000710200000, 0x0000000710200000, 0x0000000710400000|  0%| F|  |TAMS 0x0000000710200000| PB 0x0000000710200000| Untracked |  0
|  33|0x0000000710400000, 0x0000000710400000, 0x0000000710600000|  0%| F|  |TAMS 0x0000000710400000| PB 0x0000000710400000| Untracked |  0
|  34|0x0000000710600000, 0x0000000710600000, 0x0000000710800000|  0%| F|  |TAMS 0x0000000710600000| PB 0x0000000710600000| Untracked |  0
|  35|0x0000000710800000, 0x0000000710800000, 0x0000000710a00000|  0%| F|  |TAMS 0x0000000710800000| PB 0x0000000710800000| Untracked |  0
|  36|0x0000000710a00000, 0x0000000710a00000, 0x0000000710c00000|  0%| F|  |TAMS 0x0000000710a00000| PB 0x0000000710a00000| Untracked |  0
|  37|0x0000000710c00000, 0x0000000710c00000, 0x0000000710e00000|  0%| F|  |TAMS 0x0000000710c00000| PB 0x0000000710c00000| Untracked |  0
|  38|0x0000000710e00000, 0x0000000710e00000, 0x0000000711000000|  0%| F|  |TAMS 0x0000000710e00000| PB 0x0000000710e00000| Untracked |  0
|  39|0x0000000711000000, 0x0000000711000000, 0x0000000711200000|  0%| F|  |TAMS 0x0000000711000000| PB 0x0000000711000000| Untracked |  0
|  40|0x0000000711200000, 0x0000000711200000, 0x0000000711400000|  0%| F|  |TAMS 0x0000000711200000| PB 0x0000000711200000| Untracked |  0
|  41|0x0000000711400000, 0x0000000711400000, 0x0000000711600000|  0%| F|  |TAMS 0x0000000711400000| PB 0x0000000711400000| Untracked |  0
|  42|0x0000000711600000, 0x0000000711600000, 0x0000000711800000|  0%| F|  |TAMS 0x0000000711600000| PB 0x0000000711600000| Untracked |  0
|  43|0x0000000711800000, 0x0000000711800000, 0x0000000711a00000|  0%| F|  |TAMS 0x0000000711800000| PB 0x0000000711800000| Untracked |  0
|  44|0x0000000711a00000, 0x0000000711a00000, 0x0000000711c00000|  0%| F|  |TAMS 0x0000000711a00000| PB 0x0000000711a00000| Untracked |  0
|  45|0x0000000711c00000, 0x0000000711c00000, 0x0000000711e00000|  0%| F|  |TAMS 0x0000000711c00000| PB 0x0000000711c00000| Untracked |  0
|  46|0x0000000711e00000, 0x0000000711e00000, 0x0000000712000000|  0%| F|  |TAMS 0x0000000711e00000| PB 0x0000000711e00000| Untracked |  0
|  47|0x0000000712000000, 0x0000000712000000, 0x0000000712200000|  0%| F|  |TAMS 0x0000000712000000| PB 0x0000000712000000| Untracked |  0
|  48|0x0000000712200000, 0x0000000712200000, 0x0000000712400000|  0%| F|  |TAMS 0x0000000712200000| PB 0x0000000712200000| Untracked |  0
|  49|0x0000000712400000, 0x0000000712400000, 0x0000000712600000|  0%| F|  |TAMS 0x0000000712400000| PB 0x0000000712400000| Untracked |  0
|  50|0x0000000712600000, 0x0000000712600000, 0x0000000712800000|  0%| F|  |TAMS 0x0000000712600000| PB 0x0000000712600000| Untracked |  0
|  51|0x0000000712800000, 0x0000000712800000, 0x0000000712a00000|  0%| F|  |TAMS 0x0000000712800000| PB 0x0000000712800000| Untracked |  0
|  52|0x0000000712a00000, 0x0000000712a00000, 0x0000000712c00000|  0%| F|  |TAMS 0x0000000712a00000| PB 0x0000000712a00000| Untracked |  0
|  53|0x0000000712c00000, 0x0000000712c00000, 0x0000000712e00000|  0%| F|  |TAMS 0x0000000712c00000| PB 0x0000000712c00000| Untracked |  0
|  54|0x0000000712e00000, 0x0000000712e00000, 0x0000000713000000|  0%| F|  |TAMS 0x0000000712e00000| PB 0x0000000712e00000| Untracked |  0
|  55|0x0000000713000000, 0x0000000713000000, 0x0000000713200000|  0%| F|  |TAMS 0x0000000713000000| PB 0x0000000713000000| Untracked |  0
|  56|0x0000000713200000, 0x0000000713200000, 0x0000000713400000|  0%| F|  |TAMS 0x0000000713200000| PB 0x0000000713200000| Untracked |  0
|  57|0x0000000713400000, 0x0000000713400000, 0x0000000713600000|  0%| F|  |TAMS 0x0000000713400000| PB 0x0000000713400000| Untracked |  0
|  58|0x0000000713600000, 0x0000000713600000, 0x0000000713800000|  0%| F|  |TAMS 0x0000000713600000| PB 0x0000000713600000| Untracked |  0
|  59|0x0000000713800000, 0x0000000713800000, 0x0000000713a00000|  0%| F|  |TAMS 0x0000000713800000| PB 0x0000000713800000| Untracked |  0
|  60|0x0000000713a00000, 0x0000000713a00000, 0x0000000713c00000|  0%| F|  |TAMS 0x0000000713a00000| PB 0x0000000713a00000| Untracked |  0
|  61|0x0000000713c00000, 0x0000000713c00000, 0x0000000713e00000|  0%| F|  |TAMS 0x0000000713c00000| PB 0x0000000713c00000| Untracked |  0
|  62|0x0000000713e00000, 0x0000000713e00000, 0x0000000714000000|  0%| F|  |TAMS 0x0000000713e00000| PB 0x0000000713e00000| Untracked |  0
|  63|0x0000000714000000, 0x0000000714000000, 0x0000000714200000|  0%| F|  |TAMS 0x0000000714000000| PB 0x0000000714000000| Untracked |  0
|  64|0x0000000714200000, 0x0000000714200000, 0x0000000714400000|  0%| F|  |TAMS 0x0000000714200000| PB 0x0000000714200000| Untracked |  0
|  65|0x0000000714400000, 0x0000000714400000, 0x0000000714600000|  0%| F|  |TAMS 0x0000000714400000| PB 0x0000000714400000| Untracked |  0
|  66|0x0000000714600000, 0x0000000714600000, 0x0000000714800000|  0%| F|  |TAMS 0x0000000714600000| PB 0x0000000714600000| Untracked |  0
|  67|0x0000000714800000, 0x0000000714800000, 0x0000000714a00000|  0%| F|  |TAMS 0x0000000714800000| PB 0x0000000714800000| Untracked |  0
|  68|0x0000000714a00000, 0x0000000714a00000, 0x0000000714c00000|  0%| F|  |TAMS 0x0000000714a00000| PB 0x0000000714a00000| Untracked |  0
|  69|0x0000000714c00000, 0x0000000714c00000, 0x0000000714e00000|  0%| F|  |TAMS 0x0000000714c00000| PB 0x0000000714c00000| Untracked |  0
|  70|0x0000000714e00000, 0x0000000714e00000, 0x0000000715000000|  0%| F|  |TAMS 0x0000000714e00000| PB 0x0000000714e00000| Untracked |  0
|  71|0x0000000715000000, 0x0000000715000000, 0x0000000715200000|  0%| F|  |TAMS 0x0000000715000000| PB 0x0000000715000000| Untracked |  0
|  72|0x0000000715200000, 0x0000000715200000, 0x0000000715400000|  0%| F|  |TAMS 0x0000000715200000| PB 0x0000000715200000| Untracked |  0
|  73|0x0000000715400000, 0x0000000715400000, 0x0000000715600000|  0%| F|  |TAMS 0x0000000715400000| PB 0x0000000715400000| Untracked |  0
|  74|0x0000000715600000, 0x0000000715600000, 0x0000000715800000|  0%| F|  |TAMS 0x0000000715600000| PB 0x0000000715600000| Untracked |  0
|  75|0x0000000715800000, 0x0000000715800000, 0x0000000715a00000|  0%| F|  |TAMS 0x0000000715800000| PB 0x0000000715800000| Untracked |  0
|  76|0x0000000715a00000, 0x0000000715a00000, 0x0000000715c00000|  0%| F|  |TAMS 0x0000000715a00000| PB 0x0000000715a00000| Untracked |  0
|  77|0x0000000715c00000, 0x0000000715c00000, 0x0000000715e00000|  0%| F|  |TAMS 0x0000000715c00000| PB 0x0000000715c00000| Untracked |  0
|  78|0x0000000715e00000, 0x0000000715e00000, 0x0000000716000000|  0%| F|  |TAMS 0x0000000715e00000| PB 0x0000000715e00000| Untracked |  0
|  79|0x0000000716000000, 0x0000000716000000, 0x0000000716200000|  0%| F|  |TAMS 0x0000000716000000| PB 0x0000000716000000| Untracked |  0
|  80|0x0000000716200000, 0x0000000716200000, 0x0000000716400000|  0%| F|  |TAMS 0x0000000716200000| PB 0x0000000716200000| Untracked |  0
|  81|0x0000000716400000, 0x0000000716400000, 0x0000000716600000|  0%| F|  |TAMS 0x0000000716400000| PB 0x0000000716400000| Untracked |  0
|  82|0x0000000716600000, 0x0000000716600000, 0x0000000716800000|  0%| F|  |TAMS 0x0000000716600000| PB 0x0000000716600000| Untracked |  0
|  83|0x0000000716800000, 0x0000000716800000, 0x0000000716a00000|  0%| F|  |TAMS 0x0000000716800000| PB 0x0000000716800000| Untracked |  0
|  84|0x0000000716a00000, 0x0000000716a00000, 0x0000000716c00000|  0%| F|  |TAMS 0x0000000716a00000| PB 0x0000000716a00000| Untracked |  0
|  85|0x0000000716c00000, 0x0000000716c00000, 0x0000000716e00000|  0%| F|  |TAMS 0x0000000716c00000| PB 0x0000000716c00000| Untracked |  0
|  86|0x0000000716e00000, 0x0000000716e00000, 0x0000000717000000|  0%| F|  |TAMS 0x0000000716e00000| PB 0x0000000716e00000| Untracked |  0
|  87|0x0000000717000000, 0x0000000717000000, 0x0000000717200000|  0%| F|  |TAMS 0x0000000717000000| PB 0x0000000717000000| Untracked |  0
|  88|0x0000000717200000, 0x0000000717200000, 0x0000000717400000|  0%| F|  |TAMS 0x0000000717200000| PB 0x0000000717200000| Untracked |  0
|  89|0x0000000717400000, 0x0000000717400000, 0x0000000717600000|  0%| F|  |TAMS 0x0000000717400000| PB 0x0000000717400000| Untracked |  0
|  90|0x0000000717600000, 0x0000000717600000, 0x0000000717800000|  0%| F|  |TAMS 0x0000000717600000| PB 0x0000000717600000| Untracked |  0
|  91|0x0000000717800000, 0x0000000717800000, 0x0000000717a00000|  0%| F|  |TAMS 0x0000000717800000| PB 0x0000000717800000| Untracked |  0
|  92|0x0000000717a00000, 0x0000000717a00000, 0x0000000717c00000|  0%| F|  |TAMS 0x0000000717a00000| PB 0x0000000717a00000| Untracked |  0
|  93|0x0000000717c00000, 0x0000000717c00000, 0x0000000717e00000|  0%| F|  |TAMS 0x0000000717c00000| PB 0x0000000717c00000| Untracked |  0
|  94|0x0000000717e00000, 0x0000000717e00000, 0x0000000718000000|  0%| F|  |TAMS 0x0000000717e00000| PB 0x0000000717e00000| Untracked |  0
|  95|0x0000000718000000, 0x0000000718000000, 0x0000000718200000|  0%| F|  |TAMS 0x0000000718000000| PB 0x0000000718000000| Untracked |  0
|  96|0x0000000718200000, 0x0000000718200000, 0x0000000718400000|  0%| F|  |TAMS 0x0000000718200000| PB 0x0000000718200000| Untracked |  0
|  97|0x0000000718400000, 0x0000000718400000, 0x0000000718600000|  0%| F|  |TAMS 0x0000000718400000| PB 0x0000000718400000| Untracked |  0
|  98|0x0000000718600000, 0x0000000718600000, 0x0000000718800000|  0%| F|  |TAMS 0x0000000718600000| PB 0x0000000718600000| Untracked |  0
|  99|0x0000000718800000, 0x0000000718800000, 0x0000000718a00000|  0%| F|  |TAMS 0x0000000718800000| PB 0x0000000718800000| Untracked |  0
| 100|0x0000000718a00000, 0x0000000718a00000, 0x0000000718c00000|  0%| F|  |TAMS 0x0000000718a00000| PB 0x0000000718a00000| Untracked |  0
| 101|0x0000000718c00000, 0x0000000718c00000, 0x0000000718e00000|  0%| F|  |TAMS 0x0000000718c00000| PB 0x0000000718c00000| Untracked |  0
| 102|0x0000000718e00000, 0x0000000718e00000, 0x0000000719000000|  0%| F|  |TAMS 0x0000000718e00000| PB 0x0000000718e00000| Untracked |  0
| 103|0x0000000719000000, 0x0000000719000000, 0x0000000719200000|  0%| F|  |TAMS 0x0000000719000000| PB 0x0000000719000000| Untracked |  0
| 104|0x0000000719200000, 0x0000000719200000, 0x0000000719400000|  0%| F|  |TAMS 0x0000000719200000| PB 0x0000000719200000| Untracked |  0
| 105|0x0000000719400000, 0x0000000719400000, 0x0000000719600000|  0%| F|  |TAMS 0x0000000719400000| PB 0x0000000719400000| Untracked |  0
| 106|0x0000000719600000, 0x0000000719600000, 0x0000000719800000|  0%| F|  |TAMS 0x0000000719600000| PB 0x0000000719600000| Untracked |  0
| 107|0x0000000719800000, 0x0000000719800000, 0x0000000719a00000|  0%| F|  |TAMS 0x0000000719800000| PB 0x0000000719800000| Untracked |  0
| 108|0x0000000719a00000, 0x0000000719a00000, 0x0000000719c00000|  0%| F|  |TAMS 0x0000000719a00000| PB 0x0000000719a00000| Untracked |  0
| 109|0x0000000719c00000, 0x0000000719c00000, 0x0000000719e00000|  0%| F|  |TAMS 0x0000000719c00000| PB 0x0000000719c00000| Untracked |  0
| 110|0x0000000719e00000, 0x0000000719e00000, 0x000000071a000000|  0%| F|  |TAMS 0x0000000719e00000| PB 0x0000000719e00000| Untracked |  0
| 111|0x000000071a000000, 0x000000071a000000, 0x000000071a200000|  0%| F|  |TAMS 0x000000071a000000| PB 0x000000071a000000| Untracked |  0
| 112|0x000000071a200000, 0x000000071a200000, 0x000000071a400000|  0%| F|  |TAMS 0x000000071a200000| PB 0x000000071a200000| Untracked |  0
| 113|0x000000071a400000, 0x000000071a400000, 0x000000071a600000|  0%| F|  |TAMS 0x000000071a400000| PB 0x000000071a400000| Untracked |  0
| 114|0x000000071a600000, 0x000000071a600000, 0x000000071a800000|  0%| F|  |TAMS 0x000000071a600000| PB 0x000000071a600000| Untracked |  0
| 115|0x000000071a800000, 0x000000071a800000, 0x000000071aa00000|  0%| F|  |TAMS 0x000000071a800000| PB 0x000000071a800000| Untracked |  0
| 116|0x000000071aa00000, 0x000000071aa00000, 0x000000071ac00000|  0%| F|  |TAMS 0x000000071aa00000| PB 0x000000071aa00000| Untracked |  0
| 117|0x000000071ac00000, 0x000000071ac00000, 0x000000071ae00000|  0%| F|  |TAMS 0x000000071ac00000| PB 0x000000071ac00000| Untracked |  0
| 118|0x000000071ae00000, 0x000000071ae00000, 0x000000071b000000|  0%| F|  |TAMS 0x000000071ae00000| PB 0x000000071ae00000| Untracked |  0
| 119|0x000000071b000000, 0x000000071b000000, 0x000000071b200000|  0%| F|  |TAMS 0x000000071b000000| PB 0x000000071b000000| Untracked |  0
| 120|0x000000071b200000, 0x000000071b200000, 0x000000071b400000|  0%| F|  |TAMS 0x000000071b200000| PB 0x000000071b200000| Untracked |  0
| 121|0x000000071b400000, 0x000000071b600000, 0x000000071b600000|100%| E|  |TAMS 0x000000071b400000| PB 0x000000071b400000| Complete |  0
|1950|0x00000007ffe00000, 0x00000007fff20fa8, 0x0000000800000000| 56%| O|  |TAMS 0x00000007ffe00000| PB 0x00000007ffe00000| Untracked |  0

Card table byte_map: [0x00007f95303e1000,0x00007f9530b80000] _byte_map_base: 0x00007f952cb80000

Marking Bits: (CMBitMap*) 0x00007f952c083990
 Bits: [0x00007f9510708000, 0x00007f9514400000)

Polling page: 0x00007f9533ed3000

Metaspace:
Metaspace        used 134K, committed 320K, reserved 1114112K
 class space     used 8K, committed 128K, reserved 1048576K

Usage:
  Non-class:    125.34 KB used.
      Class:      8.66 KB used.
       Both:    134.01 KB used.

Virtual space:
  Non-class space:       64.00 MB reserved,     192.00 KB ( <1%) committed,  1 nodes.
      Class space:        1.00 GB reserved,     128.00 KB ( <1%) committed,  1 nodes.
             Both:        1.06 GB reserved,     320.00 KB ( <1%) committed. 

Chunk freelists:
   Non-Class:  12.00 MB
       Class:  15.75 MB
        Both:  27.74 MB

MaxMetaspaceSize: unlimited
CompressedClassSpaceSize: 1.00 GB
Initial GC threshold: 21.00 MB
Current GC threshold: 21.00 MB
CDS: on
 - commit_granule_bytes: 65536.
 - commit_granule_words: 8192.
 - virtual_space_node_default_size: 8388608.
 - enlarge_chunks_in_place: 1.
UseCompressedClassPointers 1, UseCompactObjectHeaders 0
Narrow klass pointer bits 32, Max shift 3
Narrow klass base: 0x000000007d000000, Narrow klass shift: 0
Encoding Range: [0x000000007d000000 - 0x000000017d000000), (4294967296 bytes)
Klass Range:    [0x000000007d001000 - 0x00000000be000000), (1090514944 bytes)
Klass ID Range:  [4096 - 1090519033) (1090514937)
Protection zone: [0x000000007d000000 - 0x000000007d001000), (4096 bytes)


Internal statistics:

num_allocs_failed_limit: 0.
num_arena_births: 4.
num_arena_deaths: 0.
num_vsnodes_births: 2.
num_vsnodes_deaths: 0.
num_space_committed: 5.
num_space_uncommitted: 0.
num_chunks_returned_to_freelist: 0.
num_chunks_taken_from_freelist: 4.
num_chunk_merges: 0.
num_chunk_splits: 4.
num_chunks_enlarged: 0.
num_inconsistent_stats: 0.

CodeHeap 'non-profiled nmethods': size=119172Kb used=2Kb max_used=2Kb free=119169Kb
 bounds [0x00007f951bf9f000, 0x00007f951c20f000, 0x00007f9523400000]
CodeHeap 'profiled nmethods': size=119164Kb used=3Kb max_used=3Kb free=119160Kb
 bounds [0x00007f9514400000, 0x00007f9514670000, 0x00007f951b85f000]
CodeHeap 'non-nmethods': size=7424Kb used=1204Kb max_used=1212Kb free=6220Kb
 bounds [0x00007f951b85f000, 0x00007f951bacf000, 0x00007f951bf9f000]
CodeCache: size=245760Kb, used=1209Kb, max_used=1217Kb, free=244549Kb
 total_blobs=311, nmethods=7, adapters=210, full_count=0
Compilation: enabled, stopped_count=0, restarted_count=0

Compilation events (8 events):
Event: 0.025 Thread 0x00007f952c149ac0    1       3       java.lang.Byte::toUnsignedInt (6 bytes)
Event: 0.025 Thread 0x00007f952c149ac0 nmethod 1 0x00007f9514400008 code [0x00007f9514400100, 0x00007f95144001e8]
Event: 0.025 Thread 0x00007f952c149ac0    2       3       java.lang.String::hashCode (60 bytes)
Event: 0.026 Thread 0x00007f952c149ac0 nmethod 2 0x00007f9514400308 code [0x00007f9514400400, 0x00007f9514400808]
Event: 0.026 Thread 0x00007f952c149ac0    3       3       java.lang.Object::<init> (1 bytes)
Event: 0.027 Thread 0x00007f952c149ac0 nmethod 3 0x00007f9514400888 code [0x00007f9514400980, 0x00007f9514400a80]
Event: 0.029 Thread 0x00007f952c149ac0    7       3       java.lang.String::coder (15 bytes)
Event: 0.029 Thread 0x00007f952c149ac0 nmethod 7 0x00007f9514400b88 code [0x00007f9514400c80, 0x00007f9514400da8]

GC Heap Usage History (0 events):
No events

Metaspace Usage History (0 events):
No events

Dll operation events (2 events):
Event: 0.002 Loaded shared library /usr/lib/jvm/java-25-openjdk/lib/libjava.so
Event: 0.024 Loaded shared library /usr/lib/jvm/java-25-openjdk/lib/libsimdsort.so

Deoptimization events (0 events):
No events

Classes loaded (20 events):
Event: 0.028 Loading class jdk/internal/vm/PostVMInitHook
Event: 0.028 Loading class jdk/internal/vm/PostVMInitHook done
Event: 0.028 Loading class jdk/internal/loader/URLClassPath$FileLoader
Event: 0.028 Loading class jdk/internal/loader/URLClassPath$FileLoader done
Event: 0.029 Loading class jdk/internal/loader/URLClassPath$FileLoader$1
Event: 0.029 Loading class jdk/internal/loader/URLClassPath$FileLoader$1 done
Event: 0.030 Loading class java/lang/InterruptedException
Event: 0.030 Loading class java/lang/InterruptedException done
Event: 0.031 Loading class jdk/internal/event/ThreadSleepEvent
Event: 0.031 Loading class jdk/internal/event/Event
Event: 0.031 Loading class jdk/internal/event/Event done
Event: 0.031 Loading class jdk/internal/event/ThreadSleepEvent done
Event: 1.153 Loading class java/lang/Thread$ThreadNumbering
Event: 1.153 Loading class java/lang/Thread$ThreadNumbering done
Event: 2.132 Loading class java/io/BufferedReader
Event: 2.132 Loading class java/io/Reader
Event: 2.132 Loading class java/io/Reader done
Event: 2.132 Loading class java/io/BufferedReader done
Event: 2.133 Loading class java/io/PrintWriter
Event: 2.133 Loading class java/io/PrintWriter done

Classes unloaded (0 events):
No events

Classes redefined (0 events):
No events

Internal exceptions (0 events):
No events

VM Operations (2 events):
Event: 2.131 Executing safepoint VM operation: SetNotifyJvmtiEventsMode
Event: 2.131 Executing safepoint VM operation: SetNotifyJvmtiEventsMode done

Memory protections (12 events):
Event: 0.002 Protecting memory [0x00007f9532700000,0x00007f9532704000] with protection modes 0
Event: 0.010 Protecting memory [0x000000007d000000,0x000000007d001000] with protection modes 0
Event: 0.022 Protecting memory [0x00007f95011f3000,0x00007f95011f7000] with protection modes 0
Event: 0.022 Protecting memory [0x00007f95012f4000,0x00007f95012f8000] with protection modes 0
Event: 0.022 Protecting memory [0x00007f9500b00000,0x00007f9500b04000] with protection modes 0
Event: 0.022 Protecting memory [0x00007f95009ff000,0x00007f9500a03000] with protection modes 0
Event: 0.022 Protecting memory [0x00007f95008fe000,0x00007f9500902000] with protection modes 0
Event: 0.022 Protecting memory [0x00007f95007fd000,0x00007f9500801000] with protection modes 0
Event: 0.023 Protecting memory [0x00007f95006fc000,0x00007f9500700000] with protection modes 0
Event: 0.028 Protecting memory [0x00007f95005fb000,0x00007f95005ff000] with protection modes 0
Event: 0.029 Protecting memory [0x00007f95004fa000,0x00007f95004fe000] with protection modes 0
Event: 1.153 Protecting memory [0x00007f94c7800000,0x00007f94c7804000] with protection modes 0

Nmethod flushes (0 events):
No events

Events (11 events):
Event: 0.013 Thread 0x00007f952c018fe0 Thread added: 0x00007f952c018fe0
Event: 0.021 Thread 0x00007f952c018fe0 Thread added: 0x00007f952c140df0
Event: 0.022 Thread 0x00007f952c018fe0 Thread added: 0x00007f952c141e30
Event: 0.022 Thread 0x00007f952c018fe0 Thread added: 0x00007f952c1431c0
Event: 0.022 Thread 0x00007f952c018fe0 Thread added: 0x00007f952c1449a0
Event: 0.022 Thread 0x00007f952c018fe0 Thread added: 0x00007f952c146230
Event: 0.022 Thread 0x00007f952c018fe0 Thread added: 0x00007f952c1480c0
Event: 0.023 Thread 0x00007f952c018fe0 Thread added: 0x00007f952c149ac0
Event: 0.028 Thread 0x00007f952c018fe0 Thread added: 0x00007f952c156640
Event: 0.029 Thread 0x00007f952c018fe0 Thread added: 0x00007f952c158be0
Event: 1.153 Thread 0x00007f94c0000c40 Thread added: 0x00007f94c0000c40


Dynamic libraries:
7d000000-7d001000 ---p 00000000 00:00 0 
7d001000-7dd8c000 rw-p 00001000 103:03 10648480                          /usr/lib/jvm/java-25-openjdk/lib/server/classes.jsa
7dd8c000-7e000000 ---p 00000000 00:00 0 
7e000000-7e010000 rw-p 00000000 00:00 0 
7e010000-7e040000 ---p 00000000 00:00 0 
7e040000-7e050000 rw-p 00000000 00:00 0 
7e050000-be000000 ---p 00000000 00:00 0 
70c200000-71b600000 rw-p 00000000 00:00 0 
71b600000-7ffe00000 ---p 00000000 00:00 0 
7ffe00000-7fff21000 rw-p 00dbf000 103:03 10648480                        /usr/lib/jvm/java-25-openjdk/lib/server/classes.jsa
7fff21000-800000000 rw-p 00000000 00:00 0 
5650e9290000-5650e9291000 r--p 00000000 103:03 10498658                  /usr/lib/jvm/java-25-openjdk/bin/java
5650e9291000-5650e9292000 r-xp 00001000 103:03 10498658                  /usr/lib/jvm/java-25-openjdk/bin/java
5650e9292000-5650e9293000 r--p 00002000 103:03 10498658                  /usr/lib/jvm/java-25-openjdk/bin/java
5650e9293000-5650e9294000 r--p 00002000 103:03 10498658                  /usr/lib/jvm/java-25-openjdk/bin/java
5650e9294000-5650e9295000 rw-p 00003000 103:03 10498658                  /usr/lib/jvm/java-25-openjdk/bin/java
5650f7147000-5650f718f000 rw-p 00000000 00:00 0                          [heap]
7f94c0000000-7f94c0024000 rw-p 00000000 00:00 0 
7f94c0024000-7f94c4000000 ---p 00000000 00:00 0 
7f94c77ff000-7f94c7800000 rw-p 00000000 00:00 0 
7f94c7800000-7f94c7804000 ---p 00000000 00:00 0 
7f94c7804000-7f94c8000000 rw-p 00000000 00:00 0 
7f94c8000000-7f94c8021000 rw-p 00000000 00:00 0 
7f94c8021000-7f94cc000000 ---p 00000000 00:00 0 
7f94cc000000-7f94cc021000 rw-p 00000000 00:00 0 
7f94cc021000-7f94d0000000 ---p 00000000 00:00 0 
7f94d0000000-7f94d008a000 rw-p 00000000 00:00 0 
7f94d008a000-7f94d4000000 ---p 00000000 00:00 0 
7f94d4000000-7f94d4021000 rw-p 00000000 00:00 0 
7f94d4021000-7f94d8000000 ---p 00000000 00:00 0 
7f94d8000000-7f94d8021000 rw-p 00000000 00:00 0 
7f94d8021000-7f94dc000000 ---p 00000000 00:00 0 
7f94dc000000-7f94dc021000 rw-p 00000000 00:00 0 
7f94dc021000-7f94e0000000 ---p 00000000 00:00 0 
7f94e0000000-7f94e0020000 rw-p 00000000 00:00 0 
7f94e0020000-7f94e0400000 ---p 00000000 00:00 0 
7f94e0400000-7f94e0410000 rw-p 00000000 00:00 0 
7f94e0410000-7f94e4000000 ---p 00000000 00:00 0 
7f94e4000000-7f94e4021000 rw-p 00000000 00:00 0 
7f94e4021000-7f94e8000000 ---p 00000000 00:00 0 
7f94e8000000-7f94e8021000 rw-p 00000000 00:00 0 
7f94e8021000-7f94ec000000 ---p 00000000 00:00 0 
7f94ec000000-7f94ec021000 rw-p 00000000 00:00 0 
7f94ec021000-7f94f0000000 ---p 00000000 00:00 0 
7f94f0000000-7f94f0021000 rw-p 00000000 00:00 0 
7f94f0021000-7f94f4000000 ---p 00000000 00:00 0 
7f94f4000000-7f94f4021000 rw-p 00000000 00:00 0 
7f94f4021000-7f94f8000000 ---p 00000000 00:00 0 
7f94f8000000-7f94f8021000 rw-p 00000000 00:00 0 
7f94f8021000-7f94fc000000 ---p 00000000 00:00 0 
7f94fc000000-7f94fc021000 rw-p 00000000 00:00 0 
7f94fc021000-7f9500000000 ---p 00000000 00:00 0 
7f95004f9000-7f95004fa000 rw-p 00000000 00:00 0 
7f95004fa000-7f95004fe000 ---p 00000000 00:00 0 
7f95004fe000-7f95005fb000 rw-p 00000000 00:00 0 
7f95005fb000-7f95005ff000 ---p 00000000 00:00 0 
7f95005ff000-7f95006fc000 rw-p 00000000 00:00 0 
7f95006fc000-7f9500700000 ---p 00000000 00:00 0 
7f9500700000-7f95007fd000 rw-p 00000000 00:00 0 
7f95007fd000-7f9500801000 ---p 00000000 00:00 0 
7f9500801000-7f95008fe000 rw-p 00000000 00:00 0 
7f95008fe000-7f9500902000 ---p 00000000 00:00 0 
7f9500902000-7f95009ff000 rw-p 00000000 00:00 0 
7f95009ff000-7f9500a03000 ---p 00000000 00:00 0 
7f9500a03000-7f9500b00000 rw-p 00000000 00:00 0 
7f9500b00000-7f9500b04000 ---p 00000000 00:00 0 
7f9500b04000-7f9500c00000 rw-p 00000000 00:00 0 
7f9500c00000-7f9500ff6000 r--p 00000000 103:03 10269124                  /usr/lib/locale/locale-archive
7f95010f1000-7f95011f3000 rw-p 00000000 00:00 0 
7f95011f3000-7f95011f7000 ---p 00000000 00:00 0 
7f95011f7000-7f95012f4000 rw-p 00000000 00:00 0 
7f95012f4000-7f95012f8000 ---p 00000000 00:00 0 
7f95012f8000-7f95016f7000 rw-p 00000000 00:00 0 
7f95016f7000-7f9504021000 rw-p 00000000 00:00 0 
7f9504021000-7f9508000000 ---p 00000000 00:00 0 
7f9508000000-7f9508021000 rw-p 00000000 00:00 0 
7f9508021000-7f950c000000 ---p 00000000 00:00 0 
7f950c000000-7f950c021000 rw-p 00000000 00:00 0 
7f950c021000-7f9510000000 ---p 00000000 00:00 0 
7f9510001000-7f9510607000 rw-p 00000000 00:00 0 
7f9510607000-7f9510708000 rw-p 00000000 00:00 0 
7f9510708000-7f9510ad8000 rw-p 00000000 00:00 0 
7f9510ad8000-7f95143f8000 ---p 00000000 00:00 0 
7f95143f8000-7f9514400000 rw-p 00000000 00:00 0 
7f9514400000-7f9514670000 rwxp 00000000 00:00 0 
7f9514670000-7f951b85f000 ---p 00000000 00:00 0 
7f951b85f000-7f951bacf000 rwxp 00000000 00:00 0 
7f951bacf000-7f951bf9f000 ---p 00000000 00:00 0 
7f951bf9f000-7f951c20f000 rwxp 00000000 00:00 0 
7f951c20f000-7f9523400000 ---p 00000000 00:00 0 
7f9523400000-7f952bfcd000 r--s 00000000 103:03 10648472                  /usr/lib/jvm/java-25-openjdk/lib/modules
7f952c000000-7f952c15c000 rw-p 00000000 00:00 0 
7f952c15c000-7f9530000000 ---p 00000000 00:00 0 
7f9530066000-7f95300e7000 rw-p 00000000 00:00 0 
7f95300e7000-7f95302e9000 rw-p 00000000 00:00 0 
7f95302e9000-7f953045b000 rw-p 00000000 00:00 0 
7f953045b000-7f9530b7f000 ---p 00000000 00:00 0 
7f9530b7f000-7f9530bfa000 rw-p 00000000 00:00 0 
7f9530bfa000-7f953131e000 ---p 00000000 00:00 0 
7f953131e000-7f9532233000 rw-p 00000000 00:00 0 
7f9532233000-7f9532317000 ---p 00000000 00:00 0 
7f9532317000-7f953231c000 rw-p 00000000 00:00 0 
7f953231c000-7f9532400000 ---p 00000000 00:00 0 
7f9532400000-7f9532497000 r--p 00000000 103:03 10227832                  /usr/lib/libstdc++.so.6.0.34
7f9532497000-7f95325ec000 r-xp 00097000 103:03 10227832                  /usr/lib/libstdc++.so.6.0.34
7f95325ec000-7f953267e000 r--p 001ec000 103:03 10227832                  /usr/lib/libstdc++.so.6.0.34
7f953267e000-7f953268f000 r--p 0027e000 103:03 10227832                  /usr/lib/libstdc++.so.6.0.34
7f953268f000-7f9532690000 rw-p 0028f000 103:03 10227832                  /usr/lib/libstdc++.so.6.0.34
7f9532690000-7f9532694000 rw-p 00000000 00:00 0 
7f95326bc000-7f95326bd000 r--p 00000000 103:03 10648467                  /usr/lib/jvm/java-25-openjdk/lib/libsimdsort.so
7f95326bd000-7f95326f8000 r-xp 00001000 103:03 10648467                  /usr/lib/jvm/java-25-openjdk/lib/libsimdsort.so
7f95326f8000-7f95326fe000 r--p 0003c000 103:03 10648467                  /usr/lib/jvm/java-25-openjdk/lib/libsimdsort.so
7f95326fe000-7f95326ff000 r--p 00041000 103:03 10648467                  /usr/lib/jvm/java-25-openjdk/lib/libsimdsort.so
7f95326ff000-7f9532700000 rw-p 00042000 103:03 10648467                  /usr/lib/jvm/java-25-openjdk/lib/libsimdsort.so
7f9532700000-7f9532704000 ---p 00000000 00:00 0 
7f9532704000-7f9532800000 rw-p 00000000 00:00 0 
7f9532800000-7f953280e000 r--p 00000000 103:03 10648485                  /usr/lib/jvm/java-25-openjdk/lib/server/libjvm.so
7f953280e000-7f95336a1000 r-xp 0000e000 103:03 10648485                  /usr/lib/jvm/java-25-openjdk/lib/server/libjvm.so
7f95336a1000-7f95338b8000 r--p 00ea1000 103:03 10648485                  /usr/lib/jvm/java-25-openjdk/lib/server/libjvm.so
7f95338b8000-7f953399e000 r--p 010b8000 103:03 10648485                  /usr/lib/jvm/java-25-openjdk/lib/server/libjvm.so
7f953399e000-7f95339c3000 rw-p 0119e000 103:03 10648485                  /usr/lib/jvm/java-25-openjdk/lib/server/libjvm.so
7f95339c3000-7f9533a3e000 rw-p 00000000 00:00 0 
7f9533a56000-7f9533af2000 rw-p 00000000 00:00 0 
7f9533af2000-7f9533b01000 r--p 00000000 103:03 10227010                  /usr/lib/libm.so.6
7f9533b01000-7f9533b8c000 r-xp 0000f000 103:03 10227010                  /usr/lib/libm.so.6
7f9533b8c000-7f9533bfe000 r--p 0009a000 103:03 10227010                  /usr/lib/libm.so.6
7f9533bfe000-7f9533bff000 r--p 0010b000 103:03 10227010                  /usr/lib/libm.so.6
7f9533bff000-7f9533c00000 rw-p 0010c000 103:03 10227010                  /usr/lib/libm.so.6
7f9533c00000-7f9533c24000 r--p 00000000 103:03 10226998                  /usr/lib/libc.so.6
7f9533c24000-7f9533d96000 r-xp 00024000 103:03 10226998                  /usr/lib/libc.so.6
7f9533d96000-7f9533e05000 r--p 00196000 103:03 10226998                  /usr/lib/libc.so.6
7f9533e05000-7f9533e09000 r--p 00204000 103:03 10226998                  /usr/lib/libc.so.6
7f9533e09000-7f9533e0b000 rw-p 00208000 103:03 10226998                  /usr/lib/libc.so.6
7f9533e0b000-7f9533e13000 rw-p 00000000 00:00 0 
7f9533e3f000-7f9533e41000 r--p 00000000 103:03 27660196                  /home/lightswisp/Documents/jhook/scripts/libjhook_example.so
7f9533e41000-7f9533e45000 r-xp 00002000 103:03 27660196                  /home/lightswisp/Documents/jhook/scripts/libjhook_example.so
7f9533e45000-7f9533e47000 r--p 00006000 103:03 27660196                  /home/lightswisp/Documents/jhook/scripts/libjhook_example.so
7f9533e47000-7f9533e49000 r--p 00007000 103:03 27660196                  /home/lightswisp/Documents/jhook/scripts/libjhook_example.so
7f9533e49000-7f9533e4a000 rw-p 00009000 103:03 27660196                  /home/lightswisp/Documents/jhook/scripts/libjhook_example.so
7f9533e4a000-7f9533e4f000 rw-p 00000000 00:00 0 
7f9533e4f000-7f9533e59000 ---p 00000000 00:00 0 
7f9533e59000-7f9533e63000 r--p 00000000 103:03 10648447                  /usr/lib/jvm/java-25-openjdk/lib/libjava.so
7f9533e63000-7f9533e71000 r-xp 0000a000 103:03 10648447                  /usr/lib/jvm/java-25-openjdk/lib/libjava.so
7f9533e71000-7f9533e76000 r--p 00018000 103:03 10648447                  /usr/lib/jvm/java-25-openjdk/lib/libjava.so
7f9533e76000-7f9533e77000 r--p 0001d000 103:03 10648447                  /usr/lib/jvm/java-25-openjdk/lib/libjava.so
7f9533e77000-7f9533e78000 rw-p 0001e000 103:03 10648447                  /usr/lib/jvm/java-25-openjdk/lib/libjava.so
7f9533e78000-7f9533e79000 rw-p 00000000 00:00 0 
7f9533e79000-7f9533e7d000 r--p 00000000 103:03 10227800                  /usr/lib/libgcc_s.so.1
7f9533e7d000-7f9533ea0000 r-xp 00004000 103:03 10227800                  /usr/lib/libgcc_s.so.1
7f9533ea0000-7f9533ea4000 r--p 00027000 103:03 10227800                  /usr/lib/libgcc_s.so.1
7f9533ea4000-7f9533ea5000 r--p 0002a000 103:03 10227800                  /usr/lib/libgcc_s.so.1
7f9533ea5000-7f9533ea6000 rw-p 0002b000 103:03 10227800                  /usr/lib/libgcc_s.so.1
7f9533ea6000-7f9533ea9000 rw-p 00000000 00:00 0 
7f9533ea9000-7f9533eac000 r--p 00000000 103:03 10231068                  /usr/lib/libz.so.1.3.1
7f9533eac000-7f9533eba000 r-xp 00003000 103:03 10231068                  /usr/lib/libz.so.1.3.1
7f9533eba000-7f9533ec0000 r--p 00011000 103:03 10231068                  /usr/lib/libz.so.1.3.1
7f9533ec0000-7f9533ec1000 r--p 00017000 103:03 10231068                  /usr/lib/libz.so.1.3.1
7f9533ec1000-7f9533ec2000 rw-p 00018000 103:03 10231068                  /usr/lib/libz.so.1.3.1
7f9533ec2000-7f9533ec9000 r--s 00000000 103:03 10269125                  /usr/lib/gconv/gconv-modules.cache
7f9533ec9000-7f9533eca000 rw-p 00000000 00:00 0 
7f9533eca000-7f9533ecb000 rw-p 00000000 00:00 0 
7f9533ecb000-7f9533ed3000 rw-s 00000000 00:25 13882                      /tmp/hsperfdata_lightswisp/138324
7f9533ed3000-7f9533ed4000 ---p 00000000 00:00 0 
7f9533ed4000-7f9533ed5000 r--p 00000000 00:00 0 
7f9533ed5000-7f9533ed6000 ---p 00000000 00:00 0 
7f9533ed6000-7f9533ed7000 r--p 00000000 103:03 10648451                  /usr/lib/jvm/java-25-openjdk/lib/libjimage.so
7f9533ed7000-7f9533ed9000 r-xp 00001000 103:03 10648451                  /usr/lib/jvm/java-25-openjdk/lib/libjimage.so
7f9533ed9000-7f9533eda000 r--p 00003000 103:03 10648451                  /usr/lib/jvm/java-25-openjdk/lib/libjimage.so
7f9533eda000-7f9533edb000 r--p 00003000 103:03 10648451                  /usr/lib/jvm/java-25-openjdk/lib/libjimage.so
7f9533edb000-7f9533edc000 rw-p 00004000 103:03 10648451                  /usr/lib/jvm/java-25-openjdk/lib/libjimage.so
7f9533edc000-7f9533ede000 r--p 00000000 103:03 10648452                  /usr/lib/jvm/java-25-openjdk/lib/libjli.so
7f9533ede000-7f9533ee8000 r-xp 00002000 103:03 10648452                  /usr/lib/jvm/java-25-openjdk/lib/libjli.so
7f9533ee8000-7f9533eeb000 r--p 0000c000 103:03 10648452                  /usr/lib/jvm/java-25-openjdk/lib/libjli.so
7f9533eeb000-7f9533eec000 r--p 0000e000 103:03 10648452                  /usr/lib/jvm/java-25-openjdk/lib/libjli.so
7f9533eec000-7f9533eed000 rw-p 0000f000 103:03 10648452                  /usr/lib/jvm/java-25-openjdk/lib/libjli.so
7f9533eed000-7f9533eef000 rw-p 00000000 00:00 0 
7f9533eef000-7f9533ef3000 r--p 00000000 00:00 0                          [vvar]
7f9533ef3000-7f9533ef5000 r--p 00000000 00:00 0                          [vvar_vclock]
7f9533ef5000-7f9533ef7000 r-xp 00000000 00:00 0                          [vdso]
7f9533ef7000-7f9533ef8000 r--p 00000000 103:03 10226986                  /usr/lib/ld-linux-x86-64.so.2
7f9533ef8000-7f9533f22000 r-xp 00001000 103:03 10226986                  /usr/lib/ld-linux-x86-64.so.2
7f9533f22000-7f9533f30000 r--p 0002b000 103:03 10226986                  /usr/lib/ld-linux-x86-64.so.2
7f9533f30000-7f9533f32000 r--p 00039000 103:03 10226986                  /usr/lib/ld-linux-x86-64.so.2
7f9533f32000-7f9533f33000 rw-p 0003b000 103:03 10226986                  /usr/lib/ld-linux-x86-64.so.2
7f9533f33000-7f9533f34000 rw-p 00000000 00:00 0 
7ffe76bab000-7ffe76bcc000 rw-p 00000000 00:00 0                          [stack]
ffffffffff600000-ffffffffff601000 --xp 00000000 00:00 0                  [vsyscall]
Total number of mappings: 187

JVMTI agents: none


VM Arguments:
java_command: test
java_class_path (initial): .
Launcher Type: SUN_STANDARD

[Global flags]
     intx CICompilerCount                          = 12                                        {product} {ergonomic}
     uint ConcGCThreads                            = 4                                         {product} {ergonomic}
     uint G1ConcRefinementThreads                  = 15                                        {product} {ergonomic}
   size_t G1HeapRegionSize                         = 2097152                                   {product} {ergonomic}
   size_t InitialHeapSize                          = 255852544                                 {product} {ergonomic}
   size_t MarkStackSize                            = 4194304                                   {product} {ergonomic}
   size_t MarkStackSizeMax                         = 536870912                                 {product} {ergonomic}
   size_t MaxHeapSize                              = 4091543552                                {product} {ergonomic}
   size_t MaxNewSize                               = 2453667840                                {product} {ergonomic}
   size_t MinHeapDeltaBytes                        = 2097152                                   {product} {ergonomic}
   size_t MinHeapSize                              = 8388608                                   {product} {ergonomic}
    uintx NonNMethodCodeHeapSize                   = 7602176                                {pd product} {ergonomic}
    uintx NonProfiledCodeHeapSize                  = 122032128                              {pd product} {ergonomic}
    uintx ProfiledCodeHeapSize                     = 122023936                              {pd product} {ergonomic}
    uintx ReservedCodeCacheSize                    = 251658240                              {pd product} {ergonomic}
     bool SegmentedCodeCache                       = true                                      {product} {ergonomic}
   size_t SoftMaxHeapSize                          = 4091543552                             {manageable} {ergonomic}
     bool UseCompressedOops                        = true                           {product lp64_product} {ergonomic}
     bool UseG1GC                                  = true                                      {product} {ergonomic}

Logging:
Log output configuration:
 #0: stdout all=warning uptime,level,tags foldmultilines=false
 #1: stderr all=off uptime,level,tags foldmultilines=false

Release file:
IMPLEMENTOR="Arch Linux"
JAVA_RUNTIME_VERSION="25.0.1"
JAVA_VERSION="25.0.1"
JAVA_VERSION_DATE="2025-09-16"
LIBC="gnu"
MODULES="java.base java.compiler java.datatransfer java.xml java.prefs java.desktop java.instrument java.logging java.management java.security.sasl java.naming java.rmi java.management.rmi java.net.http java.scripting java.security.jgss java.transaction.xa java.sql java.sql.rowset java.xml.crypto java.se java.smartcardio jdk.accessibility jdk.internal.jvmstat jdk.attach jdk.charsets jdk.internal.opt jdk.zipfs jdk.compiler jdk.crypto.cryptoki jdk.crypto.ec jdk.dynalink jdk.internal.ed jdk.editpad jdk.internal.vm.ci jdk.graal.compiler jdk.graal.compiler.management jdk.hotspot.agent jdk.httpserver jdk.incubator.vector jdk.internal.le jdk.internal.md jdk.jartool jdk.javadoc jdk.jcmd jdk.management jdk.management.agent jdk.jconsole jdk.jdeps jdk.jdwp.agent jdk.jdi jdk.jfr jdk.jlink jdk.jpackage jdk.jshell jdk.jsobject jdk.jstatd jdk.localedata jdk.management.jfr jdk.naming.dns jdk.naming.rmi jdk.net jdk.nio.mapmode jdk.sctp jdk.security.auth jdk.security.jgss jdk.unsupported jdk.unsupported.desktop jdk.xml.dom"
OS_ARCH="x86_64"
OS_NAME="Linux"
SOURCE=""

Environment Variables:
PATH=/usr/local/bin:/usr/bin:/bin:/usr/local/sbin:/usr/lib/jvm/default/bin:/usr/bin/site_perl:/usr/bin/vendor_perl:/usr/bin/core_perl
SHELL=/bin/bash
DISPLAY=:0
LANG=en_US.UTF-8
TERM=xterm-256color

Active Locale:
LC_ALL=en_US.UTF-8
LC_COLLATE=en_US.UTF-8
LC_CTYPE=en_US.UTF-8
LC_MESSAGES=en_US.UTF-8
LC_MONETARY=en_US.UTF-8
LC_NUMERIC=en_US.UTF-8
LC_TIME=en_US.UTF-8

Signal Handlers:
   SIGSEGV: 0x00007f95335cc8e0 in libjvm.so+14469344, mask=11100100010111111101111111111110, flags=SA_RESTART|SA_SIGINFO, unblocked
    SIGBUS: 0x00007f95335cc8e0 in libjvm.so+14469344, mask=11100100010111111101111111111110, flags=SA_RESTART|SA_SIGINFO, unblocked
    SIGFPE: 0x00007f95335cc8e0 in libjvm.so+14469344, mask=11100100010111111101111111111110, flags=SA_RESTART|SA_SIGINFO, unblocked
   SIGPIPE: 0x00007f9533468e70 in libjvm.so+13012592, mask=11100100010111111101111111111110, flags=SA_RESTART|SA_SIGINFO, blocked
   SIGXFSZ: 0x00007f9533468e70 in libjvm.so+13012592, mask=11100100010111111101111111111110, flags=SA_RESTART|SA_SIGINFO, blocked
    SIGILL: 0x00007f95335cc8e0 in libjvm.so+14469344, mask=11100100010111111101111111111110, flags=SA_RESTART|SA_SIGINFO, unblocked
   SIGUSR2: 0x00007f953346a5d0 in libjvm.so+13018576, mask=00000000000000000000000000000000, flags=SA_RESTART|SA_SIGINFO, blocked
    SIGHUP: 0x00007f9533455050 in libjvm.so+12931152, mask=11100100010111111101111111111110, flags=SA_RESTART|SA_SIGINFO, blocked
    SIGINT: 0x00007f9533455050 in libjvm.so+12931152, mask=11100100010111111101111111111110, flags=SA_RESTART|SA_SIGINFO, blocked
   SIGTERM: 0x00007f9533455050 in libjvm.so+12931152, mask=11100100010111111101111111111110, flags=SA_RESTART|SA_SIGINFO, blocked
   SIGQUIT: 0x00007f9533455050 in libjvm.so+12931152, mask=11100100010111111101111111111110, flags=SA_RESTART|SA_SIGINFO, blocked
   SIGTRAP: 0x00007f95335cc8e0 in libjvm.so+14469344, mask=11100100010111111101111111111110, flags=SA_RESTART|SA_SIGINFO, unblocked


Compilation memory statistics disabled.

Periodic native trim disabled

---------------  S Y S T E M  ---------------

OS:
NAME="Arch Linux"
PRETTY_NAME="Arch Linux"
ID=arch
BUILD_ID=rolling
ANSI_COLOR="38;2;23;147;209"
HOME_URL="https://archlinux.org/"
DOCUMENTATION_URL="https://wiki.archlinux.org/"
SUPPORT_URL="https://bbs.archlinux.org/"
BUG_REPORT_URL="https://gitlab.archlinux.org/groups/archlinux/-/issues"
PRIVACY_POLICY_URL="https://terms.archlinux.org/docs/privacy-policy/"
LOGO=archlinux-logo
uname: Linux 6.16.5-arch1-1 #1 SMP PREEMPT_DYNAMIC Thu, 04 Sep 2025 23:18:13 +0000 x86_64
OS uptime: 6 days 14:52 hours
libc: glibc 2.42 NPTL 2.42 
rlimit (soft/hard): STACK 8192k/infinity , CORE infinity/infinity , NPROC 62007/62007 , NOFILE 524288/524288 , AS infinity/infinity , CPU infinity/infinity , DATA infinity/infinity , FSIZE infinity/infinity , MEMLOCK 8192k/8192k
load average: 0.15 0.24 0.25

/proc/meminfo:
MemTotal:       15978148 kB
MemFree:         2333164 kB
MemAvailable:   10015248 kB
Buffers:          460612 kB
Cached:          7765524 kB
SwapCached:            0 kB
Active:          5230244 kB
Inactive:        6516276 kB
Active(anon):    4392388 kB
Inactive(anon):   129976 kB
Active(file):     837856 kB
Inactive(file):  6386300 kB
Unevictable:      554864 kB
Mlocked:              64 kB
SwapTotal:       8388604 kB
SwapFree:        8388528 kB
Zswap:                24 kB
Zswapped:             76 kB
Dirty:              1844 kB
Writeback:             0 kB
AnonPages:       3968456 kB
Mapped:           919692 kB
Shmem:           1002180 kB
KReclaimable:     818344 kB
Slab:            1030176 kB
SReclaimable:     818344 kB
SUnreclaim:       211832 kB
KernelStack:       28432 kB
PageTables:        73224 kB
SecPageTables:      2076 kB
NFS_Unstable:          0 kB
Bounce:                0 kB
WritebackTmp:          0 kB
CommitLimit:    16377676 kB
Committed_AS:   41679860 kB
VmallocTotal:   34359738367 kB
VmallocUsed:       75420 kB
VmallocChunk:          0 kB
Percpu:            13728 kB
HardwareCorrupted:     0 kB
AnonHugePages:    161792 kB
ShmemHugePages:   634880 kB
ShmemPmdMapped:        0 kB
FileHugePages:    282624 kB
FilePmdMapped:    215040 kB
CmaTotal:              0 kB
CmaFree:               0 kB
Unaccepted:            0 kB
Balloon:               0 kB
HugePages_Total:       0
HugePages_Free:        0
HugePages_Rsvd:        0
HugePages_Surp:        0
Hugepagesize:       2048 kB
Hugetlb:               0 kB
DirectMap4k:      251468 kB
DirectMap2M:     6699008 kB
DirectMap1G:     9437184 kB

/sys/kernel/mm/transparent_hugepage/enabled: [always] madvise never
/sys/kernel/mm/transparent_hugepage/hpage_pmd_size: 2097152
/sys/kernel/mm/transparent_hugepage/shmem_enabled: always within_size advise [never] deny force
/sys/kernel/mm/transparent_hugepage/defrag (defrag/compaction efforts parameter): always defer defer+madvise [madvise] never

Process Memory:
Virtual Size: 6896292K (peak: 6961792K)
Resident Set Size: 45264K (peak: 45264K) (anon: 21848K, file: 23384K, shmem: 32K)
Swapped out: 0K
C-Heap outstanding allocations: 33901K, retained: 2462K
glibc malloc tunables: (default)

/proc/sys/kernel/threads-max (system-wide limit on the number of threads): 124015
/proc/sys/vm/max_map_count (maximum number of memory map areas a process may have): 1048576
/proc/sys/vm/swappiness (control to define how aggressively the kernel swaps out anonymous memory): 60
/proc/sys/kernel/pid_max (system-wide limit on number of process identifiers): 4194304

container information not found.
Steal ticks since vm start: 0
Steal ticks percentage since vm start:  0.000

CPU: total 20 (initial active 20) (20 cores per cpu, 1 threads per core) family 6 model 186 stepping 2 microcode 0x4129, cx8, cmov, fxsr, mmx, 3dnowpref, sse, sse2, sse3, ssse3, sse4.1, sse4.2, popcnt, lzcnt, tsc, tscinvbit, avx, avx2, aes, erms, clmul, bmi1, bmi2, adx, sha, fma, vzeroupper, clflush, clflushopt, clwb, serialize, rdtscp, rdpid, fsrm, gfni, f16c, pku, ospke, cet_ibt, cet_ss
CPU Model and flags from /proc/cpuinfo:
model name	: 13th Gen Intel(R) Core(TM) i7-13700H
flags		: fpu vme de pse tsc msr pae mce cx8 apic sep mtrr pge mca cmov pat pse36 clflush dts acpi mmx fxsr sse sse2 ss ht tm pbe syscall nx pdpe1gb rdtscp lm constant_tsc art arch_perfmon pebs bts rep_good nopl xtopology nonstop_tsc cpuid aperfmperf tsc_known_freq pni pclmulqdq dtes64 monitor ds_cpl vmx smx est tm2 ssse3 sdbg fma cx16 xtpr pdcm pcid sse4_1 sse4_2 x2apic movbe popcnt tsc_deadline_timer aes xsave avx f16c rdrand lahf_lm abm 3dnowprefetch cpuid_fault epb ssbd ibrs ibpb stibp ibrs_enhanced tpr_shadow flexpriority ept vpid ept_ad fsgsbase tsc_adjust bmi1 avx2 smep bmi2 erms invpcid rdseed adx smap clflushopt clwb intel_pt sha_ni xsaveopt xsavec xgetbv1 xsaves split_lock_detect user_shstk avx_vnni dtherm ida arat pln pts hwp hwp_notify hwp_act_window hwp_epp hwp_pkg_req hfi vnmi umip pku ospke waitpkg gfni vaes vpclmulqdq rdpid movdiri movdir64b fsrm md_clear serialize arch_lbr ibt flush_l1d arch_capabilities

Online cpus: 0-19
Offline cpus: 
BIOS frequency limitation: <Not Available>
Frequency switch latency (ns): 0
Available cpu frequencies: <Not Available>
Current governor: powersave
Core performance/turbo boost: <Not Available>

Memory: 4k page, physical 15978148k(10014736k free), swap 8388604k(8388528k free)
Page Sizes: 4k

vm_info: OpenJDK 64-Bit Server VM (25.0.1) for linux-amd64 JRE (25.0.1), built on 2025-09-17T15:44:16Z with gcc 15.2.1 20250813

END.
