#
# A fatal error has been detected by the Java Runtime Environment:
#
#  SIGSEGV (0xb) at pc=0x00007f2b24880072, pid=137854, tid=137925
#
# JRE version: OpenJDK Runtime Environment (25.0.1) (build 25.0.1)
# Java VM: OpenJDK 64-Bit Server VM (25.0.1, mixed mode, sharing, tiered, compressed oops, compressed class ptrs, g1 gc, linux-amd64)
# Problematic frame:
# C  [libc.so.6+0x80072]  _IO_fclose+0x12
#
# Core dump will be written. Default location: Core dumps may be processed with "/usr/lib/systemd/systemd-coredump %P %u %g %s %t %c %h %d %F" (or dumping to /home/lightswisp/Documents/jhook/src/example/core.137854)
#
# If you would like to submit a bug report, please visit:
#   https://bugreport.java.com/bugreport/crash.jsp
# The crash happened outside the Java Virtual Machine in native code.
# See problematic frame for where to report the bug.
#

---------------  S U M M A R Y ------------

Command Line: test

Host: 13th Gen Intel(R) Core(TM) i7-13700H, 20 cores, 15G, Arch Linux
Time: Wed Oct  1 09:11:27 2025 EDT elapsed time: 21.754848 seconds (0d 0h 0m 21s)

---------------  T H R E A D  ---------------

Current thread (0x00007f2ab0000c40):  JavaThread "Thread-0"         [_thread_in_native, id=137925, stack(0x00007f2af09fa000,0x00007f2af11fa000) (8192K)]

Stack: [0x00007f2af09fa000,0x00007f2af11fa000],  sp=0x00007f2af11f5cf0,  free space=8175k
Native frames: (J=compiled Java code, j=interpreted, Vv=VM code, C=native code)
C  [libc.so.6+0x80072]  _IO_fclose+0x12
C  [libjhook_example.so+0x3627]  jhook_resolve_class_dependencies+0x3b7
C  [libjhook_example.so+0x2dbf]  jhook_register+0x6f
C  [libjhook_example.so+0x266e]  __main_thread+0x9e
C  [libc.so.6+0x969cb]

siginfo: si_signo: 11 (SIGSEGV), si_code: 1 (SEGV_MAPERR), si_addr: 0x000000000000000b

Registers:
RAX=0x0000000000000002, RBX=0x000000000000000b, RCX=0x0000000000000838, RDX=0x0000000000000002
RSP=0x00007f2af11f5cf0, RBP=0x00007f2af11f5d10, RSI=0x00007f2af11f7e20, RDI=0x000000000000000b
R8 =0x0000000000000000, R9 =0x0000000000000000, R10=0x0000000000000000, R11=0x00007f2b24880060
R12=0x00007f2af11f96c0, R13=0x00007ffc123a74a0, R14=0x00007f2af11f9ce4, R15=0x00007ffc123a75a7
RIP=0x00007f2b24880072, EFLAGS=0x0000000000010206, CSGSFS=0x002b000000000033, ERR=0x0000000000000004
  TRAPNO=0x000000000000000e

XMM[0]=0x0000000000000000 0x000055ef4fab1ac0
XMM[1]=0x000055ef4fab1ac0 0x000055ef4fab1ac0
XMM[2]=0x656d616e5f737361 0x6c63206d305b1b3a
XMM[3]=0x6b6f6f686a206d33 0x335b1b5d4d412037
XMM[4]=0x00000000ff000000 0x0000000000000000
XMM[5]=0x0000000000ffffff 0xffffffffffffffff
XMM[6]=0x0000000000000000 0x0000000000000000
XMM[7]=0x0000000000000000 0x0000000000000000
XMM[8]=0x0000000000000000 0x0000000000000002
XMM[9]=0x0000000000000000 0x0000000000000001
XMM[10]=0x0000000000000001 0x0000000000000001
XMM[11]=0xffffffffffff0000 0x0003000300030003
XMM[12]=0x0000000000000000 0x00ff00fd00fb00f9
XMM[13]=0x0000000000ff00fb 0x0000000000fe00fa
XMM[14]=0x0000000000000000 0x0000000000000000
XMM[15]=0x0000000000000000 0x0000000000000000
  MXCSR=0x00001fa0


Register to memory mapping:

RAX=0x0000000000000002 is an unknown value
RBX=0x000000000000000b is an unknown value
RCX=0x0000000000000838 is an unknown value
RDX=0x0000000000000002 is an unknown value
RSP=0x00007f2af11f5cf0 is pointing into the stack for thread: 0x00007f2ab0000c40
RBP=0x00007f2af11f5d10 is pointing into the stack for thread: 0x00007f2ab0000c40
RSI=0x00007f2af11f7e20 is pointing into the stack for thread: 0x00007f2ab0000c40
RDI=0x000000000000000b is an unknown value
R8 =0x0 is null
R9 =0x0 is null
R10=0x0 is null
R11=0x00007f2b24880060: _IO_fclose+0x0000000000000000 in /usr/lib/libc.so.6 at 0x00007f2b24800000
R12=0x00007f2af11f96c0 is pointing into the stack for thread: 0x00007f2ab0000c40
R13=0x00007ffc123a74a0 points into unknown readable memory: 0x00000000003d0f00 | 00 0f 3d 00 00 00 00 00
R14=0x00007f2af11f9ce4 is pointing into the stack for thread: 0x00007f2ab0000c40
R15=0x00007ffc123a75a7 points into unknown readable memory: 01

Top of Stack: (sp=0x00007f2af11f5cf0)
0x00007f2af11f5cf0:   0000000000000008 ffffffff00000000   ................
0x00007f2af11f5d00:   00007f2af11f96c0 00007f2af11f96c0   ....*.......*...
0x00007f2af11f5d10:   00007f2af11f7d90 00007f2b24a1e627   .}..*...'..$+...
0x00007f2af11f5d20:   00007f2af11f61e0 00007f2b248435bd   .a..*....5.$+...
0x00007f2af11f5d30:   00007f2b23953540 0000000000000002   @5.#+...........
0x00007f2af11f5d40:   00007f2b1c133e00 000000000000000b   .>..+...........
0x00007f2af11f5d50:   0000000000000000 0000000000000000   ................
0x00007f2af11f5d60:   01007f2af11f5db0 0000000000000002   .]..*...........
0x00007f2af11f5d70:   00007f2af11f7e20 00007f2ab00010e0    ~..*.......*...
0x00007f2af11f5d80:   0000000000000000 0000000000000000   ................
0x00007f2af11f5d90:   000000000000000b 00007f2b1c117cf0   .........|..+...
0x00007f2af11f5da0:   00007f2ac401e6b0 0000000000000000   ....*...........
0x00007f2af11f5db0:   00007f2af11f5e90 00007f2b23dd590c   .^..*....Y.#+...
0x00007f2af11f5dc0:   00007f2af11f5e10 00007f2b237d9540   .^..*...@.}#+...
0x00007f2af11f5dd0:   00007f2b0b98bce1 000000010b98bce1   ....+...........
0x00007f2af11f5de0:   0000000000000000 0000000000000000   ................
0x00007f2af11f5df0:   0000000000000002 00007f2b2405c1cb   ...........$+...
0x00007f2af11f5e00:   0000000000000001 00007f2af11f5e50   ........P^..*...
0x00007f2af11f5e10:   00000000934e7d7e 0000003023dd590c   ~}N......Y.#0...
0x00007f2af11f5e20:   00007f2af11f5ef0 00007f2b2384c1a0   .^..*......#+...
0x00007f2af11f5e30:   00007f2b0b98b888 00007f2ad001e9e8   ....+.......*...
0x00007f2af11f5e40:   00007f2af11f5f80 00007f2b23da2cc0   ._..*....,.#+...
0x00007f2af11f5e50:   00000000934e7d78 00007f2b23d84a34   x}N.....4J.#+...
0x00007f2af11f5e60:   0000000000000030 00007f2af11f6000   0........`..*...
0x00007f2af11f5e70:   00007f2ab0000c40 00007f2af11f6000   @...*....`..*...
0x00007f2af11f5e80:   00007f2af11f5fc0 00007f2b23da2cc0   ._..*....,.#+...
0x00007f2af11f5e90:   0000000000000198 000000071b5ec070   ........p.^.....
0x00007f2af11f5ea0:   00007f2af11f5f90 00007f2ab0000c40   ._..*...@...*...
0x00007f2af11f5eb0:   00007f2af11f5e98 0000000000000000   .^..*...........
0x00007f2af11f5ec0:   0000000000000000 00007f2ab0000c40   ........@...*...
0x00007f2af11f5ed0:   00007f2af11f60c0 000000071b5ebff8   .`..*.....^.....
0x00007f2af11f5ee0:   00007f2af11f6000 00007f2ab0000c40   .`..*...@...*...

Instructions: (pc=0x00007f2b24880072)
  0x00007f2b2487ff72:   77 4c 48 89 df ff 15 5b 90 18 00 48 85 c0 74 51
  0x00007f2b2487ff82:   48 8d 14 18 48 89 c6 b9 01 00 00 00 4c 89 e7 e8
  0x00007f2b2487ff92:   ca 01 01 00 b8 01 00 00 00 48 8b 55 e8 64 48 2b
  0x00007f2b2487ffa2:   14 25 28 00 00 00 0f 85 a4 00 00 00 48 81 c4 a0
  0x00007f2b2487ffb2:   00 00 00 5b 41 5c 5d c3 66 0f 1f 44 00 00 bb 00
  0x00007f2b2487ffc2:   20 00 00 48 89 df ff 15 0a 90 18 00 48 85 c0 75
  0x00007f2b2487ffd2:   af b8 ff ff ff ff eb c1 66 0f 1f 44 00 00 48 8b
  0x00007f2b2487ffe2:   85 78 ff ff ff 48 89 c2 48 c1 e8 20 48 c1 ea 08
  0x00007f2b2487fff2:   25 00 f0 ff ff 81 e2 ff 0f 00 00 09 d0 2d 88 00
  0x00007f2b24880002:   00 00 83 f8 07 77 27 48 8b 5d 88 41 81 0c 24 00
  0x00007f2b24880012:   02 00 00 48 8d 43 ff 48 3d fe 1f 00 00 77 9f e9
  0x00007f2b24880022:   4e ff ff ff 66 2e 0f 1f 84 00 00 00 00 00 41 8b
  0x00007f2b24880032:   7c 24 70 e8 a6 ea 08 00 85 c0 75 cb e9 21 ff ff
  0x00007f2b24880042:   ff 0f 1f 44 00 00 e8 43 c3 00 00 e9 ec fe ff ff
  0x00007f2b24880052:   67 e8 68 76 0a 00 0f 1f 84 00 00 00 00 00 f3 0f
  0x00007f2b24880062:   1e fa 55 48 89 e5 41 54 53 48 89 fb 48 83 ec 10
=>0x00007f2b24880072:   44 8b 27 41 f7 c4 00 20 00 00 0f 85 9e 00 00 00
  0x00007f2b24880082:   41 f7 c4 00 80 00 00 0f 84 a6 00 00 00 41 c1 ec
  0x00007f2b24880092:   05 41 83 e4 01 41 f7 dc 48 8b 83 d8 00 00 00 48
  0x00007f2b248800a2:   8d 0d 38 7e 18 00 48 89 c2 48 29 ca 48 81 fa 2f
  0x00007f2b248800b2:   09 00 00 0f 87 15 02 00 00 31 f6 48 89 df ff 50
  0x00007f2b248800c2:   10 44 8b 83 c0 00 00 00 45 85 c0 0f 8f 45 01 00
  0x00007f2b248800d2:   00 48 83 7b 50 00 74 08 48 89 df e8 ee fc 00 00
  0x00007f2b248800e2:   48 3b 1d 1f 8e 18 00 0f 94 c0 48 3b 1d 5d 8d 18
  0x00007f2b248800f2:   00 0f 94 c2 08 d0 75 12 48 3b 1d b7 8c 18 00 74
  0x00007f2b24880102:   09 48 89 df ff 15 1c 8c 18 00 48 83 c4 10 44 89
  0x00007f2b24880112:   e0 5b 41 5c 5d c3 0f 1f 84 00 00 00 00 00 e8 ab
  0x00007f2b24880122:   f7 00 00 44 8b 23 41 f7 c4 00 80 00 00 0f 85 3b
  0x00007f2b24880132:   01 00 00 48 8b bb 88 00 00 00 80 3d bd 0f 19 00
  0x00007f2b24880142:   00 64 4c 8b 24 25 10 00 00 00 48 8b 47 08 0f 85
  0x00007f2b24880152:   8a 00 00 00 49 39 c4 0f 84 61 01 00 00 31 c0 ba
  0x00007f2b24880162:   01 00 00 00 f0 0f b1 17 0f 85 98 01 00 00 48 8b


Stack slot to memory mapping:

stack at sp + 0 slots: 0x0000000000000008 is an unknown value
stack at sp + 1 slots: 0xffffffff00000000 is an unknown value
stack at sp + 2 slots: 0x00007f2af11f96c0 is pointing into the stack for thread: 0x00007f2ab0000c40
stack at sp + 3 slots: 0x00007f2af11f96c0 is pointing into the stack for thread: 0x00007f2ab0000c40
stack at sp + 4 slots: 0x00007f2af11f7d90 is pointing into the stack for thread: 0x00007f2ab0000c40
stack at sp + 5 slots: 0x00007f2b24a1e627: jhook_resolve_class_dependencies+0x00000000000003b7 in /home/lightswisp/Documents/jhook/scripts/libjhook_example.so at 0x00007f2b24a1b000
stack at sp + 6 slots: 0x00007f2af11f61e0 is pointing into the stack for thread: 0x00007f2ab0000c40
stack at sp + 7 slots: 0x00007f2b248435bd: qsort_r+0x000000000000007d in /usr/lib/libc.so.6 at 0x00007f2b24800000

Lock stack of current Java thread (top to bottom):


---------------  P R O C E S S  ---------------

Threads class SMR info:
_java_thread_list=0x00007f2ab00022c0, length=11, elements={
0x00007f2b1c018fe0, 0x00007f2b1c140dd0, 0x00007f2b1c141e10, 0x00007f2b1c1431a0,
0x00007f2b1c144980, 0x00007f2b1c146210, 0x00007f2b1c1480a0, 0x00007f2b1c149aa0,
0x00007f2b1c156620, 0x00007f2b1c158bc0, 0x00007f2ab0000c40
}

Java Threads: ( => current thread )
  0x00007f2b1c018fe0 JavaThread "main"                              [_thread_blocked, id=137855, stack(0x00007f2b23300000,0x00007f2b23400000) (1024K)]
  0x00007f2b1c140dd0 JavaThread "Reference Handler"          daemon [_thread_blocked, id=137867, stack(0x00007f2af1dff000,0x00007f2af1eff000) (1024K)]
  0x00007f2b1c141e10 JavaThread "Finalizer"                  daemon [_thread_blocked, id=137868, stack(0x00007f2b00002000,0x00007f2b00102000) (1024K)]
  0x00007f2b1c1431a0 JavaThread "Signal Dispatcher"          daemon [_thread_blocked, id=137869, stack(0x00007f2af1bfd000,0x00007f2af1cfd000) (1024K)]
  0x00007f2b1c144980 JavaThread "Service Thread"             daemon [_thread_blocked, id=137870, stack(0x00007f2af1700000,0x00007f2af1800000) (1024K)]
  0x00007f2b1c146210 JavaThread "Monitor Deflation Thread"   daemon [_thread_blocked, id=137871, stack(0x00007f2af15ff000,0x00007f2af16ff000) (1024K)]
  0x00007f2b1c1480a0 JavaThread "C2 CompilerThread0"         daemon [_thread_blocked, id=137872, stack(0x00007f2af14fe000,0x00007f2af15fe000) (1024K)]
  0x00007f2b1c149aa0 JavaThread "C1 CompilerThread0"         daemon [_thread_blocked, id=137873, stack(0x00007f2af13fd000,0x00007f2af14fd000) (1024K)]
  0x00007f2b1c156620 JavaThread "Notification Thread"        daemon [_thread_blocked, id=137874, stack(0x00007f2af12fc000,0x00007f2af13fc000) (1024K)]
  0x00007f2b1c158bc0 JavaThread "Common-Cleaner"             daemon [_thread_blocked, id=137875, stack(0x00007f2af11fb000,0x00007f2af12fb000) (1024K)]
=>0x00007f2ab0000c40 JavaThread "Thread-0"                          [_thread_in_native, id=137925, stack(0x00007f2af09fa000,0x00007f2af11fa000) (8192K)]
Total: 11

Other Threads:
  0x00007f2b1c1372a0 VMThread "VM Thread"                           [id=137866, stack(0x00007f2af1f00000,0x00007f2af2000000) (1024K)]
  0x00007f2b1c126a40 WatcherThread "VM Periodic Task Thread"        [id=137865, stack(0x00007f2af1cfe000,0x00007f2af1dfe000) (1024K)]
  0x00007f2b1c082c30 WorkerThread "GC Thread#0"                     [id=137856, stack(0x00007f2b20de9000,0x00007f2b20ee9000) (1024K)]
  0x00007f2b1c09b2d0 ConcurrentGCThread "G1 Main Marker"            [id=137857, stack(0x00007f2b20ce8000,0x00007f2b20de8000) (1024K)]
  0x00007f2b1c09c4e0 WorkerThread "G1 Conc#0"                       [id=137858, stack(0x00007f2b20be7000,0x00007f2b20ce7000) (1024K)]
  0x00007f2b1c10ed10 ConcurrentGCThread "G1 Refine#0"               [id=137859, stack(0x00007f2b00204000,0x00007f2b00304000) (1024K)]
  0x00007f2b1c10ff10 ConcurrentGCThread "G1 Service"                [id=137860, stack(0x00007f2b00103000,0x00007f2b00203000) (1024K)]
Total: 7

Threads with active compile tasks:
Total: 0

VM state: not at safepoint (normal execution)

VM Mutex/Monitor currently owned by a thread: None

Heap address: 0x000000070c200000, size: 3902 MB, Compressed Oops mode: Zero based, Oop shift amount: 3

CDS archive(s) mapped at: [0x0000000093000000-0x0000000093d8c000-0x0000000093d8c000), size 14204928, SharedBaseAddress: 0x0000000093000000, ArchiveRelocationMode: 1.
Compressed class space mapped at: 0x0000000094000000-0x00000000d4000000, reserved size: 1073741824
UseCompressedClassPointers 1, UseCompactObjectHeaders 0
Narrow klass pointer bits 32, Max shift 3
Narrow klass base: 0x0000000093000000, Narrow klass shift: 0
Encoding Range: [0x0000000093000000 - 0x0000000193000000), (4294967296 bytes)
Klass Range:    [0x0000000093001000 - 0x00000000d4000000), (1090514944 bytes)
Klass ID Range:  [4096 - 1090519033) (1090514937)
Protection zone: [0x0000000093000000 - 0x0000000093001000), (4096 bytes)

GC Precious Log:
 CardTable entry size: 512
 Card Set container configuration: InlinePtr #cards 4 size 8 Array Of Cards #cards 16 size 48 Howl #buckets 8 coarsen threshold 3686 Howl Bitmap #cards 512 size 80 coarsen threshold 460 Card regions per heap region 1 cards per card region 4096
 CPUs: 20 total, 20 available
 Memory: 15603M
 Large Page Support: Disabled
 NUMA Support: Disabled
 Compressed Oops: Enabled (Zero based)
 Heap Region Size: 2M
 Heap Min Capacity: 8M
 Heap Initial Capacity: 244M
 Heap Max Capacity: 3902M
 Pre-touch: Disabled
 Parallel Workers: 15
 Concurrent Workers: 4
 Concurrent Refinement Workers: 15
 Periodic GC: Disabled

Heap:
 garbage-first heap   total reserved 3995648K, committed 251904K, used 1155K [0x000000070c200000, 0x0000000800000000)
  region size 2048K, 1 young (2048K), 0 survivors (0K)

Heap Regions: E=young(eden), S=young(survivor), O=old, HS=humongous(starts), HC=humongous(continues), CS=collection set, F=free, TAMS=top-at-mark-start, PB=parsable bottom
|   0|0x000000070c200000, 0x000000070c200000, 0x000000070c400000|  0%| F|  |TAMS 0x000000070c200000| PB 0x000000070c200000| Untracked |  0
|   1|0x000000070c400000, 0x000000070c400000, 0x000000070c600000|  0%| F|  |TAMS 0x000000070c400000| PB 0x000000070c400000| Untracked |  0
|   2|0x000000070c600000, 0x000000070c600000, 0x000000070c800000|  0%| F|  |TAMS 0x000000070c600000| PB 0x000000070c600000| Untracked |  0
|   3|0x000000070c800000, 0x000000070c800000, 0x000000070ca00000|  0%| F|  |TAMS 0x000000070c800000| PB 0x000000070c800000| Untracked |  0
|   4|0x000000070ca00000, 0x000000070ca00000, 0x000000070cc00000|  0%| F|  |TAMS 0x000000070ca00000| PB 0x000000070ca00000| Untracked |  0
|   5|0x000000070cc00000, 0x000000070cc00000, 0x000000070ce00000|  0%| F|  |TAMS 0x000000070cc00000| PB 0x000000070cc00000| Untracked |  0
|   6|0x000000070ce00000, 0x000000070ce00000, 0x000000070d000000|  0%| F|  |TAMS 0x000000070ce00000| PB 0x000000070ce00000| Untracked |  0
|   7|0x000000070d000000, 0x000000070d000000, 0x000000070d200000|  0%| F|  |TAMS 0x000000070d000000| PB 0x000000070d000000| Untracked |  0
|   8|0x000000070d200000, 0x000000070d200000, 0x000000070d400000|  0%| F|  |TAMS 0x000000070d200000| PB 0x000000070d200000| Untracked |  0
|   9|0x000000070d400000, 0x000000070d400000, 0x000000070d600000|  0%| F|  |TAMS 0x000000070d400000| PB 0x000000070d400000| Untracked |  0
|  10|0x000000070d600000, 0x000000070d600000, 0x000000070d800000|  0%| F|  |TAMS 0x000000070d600000| PB 0x000000070d600000| Untracked |  0
|  11|0x000000070d800000, 0x000000070d800000, 0x000000070da00000|  0%| F|  |TAMS 0x000000070d800000| PB 0x000000070d800000| Untracked |  0
|  12|0x000000070da00000, 0x000000070da00000, 0x000000070dc00000|  0%| F|  |TAMS 0x000000070da00000| PB 0x000000070da00000| Untracked |  0
|  13|0x000000070dc00000, 0x000000070dc00000, 0x000000070de00000|  0%| F|  |TAMS 0x000000070dc00000| PB 0x000000070dc00000| Untracked |  0
|  14|0x000000070de00000, 0x000000070de00000, 0x000000070e000000|  0%| F|  |TAMS 0x000000070de00000| PB 0x000000070de00000| Untracked |  0
|  15|0x000000070e000000, 0x000000070e000000, 0x000000070e200000|  0%| F|  |TAMS 0x000000070e000000| PB 0x000000070e000000| Untracked |  0
|  16|0x000000070e200000, 0x000000070e200000, 0x000000070e400000|  0%| F|  |TAMS 0x000000070e200000| PB 0x000000070e200000| Untracked |  0
|  17|0x000000070e400000, 0x000000070e400000, 0x000000070e600000|  0%| F|  |TAMS 0x000000070e400000| PB 0x000000070e400000| Untracked |  0
|  18|0x000000070e600000, 0x000000070e600000, 0x000000070e800000|  0%| F|  |TAMS 0x000000070e600000| PB 0x000000070e600000| Untracked |  0
|  19|0x000000070e800000, 0x000000070e800000, 0x000000070ea00000|  0%| F|  |TAMS 0x000000070e800000| PB 0x000000070e800000| Untracked |  0
|  20|0x000000070ea00000, 0x000000070ea00000, 0x000000070ec00000|  0%| F|  |TAMS 0x000000070ea00000| PB 0x000000070ea00000| Untracked |  0
|  21|0x000000070ec00000, 0x000000070ec00000, 0x000000070ee00000|  0%| F|  |TAMS 0x000000070ec00000| PB 0x000000070ec00000| Untracked |  0
|  22|0x000000070ee00000, 0x000000070ee00000, 0x000000070f000000|  0%| F|  |TAMS 0x000000070ee00000| PB 0x000000070ee00000| Untracked |  0
|  23|0x000000070f000000, 0x000000070f000000, 0x000000070f200000|  0%| F|  |TAMS 0x000000070f000000| PB 0x000000070f000000| Untracked |  0
|  24|0x000000070f200000, 0x000000070f200000, 0x000000070f400000|  0%| F|  |TAMS 0x000000070f200000| PB 0x000000070f200000| Untracked |  0
|  25|0x000000070f400000, 0x000000070f400000, 0x000000070f600000|  0%| F|  |TAMS 0x000000070f400000| PB 0x000000070f400000| Untracked |  0
|  26|0x000000070f600000, 0x000000070f600000, 0x000000070f800000|  0%| F|  |TAMS 0x000000070f600000| PB 0x000000070f600000| Untracked |  0
|  27|0x000000070f800000, 0x000000070f800000, 0x000000070fa00000|  0%| F|  |TAMS 0x000000070f800000| PB 0x000000070f800000| Untracked |  0
|  28|0x000000070fa00000, 0x000000070fa00000, 0x000000070fc00000|  0%| F|  |TAMS 0x000000070fa00000| PB 0x000000070fa00000| Untracked |  0
|  29|0x000000070fc00000, 0x000000070fc00000, 0x000000070fe00000|  0%| F|  |TAMS 0x000000070fc00000| PB 0x000000070fc00000| Untracked |  0
|  30|0x000000070fe00000, 0x000000070fe00000, 0x0000000710000000|  0%| F|  |TAMS 0x000000070fe00000| PB 0x000000070fe00000| Untracked |  0
|  31|0x0000000710000000, 0x0000000710000000, 0x0000000710200000|  0%| F|  |TAMS 0x0000000710000000| PB 0x0000000710000000| Untracked |  0
|  32|0x0000000710200000, 0x0000000710200000, 0x0000000710400000|  0%| F|  |TAMS 0x0000000710200000| PB 0x0000000710200000| Untracked |  0
|  33|0x0000000710400000, 0x0000000710400000, 0x0000000710600000|  0%| F|  |TAMS 0x0000000710400000| PB 0x0000000710400000| Untracked |  0
|  34|0x0000000710600000, 0x0000000710600000, 0x0000000710800000|  0%| F|  |TAMS 0x0000000710600000| PB 0x0000000710600000| Untracked |  0
|  35|0x0000000710800000, 0x0000000710800000, 0x0000000710a00000|  0%| F|  |TAMS 0x0000000710800000| PB 0x0000000710800000| Untracked |  0
|  36|0x0000000710a00000, 0x0000000710a00000, 0x0000000710c00000|  0%| F|  |TAMS 0x0000000710a00000| PB 0x0000000710a00000| Untracked |  0
|  37|0x0000000710c00000, 0x0000000710c00000, 0x0000000710e00000|  0%| F|  |TAMS 0x0000000710c00000| PB 0x0000000710c00000| Untracked |  0
|  38|0x0000000710e00000, 0x0000000710e00000, 0x0000000711000000|  0%| F|  |TAMS 0x0000000710e00000| PB 0x0000000710e00000| Untracked |  0
|  39|0x0000000711000000, 0x0000000711000000, 0x0000000711200000|  0%| F|  |TAMS 0x0000000711000000| PB 0x0000000711000000| Untracked |  0
|  40|0x0000000711200000, 0x0000000711200000, 0x0000000711400000|  0%| F|  |TAMS 0x0000000711200000| PB 0x0000000711200000| Untracked |  0
|  41|0x0000000711400000, 0x0000000711400000, 0x0000000711600000|  0%| F|  |TAMS 0x0000000711400000| PB 0x0000000711400000| Untracked |  0
|  42|0x0000000711600000, 0x0000000711600000, 0x0000000711800000|  0%| F|  |TAMS 0x0000000711600000| PB 0x0000000711600000| Untracked |  0
|  43|0x0000000711800000, 0x0000000711800000, 0x0000000711a00000|  0%| F|  |TAMS 0x0000000711800000| PB 0x0000000711800000| Untracked |  0
|  44|0x0000000711a00000, 0x0000000711a00000, 0x0000000711c00000|  0%| F|  |TAMS 0x0000000711a00000| PB 0x0000000711a00000| Untracked |  0
|  45|0x0000000711c00000, 0x0000000711c00000, 0x0000000711e00000|  0%| F|  |TAMS 0x0000000711c00000| PB 0x0000000711c00000| Untracked |  0
|  46|0x0000000711e00000, 0x0000000711e00000, 0x0000000712000000|  0%| F|  |TAMS 0x0000000711e00000| PB 0x0000000711e00000| Untracked |  0
|  47|0x0000000712000000, 0x0000000712000000, 0x0000000712200000|  0%| F|  |TAMS 0x0000000712000000| PB 0x0000000712000000| Untracked |  0
|  48|0x0000000712200000, 0x0000000712200000, 0x0000000712400000|  0%| F|  |TAMS 0x0000000712200000| PB 0x0000000712200000| Untracked |  0
|  49|0x0000000712400000, 0x0000000712400000, 0x0000000712600000|  0%| F|  |TAMS 0x0000000712400000| PB 0x0000000712400000| Untracked |  0
|  50|0x0000000712600000, 0x0000000712600000, 0x0000000712800000|  0%| F|  |TAMS 0x0000000712600000| PB 0x0000000712600000| Untracked |  0
|  51|0x0000000712800000, 0x0000000712800000, 0x0000000712a00000|  0%| F|  |TAMS 0x0000000712800000| PB 0x0000000712800000| Untracked |  0
|  52|0x0000000712a00000, 0x0000000712a00000, 0x0000000712c00000|  0%| F|  |TAMS 0x0000000712a00000| PB 0x0000000712a00000| Untracked |  0
|  53|0x0000000712c00000, 0x0000000712c00000, 0x0000000712e00000|  0%| F|  |TAMS 0x0000000712c00000| PB 0x0000000712c00000| Untracked |  0
|  54|0x0000000712e00000, 0x0000000712e00000, 0x0000000713000000|  0%| F|  |TAMS 0x0000000712e00000| PB 0x0000000712e00000| Untracked |  0
|  55|0x0000000713000000, 0x0000000713000000, 0x0000000713200000|  0%| F|  |TAMS 0x0000000713000000| PB 0x0000000713000000| Untracked |  0
|  56|0x0000000713200000, 0x0000000713200000, 0x0000000713400000|  0%| F|  |TAMS 0x0000000713200000| PB 0x0000000713200000| Untracked |  0
|  57|0x0000000713400000, 0x0000000713400000, 0x0000000713600000|  0%| F|  |TAMS 0x0000000713400000| PB 0x0000000713400000| Untracked |  0
|  58|0x0000000713600000, 0x0000000713600000, 0x0000000713800000|  0%| F|  |TAMS 0x0000000713600000| PB 0x0000000713600000| Untracked |  0
|  59|0x0000000713800000, 0x0000000713800000, 0x0000000713a00000|  0%| F|  |TAMS 0x0000000713800000| PB 0x0000000713800000| Untracked |  0
|  60|0x0000000713a00000, 0x0000000713a00000, 0x0000000713c00000|  0%| F|  |TAMS 0x0000000713a00000| PB 0x0000000713a00000| Untracked |  0
|  61|0x0000000713c00000, 0x0000000713c00000, 0x0000000713e00000|  0%| F|  |TAMS 0x0000000713c00000| PB 0x0000000713c00000| Untracked |  0
|  62|0x0000000713e00000, 0x0000000713e00000, 0x0000000714000000|  0%| F|  |TAMS 0x0000000713e00000| PB 0x0000000713e00000| Untracked |  0
|  63|0x0000000714000000, 0x0000000714000000, 0x0000000714200000|  0%| F|  |TAMS 0x0000000714000000| PB 0x0000000714000000| Untracked |  0
|  64|0x0000000714200000, 0x0000000714200000, 0x0000000714400000|  0%| F|  |TAMS 0x0000000714200000| PB 0x0000000714200000| Untracked |  0
|  65|0x0000000714400000, 0x0000000714400000, 0x0000000714600000|  0%| F|  |TAMS 0x0000000714400000| PB 0x0000000714400000| Untracked |  0
|  66|0x0000000714600000, 0x0000000714600000, 0x0000000714800000|  0%| F|  |TAMS 0x0000000714600000| PB 0x0000000714600000| Untracked |  0
|  67|0x0000000714800000, 0x0000000714800000, 0x0000000714a00000|  0%| F|  |TAMS 0x0000000714800000| PB 0x0000000714800000| Untracked |  0
|  68|0x0000000714a00000, 0x0000000714a00000, 0x0000000714c00000|  0%| F|  |TAMS 0x0000000714a00000| PB 0x0000000714a00000| Untracked |  0
|  69|0x0000000714c00000, 0x0000000714c00000, 0x0000000714e00000|  0%| F|  |TAMS 0x0000000714c00000| PB 0x0000000714c00000| Untracked |  0
|  70|0x0000000714e00000, 0x0000000714e00000, 0x0000000715000000|  0%| F|  |TAMS 0x0000000714e00000| PB 0x0000000714e00000| Untracked |  0
|  71|0x0000000715000000, 0x0000000715000000, 0x0000000715200000|  0%| F|  |TAMS 0x0000000715000000| PB 0x0000000715000000| Untracked |  0
|  72|0x0000000715200000, 0x0000000715200000, 0x0000000715400000|  0%| F|  |TAMS 0x0000000715200000| PB 0x0000000715200000| Untracked |  0
|  73|0x0000000715400000, 0x0000000715400000, 0x0000000715600000|  0%| F|  |TAMS 0x0000000715400000| PB 0x0000000715400000| Untracked |  0
|  74|0x0000000715600000, 0x0000000715600000, 0x0000000715800000|  0%| F|  |TAMS 0x0000000715600000| PB 0x0000000715600000| Untracked |  0
|  75|0x0000000715800000, 0x0000000715800000, 0x0000000715a00000|  0%| F|  |TAMS 0x0000000715800000| PB 0x0000000715800000| Untracked |  0
|  76|0x0000000715a00000, 0x0000000715a00000, 0x0000000715c00000|  0%| F|  |TAMS 0x0000000715a00000| PB 0x0000000715a00000| Untracked |  0
|  77|0x0000000715c00000, 0x0000000715c00000, 0x0000000715e00000|  0%| F|  |TAMS 0x0000000715c00000| PB 0x0000000715c00000| Untracked |  0
|  78|0x0000000715e00000, 0x0000000715e00000, 0x0000000716000000|  0%| F|  |TAMS 0x0000000715e00000| PB 0x0000000715e00000| Untracked |  0
|  79|0x0000000716000000, 0x0000000716000000, 0x0000000716200000|  0%| F|  |TAMS 0x0000000716000000| PB 0x0000000716000000| Untracked |  0
|  80|0x0000000716200000, 0x0000000716200000, 0x0000000716400000|  0%| F|  |TAMS 0x0000000716200000| PB 0x0000000716200000| Untracked |  0
|  81|0x0000000716400000, 0x0000000716400000, 0x0000000716600000|  0%| F|  |TAMS 0x0000000716400000| PB 0x0000000716400000| Untracked |  0
|  82|0x0000000716600000, 0x0000000716600000, 0x0000000716800000|  0%| F|  |TAMS 0x0000000716600000| PB 0x0000000716600000| Untracked |  0
|  83|0x0000000716800000, 0x0000000716800000, 0x0000000716a00000|  0%| F|  |TAMS 0x0000000716800000| PB 0x0000000716800000| Untracked |  0
|  84|0x0000000716a00000, 0x0000000716a00000, 0x0000000716c00000|  0%| F|  |TAMS 0x0000000716a00000| PB 0x0000000716a00000| Untracked |  0
|  85|0x0000000716c00000, 0x0000000716c00000, 0x0000000716e00000|  0%| F|  |TAMS 0x0000000716c00000| PB 0x0000000716c00000| Untracked |  0
|  86|0x0000000716e00000, 0x0000000716e00000, 0x0000000717000000|  0%| F|  |TAMS 0x0000000716e00000| PB 0x0000000716e00000| Untracked |  0
|  87|0x0000000717000000, 0x0000000717000000, 0x0000000717200000|  0%| F|  |TAMS 0x0000000717000000| PB 0x0000000717000000| Untracked |  0
|  88|0x0000000717200000, 0x0000000717200000, 0x0000000717400000|  0%| F|  |TAMS 0x0000000717200000| PB 0x0000000717200000| Untracked |  0
|  89|0x0000000717400000, 0x0000000717400000, 0x0000000717600000|  0%| F|  |TAMS 0x0000000717400000| PB 0x0000000717400000| Untracked |  0
|  90|0x0000000717600000, 0x0000000717600000, 0x0000000717800000|  0%| F|  |TAMS 0x0000000717600000| PB 0x0000000717600000| Untracked |  0
|  91|0x0000000717800000, 0x0000000717800000, 0x0000000717a00000|  0%| F|  |TAMS 0x0000000717800000| PB 0x0000000717800000| Untracked |  0
|  92|0x0000000717a00000, 0x0000000717a00000, 0x0000000717c00000|  0%| F|  |TAMS 0x0000000717a00000| PB 0x0000000717a00000| Untracked |  0
|  93|0x0000000717c00000, 0x0000000717c00000, 0x0000000717e00000|  0%| F|  |TAMS 0x0000000717c00000| PB 0x0000000717c00000| Untracked |  0
|  94|0x0000000717e00000, 0x0000000717e00000, 0x0000000718000000|  0%| F|  |TAMS 0x0000000717e00000| PB 0x0000000717e00000| Untracked |  0
|  95|0x0000000718000000, 0x0000000718000000, 0x0000000718200000|  0%| F|  |TAMS 0x0000000718000000| PB 0x0000000718000000| Untracked |  0
|  96|0x0000000718200000, 0x0000000718200000, 0x0000000718400000|  0%| F|  |TAMS 0x0000000718200000| PB 0x0000000718200000| Untracked |  0
|  97|0x0000000718400000, 0x0000000718400000, 0x0000000718600000|  0%| F|  |TAMS 0x0000000718400000| PB 0x0000000718400000| Untracked |  0
|  98|0x0000000718600000, 0x0000000718600000, 0x0000000718800000|  0%| F|  |TAMS 0x0000000718600000| PB 0x0000000718600000| Untracked |  0
|  99|0x0000000718800000, 0x0000000718800000, 0x0000000718a00000|  0%| F|  |TAMS 0x0000000718800000| PB 0x0000000718800000| Untracked |  0
| 100|0x0000000718a00000, 0x0000000718a00000, 0x0000000718c00000|  0%| F|  |TAMS 0x0000000718a00000| PB 0x0000000718a00000| Untracked |  0
| 101|0x0000000718c00000, 0x0000000718c00000, 0x0000000718e00000|  0%| F|  |TAMS 0x0000000718c00000| PB 0x0000000718c00000| Untracked |  0
| 102|0x0000000718e00000, 0x0000000718e00000, 0x0000000719000000|  0%| F|  |TAMS 0x0000000718e00000| PB 0x0000000718e00000| Untracked |  0
| 103|0x0000000719000000, 0x0000000719000000, 0x0000000719200000|  0%| F|  |TAMS 0x0000000719000000| PB 0x0000000719000000| Untracked |  0
| 104|0x0000000719200000, 0x0000000719200000, 0x0000000719400000|  0%| F|  |TAMS 0x0000000719200000| PB 0x0000000719200000| Untracked |  0
| 105|0x0000000719400000, 0x0000000719400000, 0x0000000719600000|  0%| F|  |TAMS 0x0000000719400000| PB 0x0000000719400000| Untracked |  0
| 106|0x0000000719600000, 0x0000000719600000, 0x0000000719800000|  0%| F|  |TAMS 0x0000000719600000| PB 0x0000000719600000| Untracked |  0
| 107|0x0000000719800000, 0x0000000719800000, 0x0000000719a00000|  0%| F|  |TAMS 0x0000000719800000| PB 0x0000000719800000| Untracked |  0
| 108|0x0000000719a00000, 0x0000000719a00000, 0x0000000719c00000|  0%| F|  |TAMS 0x0000000719a00000| PB 0x0000000719a00000| Untracked |  0
| 109|0x0000000719c00000, 0x0000000719c00000, 0x0000000719e00000|  0%| F|  |TAMS 0x0000000719c00000| PB 0x0000000719c00000| Untracked |  0
| 110|0x0000000719e00000, 0x0000000719e00000, 0x000000071a000000|  0%| F|  |TAMS 0x0000000719e00000| PB 0x0000000719e00000| Untracked |  0
| 111|0x000000071a000000, 0x000000071a000000, 0x000000071a200000|  0%| F|  |TAMS 0x000000071a000000| PB 0x000000071a000000| Untracked |  0
| 112|0x000000071a200000, 0x000000071a200000, 0x000000071a400000|  0%| F|  |TAMS 0x000000071a200000| PB 0x000000071a200000| Untracked |  0
| 113|0x000000071a400000, 0x000000071a400000, 0x000000071a600000|  0%| F|  |TAMS 0x000000071a400000| PB 0x000000071a400000| Untracked |  0
| 114|0x000000071a600000, 0x000000071a600000, 0x000000071a800000|  0%| F|  |TAMS 0x000000071a600000| PB 0x000000071a600000| Untracked |  0
| 115|0x000000071a800000, 0x000000071a800000, 0x000000071aa00000|  0%| F|  |TAMS 0x000000071a800000| PB 0x000000071a800000| Untracked |  0
| 116|0x000000071aa00000, 0x000000071aa00000, 0x000000071ac00000|  0%| F|  |TAMS 0x000000071aa00000| PB 0x000000071aa00000| Untracked |  0
| 117|0x000000071ac00000, 0x000000071ac00000, 0x000000071ae00000|  0%| F|  |TAMS 0x000000071ac00000| PB 0x000000071ac00000| Untracked |  0
| 118|0x000000071ae00000, 0x000000071ae00000, 0x000000071b000000|  0%| F|  |TAMS 0x000000071ae00000| PB 0x000000071ae00000| Untracked |  0
| 119|0x000000071b000000, 0x000000071b000000, 0x000000071b200000|  0%| F|  |TAMS 0x000000071b000000| PB 0x000000071b000000| Untracked |  0
| 120|0x000000071b200000, 0x000000071b200000, 0x000000071b400000|  0%| F|  |TAMS 0x000000071b200000| PB 0x000000071b200000| Untracked |  0
| 121|0x000000071b400000, 0x000000071b600000, 0x000000071b600000|100%| E|  |TAMS 0x000000071b400000| PB 0x000000071b400000| Complete |  0
|1950|0x00000007ffe00000, 0x00000007fff20fa8, 0x0000000800000000| 56%| O|  |TAMS 0x00000007ffe00000| PB 0x00000007ffe00000| Untracked |  0

Card table byte_map: [0x00007f2b20fe1000,0x00007f2b21780000] _byte_map_base: 0x00007f2b1d780000

Marking Bits: (CMBitMap*) 0x00007f2b1c083990
 Bits: [0x00007f2b00708000, 0x00007f2b04400000)

Polling page: 0x00007f2b24b4b000

Metaspace:
Metaspace        used 134K, committed 320K, reserved 1114112K
 class space     used 8K, committed 128K, reserved 1048576K

Usage:
  Non-class:    125.66 KB used.
      Class:      8.66 KB used.
       Both:    134.33 KB used.

Virtual space:
  Non-class space:       64.00 MB reserved,     192.00 KB ( <1%) committed,  1 nodes.
      Class space:        1.00 GB reserved,     128.00 KB ( <1%) committed,  1 nodes.
             Both:        1.06 GB reserved,     320.00 KB ( <1%) committed. 

Chunk freelists:
   Non-Class:  12.00 MB
       Class:  15.75 MB
        Both:  27.74 MB

MaxMetaspaceSize: unlimited
CompressedClassSpaceSize: 1.00 GB
Initial GC threshold: 21.00 MB
Current GC threshold: 21.00 MB
CDS: on
 - commit_granule_bytes: 65536.
 - commit_granule_words: 8192.
 - virtual_space_node_default_size: 8388608.
 - enlarge_chunks_in_place: 1.
UseCompressedClassPointers 1, UseCompactObjectHeaders 0
Narrow klass pointer bits 32, Max shift 3
Narrow klass base: 0x0000000093000000, Narrow klass shift: 0
Encoding Range: [0x0000000093000000 - 0x0000000193000000), (4294967296 bytes)
Klass Range:    [0x0000000093001000 - 0x00000000d4000000), (1090514944 bytes)
Klass ID Range:  [4096 - 1090519033) (1090514937)
Protection zone: [0x0000000093000000 - 0x0000000093001000), (4096 bytes)


Internal statistics:

num_allocs_failed_limit: 0.
num_arena_births: 4.
num_arena_deaths: 0.
num_vsnodes_births: 2.
num_vsnodes_deaths: 0.
num_space_committed: 5.
num_space_uncommitted: 0.
num_chunks_returned_to_freelist: 0.
num_chunks_taken_from_freelist: 4.
num_chunk_merges: 0.
num_chunk_splits: 4.
num_chunks_enlarged: 0.
num_inconsistent_stats: 0.

CodeHeap 'non-profiled nmethods': size=119172Kb used=2Kb max_used=2Kb free=119169Kb
 bounds [0x00007f2b0bf9f000, 0x00007f2b0c20f000, 0x00007f2b13400000]
CodeHeap 'profiled nmethods': size=119164Kb used=4Kb max_used=4Kb free=119159Kb
 bounds [0x00007f2b04400000, 0x00007f2b04670000, 0x00007f2b0b85f000]
CodeHeap 'non-nmethods': size=7424Kb used=1203Kb max_used=1213Kb free=6220Kb
 bounds [0x00007f2b0b85f000, 0x00007f2b0bacf000, 0x00007f2b0bf9f000]
CodeCache: size=245760Kb, used=1209Kb, max_used=1219Kb, free=244548Kb
 total_blobs=312, nmethods=8, adapters=210, full_count=0
Compilation: enabled, stopped_count=0, restarted_count=0

Compilation events (10 events):
Event: 0.022 Thread 0x00007f2b1c149aa0    1       3       java.lang.Byte::toUnsignedInt (6 bytes)
Event: 0.022 Thread 0x00007f2b1c149aa0 nmethod 1 0x00007f2b04400008 code [0x00007f2b04400100, 0x00007f2b044001e8]
Event: 0.022 Thread 0x00007f2b1c149aa0    2       3       java.lang.String::hashCode (60 bytes)
Event: 0.023 Thread 0x00007f2b1c149aa0 nmethod 2 0x00007f2b04400308 code [0x00007f2b04400400, 0x00007f2b04400808]
Event: 0.023 Thread 0x00007f2b1c149aa0    3       3       java.lang.Object::<init> (1 bytes)
Event: 0.023 Thread 0x00007f2b1c149aa0 nmethod 3 0x00007f2b04400888 code [0x00007f2b04400980, 0x00007f2b04400a80]
Event: 0.024 Thread 0x00007f2b1c149aa0    7       3       java.lang.String::coder (15 bytes)
Event: 0.024 Thread 0x00007f2b1c149aa0 nmethod 7 0x00007f2b04400b88 code [0x00007f2b04400c80, 0x00007f2b04400da8]
Event: 11.394 Thread 0x00007f2b1c149aa0    8       3       java.lang.String::length (11 bytes)
Event: 11.395 Thread 0x00007f2b1c149aa0 nmethod 8 0x00007f2b04400e88 code [0x00007f2b04400f80, 0x00007f2b04401190]

GC Heap Usage History (0 events):
No events

Metaspace Usage History (0 events):
No events

Dll operation events (2 events):
Event: 0.003 Loaded shared library /usr/lib/jvm/java-25-openjdk/lib/libjava.so
Event: 0.022 Loaded shared library /usr/lib/jvm/java-25-openjdk/lib/libsimdsort.so

Deoptimization events (0 events):
No events

Classes loaded (20 events):
Event: 0.023 Loading class jdk/internal/vm/PostVMInitHook
Event: 0.023 Loading class jdk/internal/vm/PostVMInitHook done
Event: 0.024 Loading class jdk/internal/loader/URLClassPath$FileLoader
Event: 0.024 Loading class jdk/internal/loader/URLClassPath$FileLoader done
Event: 0.024 Loading class jdk/internal/loader/URLClassPath$FileLoader$1
Event: 0.024 Loading class jdk/internal/loader/URLClassPath$FileLoader$1 done
Event: 0.025 Loading class java/lang/InterruptedException
Event: 0.025 Loading class java/lang/InterruptedException done
Event: 0.025 Loading class jdk/internal/event/ThreadSleepEvent
Event: 0.025 Loading class jdk/internal/event/Event
Event: 0.025 Loading class jdk/internal/event/Event done
Event: 0.025 Loading class jdk/internal/event/ThreadSleepEvent done
Event: 9.412 Loading class java/lang/Thread$ThreadNumbering
Event: 9.412 Loading class java/lang/Thread$ThreadNumbering done
Event: 11.395 Loading class java/io/BufferedReader
Event: 11.396 Loading class java/io/Reader
Event: 11.396 Loading class java/io/Reader done
Event: 11.396 Loading class java/io/BufferedReader done
Event: 11.396 Loading class java/io/PrintWriter
Event: 11.396 Loading class java/io/PrintWriter done

Classes unloaded (0 events):
No events

Classes redefined (0 events):
No events

Internal exceptions (0 events):
No events

VM Operations (2 events):
Event: 11.395 Executing safepoint VM operation: SetNotifyJvmtiEventsMode
Event: 11.395 Executing safepoint VM operation: SetNotifyJvmtiEventsMode done

Memory protections (12 events):
Event: 0.002 Protecting memory [0x00007f2b23300000,0x00007f2b23304000] with protection modes 0
Event: 0.010 Protecting memory [0x0000000093000000,0x0000000093001000] with protection modes 0
Event: 0.020 Protecting memory [0x00007f2af1dff000,0x00007f2af1e03000] with protection modes 0
Event: 0.020 Protecting memory [0x00007f2b00002000,0x00007f2b00006000] with protection modes 0
Event: 0.021 Protecting memory [0x00007f2af1bfd000,0x00007f2af1c01000] with protection modes 0
Event: 0.021 Protecting memory [0x00007f2af1700000,0x00007f2af1704000] with protection modes 0
Event: 0.021 Protecting memory [0x00007f2af15ff000,0x00007f2af1603000] with protection modes 0
Event: 0.021 Protecting memory [0x00007f2af14fe000,0x00007f2af1502000] with protection modes 0
Event: 0.021 Protecting memory [0x00007f2af13fd000,0x00007f2af1401000] with protection modes 0
Event: 0.023 Protecting memory [0x00007f2af12fc000,0x00007f2af1300000] with protection modes 0
Event: 0.024 Protecting memory [0x00007f2af11fb000,0x00007f2af11ff000] with protection modes 0
Event: 9.412 Protecting memory [0x00007f2af09fa000,0x00007f2af09fe000] with protection modes 0

Nmethod flushes (0 events):
No events

Events (11 events):
Event: 0.013 Thread 0x00007f2b1c018fe0 Thread added: 0x00007f2b1c018fe0
Event: 0.020 Thread 0x00007f2b1c018fe0 Thread added: 0x00007f2b1c140dd0
Event: 0.020 Thread 0x00007f2b1c018fe0 Thread added: 0x00007f2b1c141e10
Event: 0.021 Thread 0x00007f2b1c018fe0 Thread added: 0x00007f2b1c1431a0
Event: 0.021 Thread 0x00007f2b1c018fe0 Thread added: 0x00007f2b1c144980
Event: 0.021 Thread 0x00007f2b1c018fe0 Thread added: 0x00007f2b1c146210
Event: 0.021 Thread 0x00007f2b1c018fe0 Thread added: 0x00007f2b1c1480a0
Event: 0.021 Thread 0x00007f2b1c018fe0 Thread added: 0x00007f2b1c149aa0
Event: 0.023 Thread 0x00007f2b1c018fe0 Thread added: 0x00007f2b1c156620
Event: 0.024 Thread 0x00007f2b1c018fe0 Thread added: 0x00007f2b1c158bc0
Event: 9.412 Thread 0x00007f2ab0000c40 Thread added: 0x00007f2ab0000c40


Dynamic libraries:
93000000-93001000 ---p 00000000 00:00 0 
93001000-93d8c000 rw-p 00001000 103:03 10648480                          /usr/lib/jvm/java-25-openjdk/lib/server/classes.jsa
93d8c000-94000000 ---p 00000000 00:00 0 
94000000-94010000 rw-p 00000000 00:00 0 
94010000-94040000 ---p 00000000 00:00 0 
94040000-94050000 rw-p 00000000 00:00 0 
94050000-d4000000 ---p 00000000 00:00 0 
70c200000-71b600000 rw-p 00000000 00:00 0 
71b600000-7ffe00000 ---p 00000000 00:00 0 
7ffe00000-7fff21000 rw-p 00dbf000 103:03 10648480                        /usr/lib/jvm/java-25-openjdk/lib/server/classes.jsa
7fff21000-800000000 rw-p 00000000 00:00 0 
55ef4ef87000-55ef4ef88000 r--p 00000000 103:03 10498658                  /usr/lib/jvm/java-25-openjdk/bin/java
55ef4ef88000-55ef4ef89000 r-xp 00001000 103:03 10498658                  /usr/lib/jvm/java-25-openjdk/bin/java
55ef4ef89000-55ef4ef8a000 r--p 00002000 103:03 10498658                  /usr/lib/jvm/java-25-openjdk/bin/java
55ef4ef8a000-55ef4ef8b000 r--p 00002000 103:03 10498658                  /usr/lib/jvm/java-25-openjdk/bin/java
55ef4ef8b000-55ef4ef8c000 rw-p 00003000 103:03 10498658                  /usr/lib/jvm/java-25-openjdk/bin/java
55ef4fa9a000-55ef4fae2000 rw-p 00000000 00:00 0                          [heap]
7f2ab0000000-7f2ab0026000 rw-p 00000000 00:00 0 
7f2ab0026000-7f2ab4000000 ---p 00000000 00:00 0 
7f2ab8000000-7f2ab8021000 rw-p 00000000 00:00 0 
7f2ab8021000-7f2abc000000 ---p 00000000 00:00 0 
7f2abc000000-7f2abc021000 rw-p 00000000 00:00 0 
7f2abc021000-7f2ac0000000 ---p 00000000 00:00 0 
7f2ac0000000-7f2ac0072000 rw-p 00000000 00:00 0 
7f2ac0072000-7f2ac4000000 ---p 00000000 00:00 0 
7f2ac4000000-7f2ac4034000 rw-p 00000000 00:00 0 
7f2ac4034000-7f2ac8000000 ---p 00000000 00:00 0 
7f2ac8000000-7f2ac8021000 rw-p 00000000 00:00 0 
7f2ac8021000-7f2acc000000 ---p 00000000 00:00 0 
7f2acc000000-7f2acc021000 rw-p 00000000 00:00 0 
7f2acc021000-7f2ad0000000 ---p 00000000 00:00 0 
7f2ad0000000-7f2ad0020000 rw-p 00000000 00:00 0 
7f2ad0020000-7f2ad0400000 ---p 00000000 00:00 0 
7f2ad0400000-7f2ad0410000 rw-p 00000000 00:00 0 
7f2ad0410000-7f2ad4000000 ---p 00000000 00:00 0 
7f2ad4000000-7f2ad4021000 rw-p 00000000 00:00 0 
7f2ad4021000-7f2ad8000000 ---p 00000000 00:00 0 
7f2ad8000000-7f2ad8021000 rw-p 00000000 00:00 0 
7f2ad8021000-7f2adc000000 ---p 00000000 00:00 0 
7f2adc000000-7f2adc021000 rw-p 00000000 00:00 0 
7f2adc021000-7f2ae0000000 ---p 00000000 00:00 0 
7f2ae0000000-7f2ae0021000 rw-p 00000000 00:00 0 
7f2ae0021000-7f2ae4000000 ---p 00000000 00:00 0 
7f2ae4000000-7f2ae4021000 rw-p 00000000 00:00 0 
7f2ae4021000-7f2ae8000000 ---p 00000000 00:00 0 
7f2ae8000000-7f2ae8021000 rw-p 00000000 00:00 0 
7f2ae8021000-7f2aec000000 ---p 00000000 00:00 0 
7f2aec000000-7f2aec021000 rw-p 00000000 00:00 0 
7f2aec021000-7f2af0000000 ---p 00000000 00:00 0 
7f2af09f9000-7f2af09fa000 rw-p 00000000 00:00 0 
7f2af09fa000-7f2af09fe000 ---p 00000000 00:00 0 
7f2af09fe000-7f2af11fb000 rw-p 00000000 00:00 0 
7f2af11fb000-7f2af11ff000 ---p 00000000 00:00 0 
7f2af11ff000-7f2af12fc000 rw-p 00000000 00:00 0 
7f2af12fc000-7f2af1300000 ---p 00000000 00:00 0 
7f2af1300000-7f2af13fd000 rw-p 00000000 00:00 0 
7f2af13fd000-7f2af1401000 ---p 00000000 00:00 0 
7f2af1401000-7f2af14fe000 rw-p 00000000 00:00 0 
7f2af14fe000-7f2af1502000 ---p 00000000 00:00 0 
7f2af1502000-7f2af15ff000 rw-p 00000000 00:00 0 
7f2af15ff000-7f2af1603000 ---p 00000000 00:00 0 
7f2af1603000-7f2af1700000 rw-p 00000000 00:00 0 
7f2af1700000-7f2af1704000 ---p 00000000 00:00 0 
7f2af1704000-7f2af1800000 rw-p 00000000 00:00 0 
7f2af1800000-7f2af1bf6000 r--p 00000000 103:03 10269124                  /usr/lib/locale/locale-archive
7f2af1bfc000-7f2af1bfd000 rw-p 00000000 00:00 0 
7f2af1bfd000-7f2af1c01000 ---p 00000000 00:00 0 
7f2af1c01000-7f2af1dff000 rw-p 00000000 00:00 0 
7f2af1dff000-7f2af1e03000 ---p 00000000 00:00 0 
7f2af1e03000-7f2af2000000 rw-p 00000000 00:00 0 
7f2af2000000-7f2af4021000 rw-p 00000000 00:00 0 
7f2af4021000-7f2af8000000 ---p 00000000 00:00 0 
7f2af8000000-7f2af8021000 rw-p 00000000 00:00 0 
7f2af8021000-7f2afc000000 ---p 00000000 00:00 0 
7f2afc000000-7f2afc021000 rw-p 00000000 00:00 0 
7f2afc021000-7f2b00000000 ---p 00000000 00:00 0 
7f2b00001000-7f2b00002000 rw-p 00000000 00:00 0 
7f2b00002000-7f2b00006000 ---p 00000000 00:00 0 
7f2b00006000-7f2b00304000 rw-p 00000000 00:00 0 
7f2b00304000-7f2b00ad8000 rw-p 00000000 00:00 0 
7f2b00ad8000-7f2b043f8000 ---p 00000000 00:00 0 
7f2b043f8000-7f2b04400000 rw-p 00000000 00:00 0 
7f2b04400000-7f2b04670000 rwxp 00000000 00:00 0 
7f2b04670000-7f2b0b85f000 ---p 00000000 00:00 0 
7f2b0b85f000-7f2b0bacf000 rwxp 00000000 00:00 0 
7f2b0bacf000-7f2b0bf9f000 ---p 00000000 00:00 0 
7f2b0bf9f000-7f2b0c20f000 rwxp 00000000 00:00 0 
7f2b0c20f000-7f2b13400000 ---p 00000000 00:00 0 
7f2b13400000-7f2b1bfcd000 r--s 00000000 103:03 10648472                  /usr/lib/jvm/java-25-openjdk/lib/modules
7f2b1c000000-7f2b1c15c000 rw-p 00000000 00:00 0 
7f2b1c15c000-7f2b20000000 ---p 00000000 00:00 0 
7f2b200db000-7f2b20be6000 rw-p 00000000 00:00 0 
7f2b20be6000-7f2b20ee9000 rw-p 00000000 00:00 0 
7f2b20ee9000-7f2b2105b000 rw-p 00000000 00:00 0 
7f2b2105b000-7f2b2177f000 ---p 00000000 00:00 0 
7f2b2177f000-7f2b217fa000 rw-p 00000000 00:00 0 
7f2b217fa000-7f2b21f1e000 ---p 00000000 00:00 0 
7f2b21f1e000-7f2b22e33000 rw-p 00000000 00:00 0 
7f2b22e33000-7f2b22f17000 ---p 00000000 00:00 0 
7f2b22f17000-7f2b22f1c000 rw-p 00000000 00:00 0 
7f2b22f1c000-7f2b23000000 ---p 00000000 00:00 0 
7f2b23000000-7f2b23097000 r--p 00000000 103:03 10227832                  /usr/lib/libstdc++.so.6.0.34
7f2b23097000-7f2b231ec000 r-xp 00097000 103:03 10227832                  /usr/lib/libstdc++.so.6.0.34
7f2b231ec000-7f2b2327e000 r--p 001ec000 103:03 10227832                  /usr/lib/libstdc++.so.6.0.34
7f2b2327e000-7f2b2328f000 r--p 0027e000 103:03 10227832                  /usr/lib/libstdc++.so.6.0.34
7f2b2328f000-7f2b23290000 rw-p 0028f000 103:03 10227832                  /usr/lib/libstdc++.so.6.0.34
7f2b23290000-7f2b23294000 rw-p 00000000 00:00 0 
7f2b232bc000-7f2b232bd000 r--p 00000000 103:03 10648467                  /usr/lib/jvm/java-25-openjdk/lib/libsimdsort.so
7f2b232bd000-7f2b232f8000 r-xp 00001000 103:03 10648467                  /usr/lib/jvm/java-25-openjdk/lib/libsimdsort.so
7f2b232f8000-7f2b232fe000 r--p 0003c000 103:03 10648467                  /usr/lib/jvm/java-25-openjdk/lib/libsimdsort.so
7f2b232fe000-7f2b232ff000 r--p 00041000 103:03 10648467                  /usr/lib/jvm/java-25-openjdk/lib/libsimdsort.so
7f2b232ff000-7f2b23300000 rw-p 00042000 103:03 10648467                  /usr/lib/jvm/java-25-openjdk/lib/libsimdsort.so
7f2b23300000-7f2b23304000 ---p 00000000 00:00 0 
7f2b23304000-7f2b23400000 rw-p 00000000 00:00 0 
7f2b23400000-7f2b2340e000 r--p 00000000 103:03 10648485                  /usr/lib/jvm/java-25-openjdk/lib/server/libjvm.so
7f2b2340e000-7f2b242a1000 r-xp 0000e000 103:03 10648485                  /usr/lib/jvm/java-25-openjdk/lib/server/libjvm.so
7f2b242a1000-7f2b244b8000 r--p 00ea1000 103:03 10648485                  /usr/lib/jvm/java-25-openjdk/lib/server/libjvm.so
7f2b244b8000-7f2b2459e000 r--p 010b8000 103:03 10648485                  /usr/lib/jvm/java-25-openjdk/lib/server/libjvm.so
7f2b2459e000-7f2b245c3000 rw-p 0119e000 103:03 10648485                  /usr/lib/jvm/java-25-openjdk/lib/server/libjvm.so
7f2b245c3000-7f2b2463e000 rw-p 00000000 00:00 0 
7f2b24671000-7f2b246f2000 rw-p 00000000 00:00 0 
7f2b246f2000-7f2b24701000 r--p 00000000 103:03 10227010                  /usr/lib/libm.so.6
7f2b24701000-7f2b2478c000 r-xp 0000f000 103:03 10227010                  /usr/lib/libm.so.6
7f2b2478c000-7f2b247fe000 r--p 0009a000 103:03 10227010                  /usr/lib/libm.so.6
7f2b247fe000-7f2b247ff000 r--p 0010b000 103:03 10227010                  /usr/lib/libm.so.6
7f2b247ff000-7f2b24800000 rw-p 0010c000 103:03 10227010                  /usr/lib/libm.so.6
7f2b24800000-7f2b24824000 r--p 00000000 103:03 10226998                  /usr/lib/libc.so.6
7f2b24824000-7f2b24996000 r-xp 00024000 103:03 10226998                  /usr/lib/libc.so.6
7f2b24996000-7f2b24a05000 r--p 00196000 103:03 10226998                  /usr/lib/libc.so.6
7f2b24a05000-7f2b24a09000 r--p 00204000 103:03 10226998                  /usr/lib/libc.so.6
7f2b24a09000-7f2b24a0b000 rw-p 00208000 103:03 10226998                  /usr/lib/libc.so.6
7f2b24a0b000-7f2b24a13000 rw-p 00000000 00:00 0 
7f2b24a1b000-7f2b24a1d000 r--p 00000000 103:03 27660196                  /home/lightswisp/Documents/jhook/scripts/libjhook_example.so
7f2b24a1d000-7f2b24a21000 r-xp 00002000 103:03 27660196                  /home/lightswisp/Documents/jhook/scripts/libjhook_example.so
7f2b24a21000-7f2b24a23000 r--p 00006000 103:03 27660196                  /home/lightswisp/Documents/jhook/scripts/libjhook_example.so
7f2b24a23000-7f2b24a25000 r--p 00007000 103:03 27660196                  /home/lightswisp/Documents/jhook/scripts/libjhook_example.so
7f2b24a25000-7f2b24a26000 rw-p 00009000 103:03 27660196                  /home/lightswisp/Documents/jhook/scripts/libjhook_example.so
7f2b24a26000-7f2b24ac7000 rw-p 00000000 00:00 0 
7f2b24ac7000-7f2b24ad1000 ---p 00000000 00:00 0 
7f2b24ad1000-7f2b24adb000 r--p 00000000 103:03 10648447                  /usr/lib/jvm/java-25-openjdk/lib/libjava.so
7f2b24adb000-7f2b24ae9000 r-xp 0000a000 103:03 10648447                  /usr/lib/jvm/java-25-openjdk/lib/libjava.so
7f2b24ae9000-7f2b24aee000 r--p 00018000 103:03 10648447                  /usr/lib/jvm/java-25-openjdk/lib/libjava.so
7f2b24aee000-7f2b24aef000 r--p 0001d000 103:03 10648447                  /usr/lib/jvm/java-25-openjdk/lib/libjava.so
7f2b24aef000-7f2b24af0000 rw-p 0001e000 103:03 10648447                  /usr/lib/jvm/java-25-openjdk/lib/libjava.so
7f2b24af0000-7f2b24af1000 rw-p 00000000 00:00 0 
7f2b24af1000-7f2b24af5000 r--p 00000000 103:03 10227800                  /usr/lib/libgcc_s.so.1
7f2b24af5000-7f2b24b18000 r-xp 00004000 103:03 10227800                  /usr/lib/libgcc_s.so.1
7f2b24b18000-7f2b24b1c000 r--p 00027000 103:03 10227800                  /usr/lib/libgcc_s.so.1
7f2b24b1c000-7f2b24b1d000 r--p 0002a000 103:03 10227800                  /usr/lib/libgcc_s.so.1
7f2b24b1d000-7f2b24b1e000 rw-p 0002b000 103:03 10227800                  /usr/lib/libgcc_s.so.1
7f2b24b1e000-7f2b24b21000 rw-p 00000000 00:00 0 
7f2b24b21000-7f2b24b24000 r--p 00000000 103:03 10231068                  /usr/lib/libz.so.1.3.1
7f2b24b24000-7f2b24b32000 r-xp 00003000 103:03 10231068                  /usr/lib/libz.so.1.3.1
7f2b24b32000-7f2b24b38000 r--p 00011000 103:03 10231068                  /usr/lib/libz.so.1.3.1
7f2b24b38000-7f2b24b39000 r--p 00017000 103:03 10231068                  /usr/lib/libz.so.1.3.1
7f2b24b39000-7f2b24b3a000 rw-p 00018000 103:03 10231068                  /usr/lib/libz.so.1.3.1
7f2b24b3a000-7f2b24b41000 r--s 00000000 103:03 10269125                  /usr/lib/gconv/gconv-modules.cache
7f2b24b41000-7f2b24b42000 rw-p 00000000 00:00 0 
7f2b24b42000-7f2b24b43000 rw-p 00000000 00:00 0 
7f2b24b43000-7f2b24b4b000 rw-s 00000000 00:25 13868                      /tmp/hsperfdata_lightswisp/137854
7f2b24b4b000-7f2b24b4c000 ---p 00000000 00:00 0 
7f2b24b4c000-7f2b24b4d000 r--p 00000000 00:00 0 
7f2b24b4d000-7f2b24b4e000 ---p 00000000 00:00 0 
7f2b24b4e000-7f2b24b4f000 r--p 00000000 103:03 10648451                  /usr/lib/jvm/java-25-openjdk/lib/libjimage.so
7f2b24b4f000-7f2b24b51000 r-xp 00001000 103:03 10648451                  /usr/lib/jvm/java-25-openjdk/lib/libjimage.so
7f2b24b51000-7f2b24b52000 r--p 00003000 103:03 10648451                  /usr/lib/jvm/java-25-openjdk/lib/libjimage.so
7f2b24b52000-7f2b24b53000 r--p 00003000 103:03 10648451                  /usr/lib/jvm/java-25-openjdk/lib/libjimage.so
7f2b24b53000-7f2b24b54000 rw-p 00004000 103:03 10648451                  /usr/lib/jvm/java-25-openjdk/lib/libjimage.so
7f2b24b54000-7f2b24b56000 r--p 00000000 103:03 10648452                  /usr/lib/jvm/java-25-openjdk/lib/libjli.so
7f2b24b56000-7f2b24b60000 r-xp 00002000 103:03 10648452                  /usr/lib/jvm/java-25-openjdk/lib/libjli.so
7f2b24b60000-7f2b24b63000 r--p 0000c000 103:03 10648452                  /usr/lib/jvm/java-25-openjdk/lib/libjli.so
7f2b24b63000-7f2b24b64000 r--p 0000e000 103:03 10648452                  /usr/lib/jvm/java-25-openjdk/lib/libjli.so
7f2b24b64000-7f2b24b65000 rw-p 0000f000 103:03 10648452                  /usr/lib/jvm/java-25-openjdk/lib/libjli.so
7f2b24b65000-7f2b24b67000 rw-p 00000000 00:00 0 
7f2b24b67000-7f2b24b6b000 r--p 00000000 00:00 0                          [vvar]
7f2b24b6b000-7f2b24b6d000 r--p 00000000 00:00 0                          [vvar_vclock]
7f2b24b6d000-7f2b24b6f000 r-xp 00000000 00:00 0                          [vdso]
7f2b24b6f000-7f2b24b70000 r--p 00000000 103:03 10226986                  /usr/lib/ld-linux-x86-64.so.2
7f2b24b70000-7f2b24b9a000 r-xp 00001000 103:03 10226986                  /usr/lib/ld-linux-x86-64.so.2
7f2b24b9a000-7f2b24ba8000 r--p 0002b000 103:03 10226986                  /usr/lib/ld-linux-x86-64.so.2
7f2b24ba8000-7f2b24baa000 r--p 00039000 103:03 10226986                  /usr/lib/ld-linux-x86-64.so.2
7f2b24baa000-7f2b24bab000 rw-p 0003b000 103:03 10226986                  /usr/lib/ld-linux-x86-64.so.2
7f2b24bab000-7f2b24bac000 rw-p 00000000 00:00 0 
7ffc1238f000-7ffc123b0000 rw-p 00000000 00:00 0                          [stack]
ffffffffff600000-ffffffffff601000 --xp 00000000 00:00 0                  [vsyscall]
Total number of mappings: 185

JVMTI agents: none


VM Arguments:
java_command: test
java_class_path (initial): .
Launcher Type: SUN_STANDARD

[Global flags]
     intx CICompilerCount                          = 12                                        {product} {ergonomic}
     uint ConcGCThreads                            = 4                                         {product} {ergonomic}
     uint G1ConcRefinementThreads                  = 15                                        {product} {ergonomic}
   size_t G1HeapRegionSize                         = 2097152                                   {product} {ergonomic}
   size_t InitialHeapSize                          = 255852544                                 {product} {ergonomic}
   size_t MarkStackSize                            = 4194304                                   {product} {ergonomic}
   size_t MarkStackSizeMax                         = 536870912                                 {product} {ergonomic}
   size_t MaxHeapSize                              = 4091543552                                {product} {ergonomic}
   size_t MaxNewSize                               = 2453667840                                {product} {ergonomic}
   size_t MinHeapDeltaBytes                        = 2097152                                   {product} {ergonomic}
   size_t MinHeapSize                              = 8388608                                   {product} {ergonomic}
    uintx NonNMethodCodeHeapSize                   = 7602176                                {pd product} {ergonomic}
    uintx NonProfiledCodeHeapSize                  = 122032128                              {pd product} {ergonomic}
    uintx ProfiledCodeHeapSize                     = 122023936                              {pd product} {ergonomic}
    uintx ReservedCodeCacheSize                    = 251658240                              {pd product} {ergonomic}
     bool SegmentedCodeCache                       = true                                      {product} {ergonomic}
   size_t SoftMaxHeapSize                          = 4091543552                             {manageable} {ergonomic}
     bool UseCompressedOops                        = true                           {product lp64_product} {ergonomic}
     bool UseG1GC                                  = true                                      {product} {ergonomic}

Logging:
Log output configuration:
 #0: stdout all=warning uptime,level,tags foldmultilines=false
 #1: stderr all=off uptime,level,tags foldmultilines=false

Release file:
IMPLEMENTOR="Arch Linux"
JAVA_RUNTIME_VERSION="25.0.1"
JAVA_VERSION="25.0.1"
JAVA_VERSION_DATE="2025-09-16"
LIBC="gnu"
MODULES="java.base java.compiler java.datatransfer java.xml java.prefs java.desktop java.instrument java.logging java.management java.security.sasl java.naming java.rmi java.management.rmi java.net.http java.scripting java.security.jgss java.transaction.xa java.sql java.sql.rowset java.xml.crypto java.se java.smartcardio jdk.accessibility jdk.internal.jvmstat jdk.attach jdk.charsets jdk.internal.opt jdk.zipfs jdk.compiler jdk.crypto.cryptoki jdk.crypto.ec jdk.dynalink jdk.internal.ed jdk.editpad jdk.internal.vm.ci jdk.graal.compiler jdk.graal.compiler.management jdk.hotspot.agent jdk.httpserver jdk.incubator.vector jdk.internal.le jdk.internal.md jdk.jartool jdk.javadoc jdk.jcmd jdk.management jdk.management.agent jdk.jconsole jdk.jdeps jdk.jdwp.agent jdk.jdi jdk.jfr jdk.jlink jdk.jpackage jdk.jshell jdk.jsobject jdk.jstatd jdk.localedata jdk.management.jfr jdk.naming.dns jdk.naming.rmi jdk.net jdk.nio.mapmode jdk.sctp jdk.security.auth jdk.security.jgss jdk.unsupported jdk.unsupported.desktop jdk.xml.dom"
OS_ARCH="x86_64"
OS_NAME="Linux"
SOURCE=""

Environment Variables:
PATH=/usr/local/bin:/usr/bin:/bin:/usr/local/sbin:/usr/lib/jvm/default/bin:/usr/bin/site_perl:/usr/bin/vendor_perl:/usr/bin/core_perl
SHELL=/bin/bash
DISPLAY=:0
LANG=en_US.UTF-8
TERM=xterm-256color

Active Locale:
LC_ALL=en_US.UTF-8
LC_COLLATE=en_US.UTF-8
LC_CTYPE=en_US.UTF-8
LC_MESSAGES=en_US.UTF-8
LC_MONETARY=en_US.UTF-8
LC_NUMERIC=en_US.UTF-8
LC_TIME=en_US.UTF-8

Signal Handlers:
   SIGSEGV: 0x00007f2b241cc8e0 in libjvm.so+14469344, mask=11100100010111111101111111111110, flags=SA_RESTART|SA_SIGINFO, unblocked
    SIGBUS: 0x00007f2b241cc8e0 in libjvm.so+14469344, mask=11100100010111111101111111111110, flags=SA_RESTART|SA_SIGINFO, unblocked
    SIGFPE: 0x00007f2b241cc8e0 in libjvm.so+14469344, mask=11100100010111111101111111111110, flags=SA_RESTART|SA_SIGINFO, unblocked
   SIGPIPE: 0x00007f2b24068e70 in libjvm.so+13012592, mask=11100100010111111101111111111110, flags=SA_RESTART|SA_SIGINFO, blocked
   SIGXFSZ: 0x00007f2b24068e70 in libjvm.so+13012592, mask=11100100010111111101111111111110, flags=SA_RESTART|SA_SIGINFO, blocked
    SIGILL: 0x00007f2b241cc8e0 in libjvm.so+14469344, mask=11100100010111111101111111111110, flags=SA_RESTART|SA_SIGINFO, unblocked
   SIGUSR2: 0x00007f2b2406a5d0 in libjvm.so+13018576, mask=00000000000000000000000000000000, flags=SA_RESTART|SA_SIGINFO, blocked
    SIGHUP: 0x00007f2b24055050 in libjvm.so+12931152, mask=11100100010111111101111111111110, flags=SA_RESTART|SA_SIGINFO, blocked
    SIGINT: 0x00007f2b24055050 in libjvm.so+12931152, mask=11100100010111111101111111111110, flags=SA_RESTART|SA_SIGINFO, blocked
   SIGTERM: 0x00007f2b24055050 in libjvm.so+12931152, mask=11100100010111111101111111111110, flags=SA_RESTART|SA_SIGINFO, blocked
   SIGQUIT: 0x00007f2b24055050 in libjvm.so+12931152, mask=11100100010111111101111111111110, flags=SA_RESTART|SA_SIGINFO, blocked
   SIGTRAP: 0x00007f2b241cc8e0 in libjvm.so+14469344, mask=11100100010111111101111111111110, flags=SA_RESTART|SA_SIGINFO, unblocked


Compilation memory statistics disabled.

Periodic native trim disabled

---------------  S Y S T E M  ---------------

OS:
NAME="Arch Linux"
PRETTY_NAME="Arch Linux"
ID=arch
BUILD_ID=rolling
ANSI_COLOR="38;2;23;147;209"
HOME_URL="https://archlinux.org/"
DOCUMENTATION_URL="https://wiki.archlinux.org/"
SUPPORT_URL="https://bbs.archlinux.org/"
BUG_REPORT_URL="https://gitlab.archlinux.org/groups/archlinux/-/issues"
PRIVACY_POLICY_URL="https://terms.archlinux.org/docs/privacy-policy/"
LOGO=archlinux-logo
uname: Linux 6.16.5-arch1-1 #1 SMP PREEMPT_DYNAMIC Thu, 04 Sep 2025 23:18:13 +0000 x86_64
OS uptime: 6 days 14:48 hours
libc: glibc 2.42 NPTL 2.42 
rlimit (soft/hard): STACK 8192k/infinity , CORE infinity/infinity , NPROC 62007/62007 , NOFILE 524288/524288 , AS infinity/infinity , CPU infinity/infinity , DATA infinity/infinity , FSIZE infinity/infinity , MEMLOCK 8192k/8192k
load average: 0.70 0.36 0.28

/proc/meminfo:
MemTotal:       15978148 kB
MemFree:         2266092 kB
MemAvailable:    9914256 kB
Buffers:          460224 kB
Cached:          7737412 kB
SwapCached:            0 kB
Active:          5310216 kB
Inactive:        6484240 kB
Active(anon):    4473184 kB
Inactive(anon):   130112 kB
Active(file):     837032 kB
Inactive(file):  6354128 kB
Unevictable:      552684 kB
Mlocked:              64 kB
SwapTotal:       8388604 kB
SwapFree:        8388528 kB
Zswap:                24 kB
Zswapped:             76 kB
Dirty:               692 kB
Writeback:             0 kB
AnonPages:       4040288 kB
Mapped:           920632 kB
Shmem:           1006652 kB
KReclaimable:     817420 kB
Slab:            1029120 kB
SReclaimable:     817420 kB
SUnreclaim:       211700 kB
KernelStack:       29024 kB
PageTables:        74940 kB
SecPageTables:      2076 kB
NFS_Unstable:          0 kB
Bounce:                0 kB
WritebackTmp:          0 kB
CommitLimit:    16377676 kB
Committed_AS:   42673808 kB
VmallocTotal:   34359738367 kB
VmallocUsed:       76156 kB
VmallocChunk:          0 kB
Percpu:            13728 kB
HardwareCorrupted:     0 kB
AnonHugePages:    161792 kB
ShmemHugePages:   632832 kB
ShmemPmdMapped:        0 kB
FileHugePages:    282624 kB
FilePmdMapped:    215040 kB
CmaTotal:              0 kB
CmaFree:               0 kB
Unaccepted:            0 kB
Balloon:               0 kB
HugePages_Total:       0
HugePages_Free:        0
HugePages_Rsvd:        0
HugePages_Surp:        0
Hugepagesize:       2048 kB
Hugetlb:               0 kB
DirectMap4k:      251468 kB
DirectMap2M:     6699008 kB
DirectMap1G:     9437184 kB

/sys/kernel/mm/transparent_hugepage/enabled: [always] madvise never
/sys/kernel/mm/transparent_hugepage/hpage_pmd_size: 2097152
/sys/kernel/mm/transparent_hugepage/shmem_enabled: always within_size advise [never] deny force
/sys/kernel/mm/transparent_hugepage/defrag (defrag/compaction efforts parameter): always defer defer+madvise [madvise] never

Process Memory:
Virtual Size: 6896292K (peak: 6961792K)
Resident Set Size: 45236K (peak: 45236K) (anon: 21852K, file: 23352K, shmem: 32K)
Swapped out: 0K
C-Heap outstanding allocations: 33903K, retained: 2440K
glibc malloc tunables: (default)

/proc/sys/kernel/threads-max (system-wide limit on the number of threads): 124015
/proc/sys/vm/max_map_count (maximum number of memory map areas a process may have): 1048576
/proc/sys/vm/swappiness (control to define how aggressively the kernel swaps out anonymous memory): 60
/proc/sys/kernel/pid_max (system-wide limit on number of process identifiers): 4194304

container information not found.
Steal ticks since vm start: 0
Steal ticks percentage since vm start:  0.000

CPU: total 20 (initial active 20) (20 cores per cpu, 1 threads per core) family 6 model 186 stepping 2 microcode 0x4129, cx8, cmov, fxsr, mmx, 3dnowpref, sse, sse2, sse3, ssse3, sse4.1, sse4.2, popcnt, lzcnt, tsc, tscinvbit, avx, avx2, aes, erms, clmul, bmi1, bmi2, adx, sha, fma, vzeroupper, clflush, clflushopt, clwb, serialize, rdtscp, rdpid, fsrm, gfni, f16c, pku, ospke, cet_ibt, cet_ss
CPU Model and flags from /proc/cpuinfo:
model name	: 13th Gen Intel(R) Core(TM) i7-13700H
flags		: fpu vme de pse tsc msr pae mce cx8 apic sep mtrr pge mca cmov pat pse36 clflush dts acpi mmx fxsr sse sse2 ss ht tm pbe syscall nx pdpe1gb rdtscp lm constant_tsc art arch_perfmon pebs bts rep_good nopl xtopology nonstop_tsc cpuid aperfmperf tsc_known_freq pni pclmulqdq dtes64 monitor ds_cpl vmx smx est tm2 ssse3 sdbg fma cx16 xtpr pdcm pcid sse4_1 sse4_2 x2apic movbe popcnt tsc_deadline_timer aes xsave avx f16c rdrand lahf_lm abm 3dnowprefetch cpuid_fault epb ssbd ibrs ibpb stibp ibrs_enhanced tpr_shadow flexpriority ept vpid ept_ad fsgsbase tsc_adjust bmi1 avx2 smep bmi2 erms invpcid rdseed adx smap clflushopt clwb intel_pt sha_ni xsaveopt xsavec xgetbv1 xsaves split_lock_detect user_shstk avx_vnni dtherm ida arat pln pts hwp hwp_notify hwp_act_window hwp_epp hwp_pkg_req hfi vnmi umip pku ospke waitpkg gfni vaes vpclmulqdq rdpid movdiri movdir64b fsrm md_clear serialize arch_lbr ibt flush_l1d arch_capabilities

Online cpus: 0-19
Offline cpus: 
BIOS frequency limitation: <Not Available>
Frequency switch latency (ns): 0
Available cpu frequencies: <Not Available>
Current governor: powersave
Core performance/turbo boost: <Not Available>

Memory: 4k page, physical 15978148k(9916848k free), swap 8388604k(8388528k free)
Page Sizes: 4k

vm_info: OpenJDK 64-Bit Server VM (25.0.1) for linux-amd64 JRE (25.0.1), built on 2025-09-17T15:44:16Z with gcc 15.2.1 20250813

END.
