#
# A fatal error has been detected by the Java Runtime Environment:
#
#  SIGSEGV (0xb) at pc=0x00007f2acaa80072, pid=138021, tid=138088
#
# JRE version: OpenJDK Runtime Environment (25.0.1) (build 25.0.1)
# Java VM: OpenJDK 64-Bit Server VM (25.0.1, mixed mode, sharing, tiered, compressed oops, compressed class ptrs, g1 gc, linux-amd64)
# Problematic frame:
# C  [libc.so.6+0x80072]  _IO_fclose+0x12
#
# Core dump will be written. Default location: Core dumps may be processed with "/usr/lib/systemd/systemd-coredump %P %u %g %s %t %c %h %d %F" (or dumping to /home/lightswisp/Documents/jhook/src/example/core.138021)
#
# If you would like to submit a bug report, please visit:
#   https://bugreport.java.com/bugreport/crash.jsp
# The crash happened outside the Java Virtual Machine in native code.
# See problematic frame for where to report the bug.
#

---------------  S U M M A R Y ------------

Command Line: test

Host: 13th Gen Intel(R) Core(TM) i7-13700H, 20 cores, 15G, Arch Linux
Time: Wed Oct  1 09:13:01 2025 EDT elapsed time: 52.177675 seconds (0d 0h 0m 52s)

---------------  T H R E A D  ---------------

Current thread (0x00007f2a58000c40):  JavaThread "Thread-0"         [_thread_in_native, id=138088, stack(0x00007f2a86bfa000,0x00007f2a873fa000) (8192K)]

Stack: [0x00007f2a86bfa000,0x00007f2a873fa000],  sp=0x00007f2a873f5cf0,  free space=8175k
Native frames: (J=compiled Java code, j=interpreted, Vv=VM code, C=native code)
C  [libc.so.6+0x80072]  _IO_fclose+0x12
C  [libjhook_example.so+0x3627]  jhook_resolve_class_dependencies+0x3b7
C  [libjhook_example.so+0x2dbf]  jhook_register+0x6f
C  [libjhook_example.so+0x266e]  __main_thread+0x9e
C  [libc.so.6+0x969cb]

siginfo: si_signo: 11 (SIGSEGV), si_code: 1 (SEGV_MAPERR), si_addr: 0x000000000000000b

Registers:
RAX=0x0000000000000002, RBX=0x000000000000000b, RCX=0x0000000000000838, RDX=0x0000000000000002
RSP=0x00007f2a873f5cf0, RBP=0x00007f2a873f5d10, RSI=0x00007f2a873f7e20, RDI=0x000000000000000b
R8 =0x0000000000000000, R9 =0x0000000000000000, R10=0x0000000000000000, R11=0x00007f2acaa80060
R12=0x00007f2a873f96c0, R13=0x00007ffd33c15eb0, R14=0x00007f2a873f9ce4, R15=0x00007ffd33c15fb7
RIP=0x00007f2acaa80072, EFLAGS=0x0000000000010206, CSGSFS=0x002b000000000033, ERR=0x0000000000000004
  TRAPNO=0x000000000000000e

XMM[0]=0x0000000000000000 0x0000564a07d5cac0
XMM[1]=0x0000564a07d5cac0 0x0000564a07d5cac0
XMM[2]=0x656d616e5f737361 0x6c63206d305b1b3a
XMM[3]=0x6b6f6f686a206d33 0x335b1b5d4d412033
XMM[4]=0x00000000ff000000 0x0000000000000000
XMM[5]=0x0000000000ffffff 0xffffffffffffffff
XMM[6]=0x0000000000000000 0x0000000000000000
XMM[7]=0x0000000000000000 0x0000000000000000
XMM[8]=0x0000000000000000 0x0000000000000002
XMM[9]=0x0000000000000000 0x0000000000000001
XMM[10]=0x0000000000000001 0x0000000000000001
XMM[11]=0xffffffffffff0000 0x0003000300030003
XMM[12]=0x0000000000000000 0x00ff00fd00fb00f9
XMM[13]=0x0000000000ff00fb 0x0000000000fe00fa
XMM[14]=0x0000000000000000 0x0000000000000000
XMM[15]=0x0000000000000000 0x0000000000000000
  MXCSR=0x00001fa0


Register to memory mapping:

RAX=0x0000000000000002 is an unknown value
RBX=0x000000000000000b is an unknown value
RCX=0x0000000000000838 is an unknown value
RDX=0x0000000000000002 is an unknown value
RSP=0x00007f2a873f5cf0 is pointing into the stack for thread: 0x00007f2a58000c40
RBP=0x00007f2a873f5d10 is pointing into the stack for thread: 0x00007f2a58000c40
RSI=0x00007f2a873f7e20 is pointing into the stack for thread: 0x00007f2a58000c40
RDI=0x000000000000000b is an unknown value
R8 =0x0 is null
R9 =0x0 is null
R10=0x0 is null
R11=0x00007f2acaa80060: _IO_fclose+0x0000000000000000 in /usr/lib/libc.so.6 at 0x00007f2acaa00000
R12=0x00007f2a873f96c0 is pointing into the stack for thread: 0x00007f2a58000c40
R13=0x00007ffd33c15eb0 points into unknown readable memory: 0x00000000003d0f00 | 00 0f 3d 00 00 00 00 00
R14=0x00007f2a873f9ce4 is pointing into the stack for thread: 0x00007f2a58000c40
R15=0x00007ffd33c15fb7 points into unknown readable memory: 01

Top of Stack: (sp=0x00007f2a873f5cf0)
0x00007f2a873f5cf0:   0000000000000008 ffffffff00000000   ................
0x00007f2a873f5d00:   00007f2a873f96c0 00007f2a873f96c0   ..?.*.....?.*...
0x00007f2a873f5d10:   00007f2a873f7d90 00007f2acac49627   .}?.*...'...*...
0x00007f2a873f5d20:   00007f2a873f61e0 00007f2acaa435bd   .a?.*....5..*...
0x00007f2a873f5d30:   00007f2ac9b53540 0000000000000002   @5..*...........
0x00007f2a873f5d40:   00007f2ac4133e10 000000000000000b   .>..*...........
0x00007f2a873f5d50:   0000000000000000 0000000000000000   ................
0x00007f2a873f5d60:   01007f2a873f5db0 0000000000000002   .]?.*...........
0x00007f2a873f5d70:   00007f2a873f7e20 00007f2a580010e0    ~?.*......X*...
0x00007f2a873f5d80:   0000000000000000 0000000000000000   ................
0x00007f2a873f5d90:   000000000000000b 00007f2ac4117d00   .........}..*...
0x00007f2a873f5da0:   00007f2a6803f6f0 0000000000000000   ...h*...........
0x00007f2a873f5db0:   00007f2a873f5e90 00007f2ac9fd590c   .^?.*....Y..*...
0x00007f2a873f5dc0:   00007f2a873f5e10 00007f2ac99d9540   .^?.*...@...*...
0x00007f2a873f5dd0:   00007f2ab398a7e1 00000001b398a7e1   ....*...........
0x00007f2a873f5de0:   0000000000000000 0000000000000000   ................
0x00007f2a873f5df0:   0000000000000002 00007f2aca25c1cb   ..........%.*...
0x00007f2a873f5e00:   0000000000000001 00007f2a873f5e50   ........P^?.*...
0x00007f2a873f5e10:   00000000304e7d7e 00000030c9fd590c   ~}N0.....Y..0...
0x00007f2a873f5e20:   00007f2a873f5ef0 00007f2ac9a4c1a0   .^?.*.......*...
0x00007f2a873f5e30:   00007f2ab398a388 00007f2a7401e8a0   ....*......t*...
0x00007f2a873f5e40:   00007f2a873f5f80 00007f2ac9fa2cc0   ._?.*....,..*...
0x00007f2a873f5e50:   00000000304e7d78 00007f2ac9f84a34   x}N0....4J..*...
0x00007f2a873f5e60:   0000000000000030 00007f2a873f6000   0........`?.*...
0x00007f2a873f5e70:   00007f2a58000c40 00007f2a873f6000   @..X*....`?.*...
0x00007f2a873f5e80:   00007f2a873f5fc0 00007f2ac9fa2cc0   ._?.*....,..*...
0x00007f2a873f5e90:   0000000000000198 000000071b5ec070   ........p.^.....
0x00007f2a873f5ea0:   00007f2a873f5f90 00007f2a58000c40   ._?.*...@..X*...
0x00007f2a873f5eb0:   00007f2a873f5e98 0000000000000000   .^?.*...........
0x00007f2a873f5ec0:   0000000000000000 00007f2a58000c40   ........@..X*...
0x00007f2a873f5ed0:   00007f2a873f60c0 000000071b5ebff8   .`?.*.....^.....
0x00007f2a873f5ee0:   00007f2a873f6000 00007f2a58000c40   .`?.*...@..X*...

Instructions: (pc=0x00007f2acaa80072)
  0x00007f2acaa7ff72:   77 4c 48 89 df ff 15 5b 90 18 00 48 85 c0 74 51
  0x00007f2acaa7ff82:   48 8d 14 18 48 89 c6 b9 01 00 00 00 4c 89 e7 e8
  0x00007f2acaa7ff92:   ca 01 01 00 b8 01 00 00 00 48 8b 55 e8 64 48 2b
  0x00007f2acaa7ffa2:   14 25 28 00 00 00 0f 85 a4 00 00 00 48 81 c4 a0
  0x00007f2acaa7ffb2:   00 00 00 5b 41 5c 5d c3 66 0f 1f 44 00 00 bb 00
  0x00007f2acaa7ffc2:   20 00 00 48 89 df ff 15 0a 90 18 00 48 85 c0 75
  0x00007f2acaa7ffd2:   af b8 ff ff ff ff eb c1 66 0f 1f 44 00 00 48 8b
  0x00007f2acaa7ffe2:   85 78 ff ff ff 48 89 c2 48 c1 e8 20 48 c1 ea 08
  0x00007f2acaa7fff2:   25 00 f0 ff ff 81 e2 ff 0f 00 00 09 d0 2d 88 00
  0x00007f2acaa80002:   00 00 83 f8 07 77 27 48 8b 5d 88 41 81 0c 24 00
  0x00007f2acaa80012:   02 00 00 48 8d 43 ff 48 3d fe 1f 00 00 77 9f e9
  0x00007f2acaa80022:   4e ff ff ff 66 2e 0f 1f 84 00 00 00 00 00 41 8b
  0x00007f2acaa80032:   7c 24 70 e8 a6 ea 08 00 85 c0 75 cb e9 21 ff ff
  0x00007f2acaa80042:   ff 0f 1f 44 00 00 e8 43 c3 00 00 e9 ec fe ff ff
  0x00007f2acaa80052:   67 e8 68 76 0a 00 0f 1f 84 00 00 00 00 00 f3 0f
  0x00007f2acaa80062:   1e fa 55 48 89 e5 41 54 53 48 89 fb 48 83 ec 10
=>0x00007f2acaa80072:   44 8b 27 41 f7 c4 00 20 00 00 0f 85 9e 00 00 00
  0x00007f2acaa80082:   41 f7 c4 00 80 00 00 0f 84 a6 00 00 00 41 c1 ec
  0x00007f2acaa80092:   05 41 83 e4 01 41 f7 dc 48 8b 83 d8 00 00 00 48
  0x00007f2acaa800a2:   8d 0d 38 7e 18 00 48 89 c2 48 29 ca 48 81 fa 2f
  0x00007f2acaa800b2:   09 00 00 0f 87 15 02 00 00 31 f6 48 89 df ff 50
  0x00007f2acaa800c2:   10 44 8b 83 c0 00 00 00 45 85 c0 0f 8f 45 01 00
  0x00007f2acaa800d2:   00 48 83 7b 50 00 74 08 48 89 df e8 ee fc 00 00
  0x00007f2acaa800e2:   48 3b 1d 1f 8e 18 00 0f 94 c0 48 3b 1d 5d 8d 18
  0x00007f2acaa800f2:   00 0f 94 c2 08 d0 75 12 48 3b 1d b7 8c 18 00 74
  0x00007f2acaa80102:   09 48 89 df ff 15 1c 8c 18 00 48 83 c4 10 44 89
  0x00007f2acaa80112:   e0 5b 41 5c 5d c3 0f 1f 84 00 00 00 00 00 e8 ab
  0x00007f2acaa80122:   f7 00 00 44 8b 23 41 f7 c4 00 80 00 00 0f 85 3b
  0x00007f2acaa80132:   01 00 00 48 8b bb 88 00 00 00 80 3d bd 0f 19 00
  0x00007f2acaa80142:   00 64 4c 8b 24 25 10 00 00 00 48 8b 47 08 0f 85
  0x00007f2acaa80152:   8a 00 00 00 49 39 c4 0f 84 61 01 00 00 31 c0 ba
  0x00007f2acaa80162:   01 00 00 00 f0 0f b1 17 0f 85 98 01 00 00 48 8b


Stack slot to memory mapping:

stack at sp + 0 slots: 0x0000000000000008 is an unknown value
stack at sp + 1 slots: 0xffffffff00000000 is an unknown value
stack at sp + 2 slots: 0x00007f2a873f96c0 is pointing into the stack for thread: 0x00007f2a58000c40
stack at sp + 3 slots: 0x00007f2a873f96c0 is pointing into the stack for thread: 0x00007f2a58000c40
stack at sp + 4 slots: 0x00007f2a873f7d90 is pointing into the stack for thread: 0x00007f2a58000c40
stack at sp + 5 slots: 0x00007f2acac49627: jhook_resolve_class_dependencies+0x00000000000003b7 in /home/lightswisp/Documents/jhook/scripts/libjhook_example.so at 0x00007f2acac46000
stack at sp + 6 slots: 0x00007f2a873f61e0 is pointing into the stack for thread: 0x00007f2a58000c40
stack at sp + 7 slots: 0x00007f2acaa435bd: qsort_r+0x000000000000007d in /usr/lib/libc.so.6 at 0x00007f2acaa00000

Lock stack of current Java thread (top to bottom):


---------------  P R O C E S S  ---------------

Threads class SMR info:
_java_thread_list=0x00007f2a58001ec0, length=11, elements={
0x00007f2ac4018fe0, 0x00007f2ac4140de0, 0x00007f2ac4141e20, 0x00007f2ac41431b0,
0x00007f2ac4144990, 0x00007f2ac4146220, 0x00007f2ac41480b0, 0x00007f2ac4149ab0,
0x00007f2ac4156630, 0x00007f2ac4158bd0, 0x00007f2a58000c40
}

Java Threads: ( => current thread )
  0x00007f2ac4018fe0 JavaThread "main"                              [_thread_blocked, id=138022, stack(0x00007f2aca900000,0x00007f2acaa00000) (1024K)]
  0x00007f2ac4140de0 JavaThread "Reference Handler"          daemon [_thread_blocked, id=138034, stack(0x00007f2a87f00000,0x00007f2a88000000) (1024K)]
  0x00007f2ac4141e20 JavaThread "Finalizer"                  daemon [_thread_blocked, id=138035, stack(0x00007f2aa40ee000,0x00007f2aa41ee000) (1024K)]
  0x00007f2ac41431b0 JavaThread "Signal Dispatcher"          daemon [_thread_blocked, id=138036, stack(0x00007f2a87dff000,0x00007f2a87eff000) (1024K)]
  0x00007f2ac4144990 JavaThread "Service Thread"             daemon [_thread_blocked, id=138037, stack(0x00007f2a87900000,0x00007f2a87a00000) (1024K)]
  0x00007f2ac4146220 JavaThread "Monitor Deflation Thread"   daemon [_thread_blocked, id=138038, stack(0x00007f2a877ff000,0x00007f2a878ff000) (1024K)]
  0x00007f2ac41480b0 JavaThread "C2 CompilerThread0"         daemon [_thread_blocked, id=138039, stack(0x00007f2a876fe000,0x00007f2a877fe000) (1024K)]
  0x00007f2ac4149ab0 JavaThread "C1 CompilerThread0"         daemon [_thread_blocked, id=138040, stack(0x00007f2a875fd000,0x00007f2a876fd000) (1024K)]
  0x00007f2ac4156630 JavaThread "Notification Thread"        daemon [_thread_blocked, id=138041, stack(0x00007f2a874fc000,0x00007f2a875fc000) (1024K)]
  0x00007f2ac4158bd0 JavaThread "Common-Cleaner"             daemon [_thread_blocked, id=138042, stack(0x00007f2a873fb000,0x00007f2a874fb000) (1024K)]
=>0x00007f2a58000c40 JavaThread "Thread-0"                          [_thread_in_native, id=138088, stack(0x00007f2a86bfa000,0x00007f2a873fa000) (8192K)]
Total: 11

Other Threads:
  0x00007f2ac41372b0 VMThread "VM Thread"                           [id=138033, stack(0x00007f2aa41ef000,0x00007f2aa42ef000) (1024K)]
  0x00007f2ac4126a50 WatcherThread "VM Periodic Task Thread"        [id=138032, stack(0x00007f2aa42f0000,0x00007f2aa43f0000) (1024K)]
  0x00007f2ac4082c40 WorkerThread "GC Thread#0"                     [id=138023, stack(0x00007f2ac8010000,0x00007f2ac8110000) (1024K)]
  0x00007f2ac409b2e0 ConcurrentGCThread "G1 Main Marker"            [id=138024, stack(0x00007f2aa76ca000,0x00007f2aa77ca000) (1024K)]
  0x00007f2ac409c4f0 WorkerThread "G1 Conc#0"                       [id=138025, stack(0x00007f2aa75c9000,0x00007f2aa76c9000) (1024K)]
  0x00007f2ac410ed20 ConcurrentGCThread "G1 Refine#0"               [id=138026, stack(0x00007f2aa44f2000,0x00007f2aa45f2000) (1024K)]
  0x00007f2ac410ff20 ConcurrentGCThread "G1 Service"                [id=138027, stack(0x00007f2aa43f1000,0x00007f2aa44f1000) (1024K)]
Total: 7

Threads with active compile tasks:
Total: 0

VM state: not at safepoint (normal execution)

VM Mutex/Monitor currently owned by a thread: None

Heap address: 0x000000070c200000, size: 3902 MB, Compressed Oops mode: Zero based, Oop shift amount: 3

CDS archive(s) mapped at: [0x0000000030000000-0x0000000030d8c000-0x0000000030d8c000), size 14204928, SharedBaseAddress: 0x0000000030000000, ArchiveRelocationMode: 1.
Compressed class space mapped at: 0x0000000031000000-0x0000000071000000, reserved size: 1073741824
UseCompressedClassPointers 1, UseCompactObjectHeaders 0
Narrow klass pointer bits 32, Max shift 3
Narrow klass base: 0x0000000030000000, Narrow klass shift: 0
Encoding Range: [0x0000000030000000 - 0x0000000130000000), (4294967296 bytes)
Klass Range:    [0x0000000030001000 - 0x0000000071000000), (1090514944 bytes)
Klass ID Range:  [4096 - 1090519033) (1090514937)
Protection zone: [0x0000000030000000 - 0x0000000030001000), (4096 bytes)

GC Precious Log:
 CardTable entry size: 512
 Card Set container configuration: InlinePtr #cards 4 size 8 Array Of Cards #cards 16 size 48 Howl #buckets 8 coarsen threshold 3686 Howl Bitmap #cards 512 size 80 coarsen threshold 460 Card regions per heap region 1 cards per card region 4096
 CPUs: 20 total, 20 available
 Memory: 15603M
 Large Page Support: Disabled
 NUMA Support: Disabled
 Compressed Oops: Enabled (Zero based)
 Heap Region Size: 2M
 Heap Min Capacity: 8M
 Heap Initial Capacity: 244M
 Heap Max Capacity: 3902M
 Pre-touch: Disabled
 Parallel Workers: 15
 Concurrent Workers: 4
 Concurrent Refinement Workers: 15
 Periodic GC: Disabled

Heap:
 garbage-first heap   total reserved 3995648K, committed 251904K, used 1155K [0x000000070c200000, 0x0000000800000000)
  region size 2048K, 1 young (2048K), 0 survivors (0K)

Heap Regions: E=young(eden), S=young(survivor), O=old, HS=humongous(starts), HC=humongous(continues), CS=collection set, F=free, TAMS=top-at-mark-start, PB=parsable bottom
|   0|0x000000070c200000, 0x000000070c200000, 0x000000070c400000|  0%| F|  |TAMS 0x000000070c200000| PB 0x000000070c200000| Untracked |  0
|   1|0x000000070c400000, 0x000000070c400000, 0x000000070c600000|  0%| F|  |TAMS 0x000000070c400000| PB 0x000000070c400000| Untracked |  0
|   2|0x000000070c600000, 0x000000070c600000, 0x000000070c800000|  0%| F|  |TAMS 0x000000070c600000| PB 0x000000070c600000| Untracked |  0
|   3|0x000000070c800000, 0x000000070c800000, 0x000000070ca00000|  0%| F|  |TAMS 0x000000070c800000| PB 0x000000070c800000| Untracked |  0
|   4|0x000000070ca00000, 0x000000070ca00000, 0x000000070cc00000|  0%| F|  |TAMS 0x000000070ca00000| PB 0x000000070ca00000| Untracked |  0
|   5|0x000000070cc00000, 0x000000070cc00000, 0x000000070ce00000|  0%| F|  |TAMS 0x000000070cc00000| PB 0x000000070cc00000| Untracked |  0
|   6|0x000000070ce00000, 0x000000070ce00000, 0x000000070d000000|  0%| F|  |TAMS 0x000000070ce00000| PB 0x000000070ce00000| Untracked |  0
|   7|0x000000070d000000, 0x000000070d000000, 0x000000070d200000|  0%| F|  |TAMS 0x000000070d000000| PB 0x000000070d000000| Untracked |  0
|   8|0x000000070d200000, 0x000000070d200000, 0x000000070d400000|  0%| F|  |TAMS 0x000000070d200000| PB 0x000000070d200000| Untracked |  0
|   9|0x000000070d400000, 0x000000070d400000, 0x000000070d600000|  0%| F|  |TAMS 0x000000070d400000| PB 0x000000070d400000| Untracked |  0
|  10|0x000000070d600000, 0x000000070d600000, 0x000000070d800000|  0%| F|  |TAMS 0x000000070d600000| PB 0x000000070d600000| Untracked |  0
|  11|0x000000070d800000, 0x000000070d800000, 0x000000070da00000|  0%| F|  |TAMS 0x000000070d800000| PB 0x000000070d800000| Untracked |  0
|  12|0x000000070da00000, 0x000000070da00000, 0x000000070dc00000|  0%| F|  |TAMS 0x000000070da00000| PB 0x000000070da00000| Untracked |  0
|  13|0x000000070dc00000, 0x000000070dc00000, 0x000000070de00000|  0%| F|  |TAMS 0x000000070dc00000| PB 0x000000070dc00000| Untracked |  0
|  14|0x000000070de00000, 0x000000070de00000, 0x000000070e000000|  0%| F|  |TAMS 0x000000070de00000| PB 0x000000070de00000| Untracked |  0
|  15|0x000000070e000000, 0x000000070e000000, 0x000000070e200000|  0%| F|  |TAMS 0x000000070e000000| PB 0x000000070e000000| Untracked |  0
|  16|0x000000070e200000, 0x000000070e200000, 0x000000070e400000|  0%| F|  |TAMS 0x000000070e200000| PB 0x000000070e200000| Untracked |  0
|  17|0x000000070e400000, 0x000000070e400000, 0x000000070e600000|  0%| F|  |TAMS 0x000000070e400000| PB 0x000000070e400000| Untracked |  0
|  18|0x000000070e600000, 0x000000070e600000, 0x000000070e800000|  0%| F|  |TAMS 0x000000070e600000| PB 0x000000070e600000| Untracked |  0
|  19|0x000000070e800000, 0x000000070e800000, 0x000000070ea00000|  0%| F|  |TAMS 0x000000070e800000| PB 0x000000070e800000| Untracked |  0
|  20|0x000000070ea00000, 0x000000070ea00000, 0x000000070ec00000|  0%| F|  |TAMS 0x000000070ea00000| PB 0x000000070ea00000| Untracked |  0
|  21|0x000000070ec00000, 0x000000070ec00000, 0x000000070ee00000|  0%| F|  |TAMS 0x000000070ec00000| PB 0x000000070ec00000| Untracked |  0
|  22|0x000000070ee00000, 0x000000070ee00000, 0x000000070f000000|  0%| F|  |TAMS 0x000000070ee00000| PB 0x000000070ee00000| Untracked |  0
|  23|0x000000070f000000, 0x000000070f000000, 0x000000070f200000|  0%| F|  |TAMS 0x000000070f000000| PB 0x000000070f000000| Untracked |  0
|  24|0x000000070f200000, 0x000000070f200000, 0x000000070f400000|  0%| F|  |TAMS 0x000000070f200000| PB 0x000000070f200000| Untracked |  0
|  25|0x000000070f400000, 0x000000070f400000, 0x000000070f600000|  0%| F|  |TAMS 0x000000070f400000| PB 0x000000070f400000| Untracked |  0
|  26|0x000000070f600000, 0x000000070f600000, 0x000000070f800000|  0%| F|  |TAMS 0x000000070f600000| PB 0x000000070f600000| Untracked |  0
|  27|0x000000070f800000, 0x000000070f800000, 0x000000070fa00000|  0%| F|  |TAMS 0x000000070f800000| PB 0x000000070f800000| Untracked |  0
|  28|0x000000070fa00000, 0x000000070fa00000, 0x000000070fc00000|  0%| F|  |TAMS 0x000000070fa00000| PB 0x000000070fa00000| Untracked |  0
|  29|0x000000070fc00000, 0x000000070fc00000, 0x000000070fe00000|  0%| F|  |TAMS 0x000000070fc00000| PB 0x000000070fc00000| Untracked |  0
|  30|0x000000070fe00000, 0x000000070fe00000, 0x0000000710000000|  0%| F|  |TAMS 0x000000070fe00000| PB 0x000000070fe00000| Untracked |  0
|  31|0x0000000710000000, 0x0000000710000000, 0x0000000710200000|  0%| F|  |TAMS 0x0000000710000000| PB 0x0000000710000000| Untracked |  0
|  32|0x0000000710200000, 0x0000000710200000, 0x0000000710400000|  0%| F|  |TAMS 0x0000000710200000| PB 0x0000000710200000| Untracked |  0
|  33|0x0000000710400000, 0x0000000710400000, 0x0000000710600000|  0%| F|  |TAMS 0x0000000710400000| PB 0x0000000710400000| Untracked |  0
|  34|0x0000000710600000, 0x0000000710600000, 0x0000000710800000|  0%| F|  |TAMS 0x0000000710600000| PB 0x0000000710600000| Untracked |  0
|  35|0x0000000710800000, 0x0000000710800000, 0x0000000710a00000|  0%| F|  |TAMS 0x0000000710800000| PB 0x0000000710800000| Untracked |  0
|  36|0x0000000710a00000, 0x0000000710a00000, 0x0000000710c00000|  0%| F|  |TAMS 0x0000000710a00000| PB 0x0000000710a00000| Untracked |  0
|  37|0x0000000710c00000, 0x0000000710c00000, 0x0000000710e00000|  0%| F|  |TAMS 0x0000000710c00000| PB 0x0000000710c00000| Untracked |  0
|  38|0x0000000710e00000, 0x0000000710e00000, 0x0000000711000000|  0%| F|  |TAMS 0x0000000710e00000| PB 0x0000000710e00000| Untracked |  0
|  39|0x0000000711000000, 0x0000000711000000, 0x0000000711200000|  0%| F|  |TAMS 0x0000000711000000| PB 0x0000000711000000| Untracked |  0
|  40|0x0000000711200000, 0x0000000711200000, 0x0000000711400000|  0%| F|  |TAMS 0x0000000711200000| PB 0x0000000711200000| Untracked |  0
|  41|0x0000000711400000, 0x0000000711400000, 0x0000000711600000|  0%| F|  |TAMS 0x0000000711400000| PB 0x0000000711400000| Untracked |  0
|  42|0x0000000711600000, 0x0000000711600000, 0x0000000711800000|  0%| F|  |TAMS 0x0000000711600000| PB 0x0000000711600000| Untracked |  0
|  43|0x0000000711800000, 0x0000000711800000, 0x0000000711a00000|  0%| F|  |TAMS 0x0000000711800000| PB 0x0000000711800000| Untracked |  0
|  44|0x0000000711a00000, 0x0000000711a00000, 0x0000000711c00000|  0%| F|  |TAMS 0x0000000711a00000| PB 0x0000000711a00000| Untracked |  0
|  45|0x0000000711c00000, 0x0000000711c00000, 0x0000000711e00000|  0%| F|  |TAMS 0x0000000711c00000| PB 0x0000000711c00000| Untracked |  0
|  46|0x0000000711e00000, 0x0000000711e00000, 0x0000000712000000|  0%| F|  |TAMS 0x0000000711e00000| PB 0x0000000711e00000| Untracked |  0
|  47|0x0000000712000000, 0x0000000712000000, 0x0000000712200000|  0%| F|  |TAMS 0x0000000712000000| PB 0x0000000712000000| Untracked |  0
|  48|0x0000000712200000, 0x0000000712200000, 0x0000000712400000|  0%| F|  |TAMS 0x0000000712200000| PB 0x0000000712200000| Untracked |  0
|  49|0x0000000712400000, 0x0000000712400000, 0x0000000712600000|  0%| F|  |TAMS 0x0000000712400000| PB 0x0000000712400000| Untracked |  0
|  50|0x0000000712600000, 0x0000000712600000, 0x0000000712800000|  0%| F|  |TAMS 0x0000000712600000| PB 0x0000000712600000| Untracked |  0
|  51|0x0000000712800000, 0x0000000712800000, 0x0000000712a00000|  0%| F|  |TAMS 0x0000000712800000| PB 0x0000000712800000| Untracked |  0
|  52|0x0000000712a00000, 0x0000000712a00000, 0x0000000712c00000|  0%| F|  |TAMS 0x0000000712a00000| PB 0x0000000712a00000| Untracked |  0
|  53|0x0000000712c00000, 0x0000000712c00000, 0x0000000712e00000|  0%| F|  |TAMS 0x0000000712c00000| PB 0x0000000712c00000| Untracked |  0
|  54|0x0000000712e00000, 0x0000000712e00000, 0x0000000713000000|  0%| F|  |TAMS 0x0000000712e00000| PB 0x0000000712e00000| Untracked |  0
|  55|0x0000000713000000, 0x0000000713000000, 0x0000000713200000|  0%| F|  |TAMS 0x0000000713000000| PB 0x0000000713000000| Untracked |  0
|  56|0x0000000713200000, 0x0000000713200000, 0x0000000713400000|  0%| F|  |TAMS 0x0000000713200000| PB 0x0000000713200000| Untracked |  0
|  57|0x0000000713400000, 0x0000000713400000, 0x0000000713600000|  0%| F|  |TAMS 0x0000000713400000| PB 0x0000000713400000| Untracked |  0
|  58|0x0000000713600000, 0x0000000713600000, 0x0000000713800000|  0%| F|  |TAMS 0x0000000713600000| PB 0x0000000713600000| Untracked |  0
|  59|0x0000000713800000, 0x0000000713800000, 0x0000000713a00000|  0%| F|  |TAMS 0x0000000713800000| PB 0x0000000713800000| Untracked |  0
|  60|0x0000000713a00000, 0x0000000713a00000, 0x0000000713c00000|  0%| F|  |TAMS 0x0000000713a00000| PB 0x0000000713a00000| Untracked |  0
|  61|0x0000000713c00000, 0x0000000713c00000, 0x0000000713e00000|  0%| F|  |TAMS 0x0000000713c00000| PB 0x0000000713c00000| Untracked |  0
|  62|0x0000000713e00000, 0x0000000713e00000, 0x0000000714000000|  0%| F|  |TAMS 0x0000000713e00000| PB 0x0000000713e00000| Untracked |  0
|  63|0x0000000714000000, 0x0000000714000000, 0x0000000714200000|  0%| F|  |TAMS 0x0000000714000000| PB 0x0000000714000000| Untracked |  0
|  64|0x0000000714200000, 0x0000000714200000, 0x0000000714400000|  0%| F|  |TAMS 0x0000000714200000| PB 0x0000000714200000| Untracked |  0
|  65|0x0000000714400000, 0x0000000714400000, 0x0000000714600000|  0%| F|  |TAMS 0x0000000714400000| PB 0x0000000714400000| Untracked |  0
|  66|0x0000000714600000, 0x0000000714600000, 0x0000000714800000|  0%| F|  |TAMS 0x0000000714600000| PB 0x0000000714600000| Untracked |  0
|  67|0x0000000714800000, 0x0000000714800000, 0x0000000714a00000|  0%| F|  |TAMS 0x0000000714800000| PB 0x0000000714800000| Untracked |  0
|  68|0x0000000714a00000, 0x0000000714a00000, 0x0000000714c00000|  0%| F|  |TAMS 0x0000000714a00000| PB 0x0000000714a00000| Untracked |  0
|  69|0x0000000714c00000, 0x0000000714c00000, 0x0000000714e00000|  0%| F|  |TAMS 0x0000000714c00000| PB 0x0000000714c00000| Untracked |  0
|  70|0x0000000714e00000, 0x0000000714e00000, 0x0000000715000000|  0%| F|  |TAMS 0x0000000714e00000| PB 0x0000000714e00000| Untracked |  0
|  71|0x0000000715000000, 0x0000000715000000, 0x0000000715200000|  0%| F|  |TAMS 0x0000000715000000| PB 0x0000000715000000| Untracked |  0
|  72|0x0000000715200000, 0x0000000715200000, 0x0000000715400000|  0%| F|  |TAMS 0x0000000715200000| PB 0x0000000715200000| Untracked |  0
|  73|0x0000000715400000, 0x0000000715400000, 0x0000000715600000|  0%| F|  |TAMS 0x0000000715400000| PB 0x0000000715400000| Untracked |  0
|  74|0x0000000715600000, 0x0000000715600000, 0x0000000715800000|  0%| F|  |TAMS 0x0000000715600000| PB 0x0000000715600000| Untracked |  0
|  75|0x0000000715800000, 0x0000000715800000, 0x0000000715a00000|  0%| F|  |TAMS 0x0000000715800000| PB 0x0000000715800000| Untracked |  0
|  76|0x0000000715a00000, 0x0000000715a00000, 0x0000000715c00000|  0%| F|  |TAMS 0x0000000715a00000| PB 0x0000000715a00000| Untracked |  0
|  77|0x0000000715c00000, 0x0000000715c00000, 0x0000000715e00000|  0%| F|  |TAMS 0x0000000715c00000| PB 0x0000000715c00000| Untracked |  0
|  78|0x0000000715e00000, 0x0000000715e00000, 0x0000000716000000|  0%| F|  |TAMS 0x0000000715e00000| PB 0x0000000715e00000| Untracked |  0
|  79|0x0000000716000000, 0x0000000716000000, 0x0000000716200000|  0%| F|  |TAMS 0x0000000716000000| PB 0x0000000716000000| Untracked |  0
|  80|0x0000000716200000, 0x0000000716200000, 0x0000000716400000|  0%| F|  |TAMS 0x0000000716200000| PB 0x0000000716200000| Untracked |  0
|  81|0x0000000716400000, 0x0000000716400000, 0x0000000716600000|  0%| F|  |TAMS 0x0000000716400000| PB 0x0000000716400000| Untracked |  0
|  82|0x0000000716600000, 0x0000000716600000, 0x0000000716800000|  0%| F|  |TAMS 0x0000000716600000| PB 0x0000000716600000| Untracked |  0
|  83|0x0000000716800000, 0x0000000716800000, 0x0000000716a00000|  0%| F|  |TAMS 0x0000000716800000| PB 0x0000000716800000| Untracked |  0
|  84|0x0000000716a00000, 0x0000000716a00000, 0x0000000716c00000|  0%| F|  |TAMS 0x0000000716a00000| PB 0x0000000716a00000| Untracked |  0
|  85|0x0000000716c00000, 0x0000000716c00000, 0x0000000716e00000|  0%| F|  |TAMS 0x0000000716c00000| PB 0x0000000716c00000| Untracked |  0
|  86|0x0000000716e00000, 0x0000000716e00000, 0x0000000717000000|  0%| F|  |TAMS 0x0000000716e00000| PB 0x0000000716e00000| Untracked |  0
|  87|0x0000000717000000, 0x0000000717000000, 0x0000000717200000|  0%| F|  |TAMS 0x0000000717000000| PB 0x0000000717000000| Untracked |  0
|  88|0x0000000717200000, 0x0000000717200000, 0x0000000717400000|  0%| F|  |TAMS 0x0000000717200000| PB 0x0000000717200000| Untracked |  0
|  89|0x0000000717400000, 0x0000000717400000, 0x0000000717600000|  0%| F|  |TAMS 0x0000000717400000| PB 0x0000000717400000| Untracked |  0
|  90|0x0000000717600000, 0x0000000717600000, 0x0000000717800000|  0%| F|  |TAMS 0x0000000717600000| PB 0x0000000717600000| Untracked |  0
|  91|0x0000000717800000, 0x0000000717800000, 0x0000000717a00000|  0%| F|  |TAMS 0x0000000717800000| PB 0x0000000717800000| Untracked |  0
|  92|0x0000000717a00000, 0x0000000717a00000, 0x0000000717c00000|  0%| F|  |TAMS 0x0000000717a00000| PB 0x0000000717a00000| Untracked |  0
|  93|0x0000000717c00000, 0x0000000717c00000, 0x0000000717e00000|  0%| F|  |TAMS 0x0000000717c00000| PB 0x0000000717c00000| Untracked |  0
|  94|0x0000000717e00000, 0x0000000717e00000, 0x0000000718000000|  0%| F|  |TAMS 0x0000000717e00000| PB 0x0000000717e00000| Untracked |  0
|  95|0x0000000718000000, 0x0000000718000000, 0x0000000718200000|  0%| F|  |TAMS 0x0000000718000000| PB 0x0000000718000000| Untracked |  0
|  96|0x0000000718200000, 0x0000000718200000, 0x0000000718400000|  0%| F|  |TAMS 0x0000000718200000| PB 0x0000000718200000| Untracked |  0
|  97|0x0000000718400000, 0x0000000718400000, 0x0000000718600000|  0%| F|  |TAMS 0x0000000718400000| PB 0x0000000718400000| Untracked |  0
|  98|0x0000000718600000, 0x0000000718600000, 0x0000000718800000|  0%| F|  |TAMS 0x0000000718600000| PB 0x0000000718600000| Untracked |  0
|  99|0x0000000718800000, 0x0000000718800000, 0x0000000718a00000|  0%| F|  |TAMS 0x0000000718800000| PB 0x0000000718800000| Untracked |  0
| 100|0x0000000718a00000, 0x0000000718a00000, 0x0000000718c00000|  0%| F|  |TAMS 0x0000000718a00000| PB 0x0000000718a00000| Untracked |  0
| 101|0x0000000718c00000, 0x0000000718c00000, 0x0000000718e00000|  0%| F|  |TAMS 0x0000000718c00000| PB 0x0000000718c00000| Untracked |  0
| 102|0x0000000718e00000, 0x0000000718e00000, 0x0000000719000000|  0%| F|  |TAMS 0x0000000718e00000| PB 0x0000000718e00000| Untracked |  0
| 103|0x0000000719000000, 0x0000000719000000, 0x0000000719200000|  0%| F|  |TAMS 0x0000000719000000| PB 0x0000000719000000| Untracked |  0
| 104|0x0000000719200000, 0x0000000719200000, 0x0000000719400000|  0%| F|  |TAMS 0x0000000719200000| PB 0x0000000719200000| Untracked |  0
| 105|0x0000000719400000, 0x0000000719400000, 0x0000000719600000|  0%| F|  |TAMS 0x0000000719400000| PB 0x0000000719400000| Untracked |  0
| 106|0x0000000719600000, 0x0000000719600000, 0x0000000719800000|  0%| F|  |TAMS 0x0000000719600000| PB 0x0000000719600000| Untracked |  0
| 107|0x0000000719800000, 0x0000000719800000, 0x0000000719a00000|  0%| F|  |TAMS 0x0000000719800000| PB 0x0000000719800000| Untracked |  0
| 108|0x0000000719a00000, 0x0000000719a00000, 0x0000000719c00000|  0%| F|  |TAMS 0x0000000719a00000| PB 0x0000000719a00000| Untracked |  0
| 109|0x0000000719c00000, 0x0000000719c00000, 0x0000000719e00000|  0%| F|  |TAMS 0x0000000719c00000| PB 0x0000000719c00000| Untracked |  0
| 110|0x0000000719e00000, 0x0000000719e00000, 0x000000071a000000|  0%| F|  |TAMS 0x0000000719e00000| PB 0x0000000719e00000| Untracked |  0
| 111|0x000000071a000000, 0x000000071a000000, 0x000000071a200000|  0%| F|  |TAMS 0x000000071a000000| PB 0x000000071a000000| Untracked |  0
| 112|0x000000071a200000, 0x000000071a200000, 0x000000071a400000|  0%| F|  |TAMS 0x000000071a200000| PB 0x000000071a200000| Untracked |  0
| 113|0x000000071a400000, 0x000000071a400000, 0x000000071a600000|  0%| F|  |TAMS 0x000000071a400000| PB 0x000000071a400000| Untracked |  0
| 114|0x000000071a600000, 0x000000071a600000, 0x000000071a800000|  0%| F|  |TAMS 0x000000071a600000| PB 0x000000071a600000| Untracked |  0
| 115|0x000000071a800000, 0x000000071a800000, 0x000000071aa00000|  0%| F|  |TAMS 0x000000071a800000| PB 0x000000071a800000| Untracked |  0
| 116|0x000000071aa00000, 0x000000071aa00000, 0x000000071ac00000|  0%| F|  |TAMS 0x000000071aa00000| PB 0x000000071aa00000| Untracked |  0
| 117|0x000000071ac00000, 0x000000071ac00000, 0x000000071ae00000|  0%| F|  |TAMS 0x000000071ac00000| PB 0x000000071ac00000| Untracked |  0
| 118|0x000000071ae00000, 0x000000071ae00000, 0x000000071b000000|  0%| F|  |TAMS 0x000000071ae00000| PB 0x000000071ae00000| Untracked |  0
| 119|0x000000071b000000, 0x000000071b000000, 0x000000071b200000|  0%| F|  |TAMS 0x000000071b000000| PB 0x000000071b000000| Untracked |  0
| 120|0x000000071b200000, 0x000000071b200000, 0x000000071b400000|  0%| F|  |TAMS 0x000000071b200000| PB 0x000000071b200000| Untracked |  0
| 121|0x000000071b400000, 0x000000071b600000, 0x000000071b600000|100%| E|  |TAMS 0x000000071b400000| PB 0x000000071b400000| Complete |  0
|1950|0x00000007ffe00000, 0x00000007fff20fa8, 0x0000000800000000| 56%| O|  |TAMS 0x00000007ffe00000| PB 0x00000007ffe00000| Untracked |  0

Card table byte_map: [0x00007f2aab4c2000,0x00007f2aabc61000] _byte_map_base: 0x00007f2aa7c61000

Marking Bits: (CMBitMap*) 0x00007f2ac40839a0
 Bits: [0x00007f2aa77ca000, 0x00007f2aab4c2000)

Polling page: 0x00007f2acade8000

Metaspace:
Metaspace        used 134K, committed 320K, reserved 1114112K
 class space     used 8K, committed 128K, reserved 1048576K

Usage:
  Non-class:    125.34 KB used.
      Class:      8.66 KB used.
       Both:    134.01 KB used.

Virtual space:
  Non-class space:       64.00 MB reserved,     192.00 KB ( <1%) committed,  1 nodes.
      Class space:        1.00 GB reserved,     128.00 KB ( <1%) committed,  1 nodes.
             Both:        1.06 GB reserved,     320.00 KB ( <1%) committed. 

Chunk freelists:
   Non-Class:  12.00 MB
       Class:  15.75 MB
        Both:  27.74 MB

MaxMetaspaceSize: unlimited
CompressedClassSpaceSize: 1.00 GB
Initial GC threshold: 21.00 MB
Current GC threshold: 21.00 MB
CDS: on
 - commit_granule_bytes: 65536.
 - commit_granule_words: 8192.
 - virtual_space_node_default_size: 8388608.
 - enlarge_chunks_in_place: 1.
UseCompressedClassPointers 1, UseCompactObjectHeaders 0
Narrow klass pointer bits 32, Max shift 3
Narrow klass base: 0x0000000030000000, Narrow klass shift: 0
Encoding Range: [0x0000000030000000 - 0x0000000130000000), (4294967296 bytes)
Klass Range:    [0x0000000030001000 - 0x0000000071000000), (1090514944 bytes)
Klass ID Range:  [4096 - 1090519033) (1090514937)
Protection zone: [0x0000000030000000 - 0x0000000030001000), (4096 bytes)


Internal statistics:

num_allocs_failed_limit: 0.
num_arena_births: 4.
num_arena_deaths: 0.
num_vsnodes_births: 2.
num_vsnodes_deaths: 0.
num_space_committed: 5.
num_space_uncommitted: 0.
num_chunks_returned_to_freelist: 0.
num_chunks_taken_from_freelist: 4.
num_chunk_merges: 0.
num_chunk_splits: 4.
num_chunks_enlarged: 0.
num_inconsistent_stats: 0.

CodeHeap 'non-profiled nmethods': size=119172Kb used=2Kb max_used=2Kb free=119169Kb
 bounds [0x00007f2ab3f9f000, 0x00007f2ab420f000, 0x00007f2abb400000]
CodeHeap 'profiled nmethods': size=119164Kb used=3Kb max_used=3Kb free=119160Kb
 bounds [0x00007f2aac400000, 0x00007f2aac670000, 0x00007f2ab385f000]
CodeHeap 'non-nmethods': size=7424Kb used=1203Kb max_used=1213Kb free=6220Kb
 bounds [0x00007f2ab385f000, 0x00007f2ab3acf000, 0x00007f2ab3f9f000]
CodeCache: size=245760Kb, used=1208Kb, max_used=1218Kb, free=244549Kb
 total_blobs=311, nmethods=7, adapters=210, full_count=0
Compilation: enabled, stopped_count=0, restarted_count=0

Compilation events (8 events):
Event: 0.023 Thread 0x00007f2ac4149ab0    1       3       java.lang.Byte::toUnsignedInt (6 bytes)
Event: 0.024 Thread 0x00007f2ac4149ab0 nmethod 1 0x00007f2aac400008 code [0x00007f2aac400100, 0x00007f2aac4001e8]
Event: 0.024 Thread 0x00007f2ac4149ab0    2       3       java.lang.String::hashCode (60 bytes)
Event: 0.024 Thread 0x00007f2ac4149ab0 nmethod 2 0x00007f2aac400308 code [0x00007f2aac400400, 0x00007f2aac400808]
Event: 0.024 Thread 0x00007f2ac4149ab0    3       3       java.lang.Object::<init> (1 bytes)
Event: 0.025 Thread 0x00007f2ac4149ab0 nmethod 3 0x00007f2aac400888 code [0x00007f2aac400980, 0x00007f2aac400a80]
Event: 0.026 Thread 0x00007f2ac4149ab0    7       3       java.lang.String::coder (15 bytes)
Event: 0.026 Thread 0x00007f2ac4149ab0 nmethod 7 0x00007f2aac400b88 code [0x00007f2aac400c80, 0x00007f2aac400da8]

GC Heap Usage History (0 events):
No events

Metaspace Usage History (0 events):
No events

Dll operation events (2 events):
Event: 0.002 Loaded shared library /usr/lib/jvm/java-25-openjdk/lib/libjava.so
Event: 0.023 Loaded shared library /usr/lib/jvm/java-25-openjdk/lib/libsimdsort.so

Deoptimization events (0 events):
No events

Classes loaded (20 events):
Event: 0.025 Loading class jdk/internal/vm/PostVMInitHook
Event: 0.025 Loading class jdk/internal/vm/PostVMInitHook done
Event: 0.026 Loading class jdk/internal/loader/URLClassPath$FileLoader
Event: 0.026 Loading class jdk/internal/loader/URLClassPath$FileLoader done
Event: 0.026 Loading class jdk/internal/loader/URLClassPath$FileLoader$1
Event: 0.026 Loading class jdk/internal/loader/URLClassPath$FileLoader$1 done
Event: 0.027 Loading class java/lang/InterruptedException
Event: 0.027 Loading class java/lang/InterruptedException done
Event: 0.028 Loading class jdk/internal/event/ThreadSleepEvent
Event: 0.028 Loading class jdk/internal/event/Event
Event: 0.028 Loading class jdk/internal/event/Event done
Event: 0.028 Loading class jdk/internal/event/ThreadSleepEvent done
Event: 2.726 Loading class java/lang/Thread$ThreadNumbering
Event: 2.726 Loading class java/lang/Thread$ThreadNumbering done
Event: 3.899 Loading class java/io/BufferedReader
Event: 3.899 Loading class java/io/Reader
Event: 3.899 Loading class java/io/Reader done
Event: 3.899 Loading class java/io/BufferedReader done
Event: 3.900 Loading class java/io/PrintWriter
Event: 3.900 Loading class java/io/PrintWriter done

Classes unloaded (0 events):
No events

Classes redefined (0 events):
No events

Internal exceptions (0 events):
No events

VM Operations (2 events):
Event: 3.898 Executing safepoint VM operation: SetNotifyJvmtiEventsMode
Event: 3.898 Executing safepoint VM operation: SetNotifyJvmtiEventsMode done

Memory protections (12 events):
Event: 0.002 Protecting memory [0x00007f2aca900000,0x00007f2aca904000] with protection modes 0
Event: 0.010 Protecting memory [0x0000000030000000,0x0000000030001000] with protection modes 0
Event: 0.021 Protecting memory [0x00007f2a87f00000,0x00007f2a87f04000] with protection modes 0
Event: 0.021 Protecting memory [0x00007f2aa40ee000,0x00007f2aa40f2000] with protection modes 0
Event: 0.021 Protecting memory [0x00007f2a87dff000,0x00007f2a87e03000] with protection modes 0
Event: 0.022 Protecting memory [0x00007f2a87900000,0x00007f2a87904000] with protection modes 0
Event: 0.022 Protecting memory [0x00007f2a877ff000,0x00007f2a87803000] with protection modes 0
Event: 0.022 Protecting memory [0x00007f2a876fe000,0x00007f2a87702000] with protection modes 0
Event: 0.022 Protecting memory [0x00007f2a875fd000,0x00007f2a87601000] with protection modes 0
Event: 0.025 Protecting memory [0x00007f2a874fc000,0x00007f2a87500000] with protection modes 0
Event: 0.027 Protecting memory [0x00007f2a873fb000,0x00007f2a873ff000] with protection modes 0
Event: 2.726 Protecting memory [0x00007f2a86bfa000,0x00007f2a86bfe000] with protection modes 0

Nmethod flushes (0 events):
No events

Events (11 events):
Event: 0.013 Thread 0x00007f2ac4018fe0 Thread added: 0x00007f2ac4018fe0
Event: 0.021 Thread 0x00007f2ac4018fe0 Thread added: 0x00007f2ac4140de0
Event: 0.021 Thread 0x00007f2ac4018fe0 Thread added: 0x00007f2ac4141e20
Event: 0.021 Thread 0x00007f2ac4018fe0 Thread added: 0x00007f2ac41431b0
Event: 0.022 Thread 0x00007f2ac4018fe0 Thread added: 0x00007f2ac4144990
Event: 0.022 Thread 0x00007f2ac4018fe0 Thread added: 0x00007f2ac4146220
Event: 0.022 Thread 0x00007f2ac4018fe0 Thread added: 0x00007f2ac41480b0
Event: 0.022 Thread 0x00007f2ac4018fe0 Thread added: 0x00007f2ac4149ab0
Event: 0.025 Thread 0x00007f2ac4018fe0 Thread added: 0x00007f2ac4156630
Event: 0.027 Thread 0x00007f2ac4018fe0 Thread added: 0x00007f2ac4158bd0
Event: 2.726 Thread 0x00007f2a58000c40 Thread added: 0x00007f2a58000c40


Dynamic libraries:
30000000-30001000 ---p 00000000 00:00 0 
30001000-30d8c000 rw-p 00001000 103:03 10648480                          /usr/lib/jvm/java-25-openjdk/lib/server/classes.jsa
30d8c000-31000000 ---p 00000000 00:00 0 
31000000-31010000 rw-p 00000000 00:00 0 
31010000-31040000 ---p 00000000 00:00 0 
31040000-31050000 rw-p 00000000 00:00 0 
31050000-71000000 ---p 00000000 00:00 0 
70c200000-71b600000 rw-p 00000000 00:00 0 
71b600000-7ffe00000 ---p 00000000 00:00 0 
7ffe00000-7fff21000 rw-p 00dbf000 103:03 10648480                        /usr/lib/jvm/java-25-openjdk/lib/server/classes.jsa
7fff21000-800000000 rw-p 00000000 00:00 0 
5649f1075000-5649f1076000 r--p 00000000 103:03 10498658                  /usr/lib/jvm/java-25-openjdk/bin/java
5649f1076000-5649f1077000 r-xp 00001000 103:03 10498658                  /usr/lib/jvm/java-25-openjdk/bin/java
5649f1077000-5649f1078000 r--p 00002000 103:03 10498658                  /usr/lib/jvm/java-25-openjdk/bin/java
5649f1078000-5649f1079000 r--p 00002000 103:03 10498658                  /usr/lib/jvm/java-25-openjdk/bin/java
5649f1079000-5649f107a000 rw-p 00003000 103:03 10498658                  /usr/lib/jvm/java-25-openjdk/bin/java
564a07d45000-564a07d8d000 rw-p 00000000 00:00 0                          [heap]
7f2a54000000-7f2a54021000 rw-p 00000000 00:00 0 
7f2a54021000-7f2a58000000 ---p 00000000 00:00 0 
7f2a58000000-7f2a58024000 rw-p 00000000 00:00 0 
7f2a58024000-7f2a5c000000 ---p 00000000 00:00 0 
7f2a5c000000-7f2a5c024000 rw-p 00000000 00:00 0 
7f2a5c024000-7f2a60000000 ---p 00000000 00:00 0 
7f2a60000000-7f2a60021000 rw-p 00000000 00:00 0 
7f2a60021000-7f2a64000000 ---p 00000000 00:00 0 
7f2a64000000-7f2a64021000 rw-p 00000000 00:00 0 
7f2a64021000-7f2a68000000 ---p 00000000 00:00 0 
7f2a68000000-7f2a68082000 rw-p 00000000 00:00 0 
7f2a68082000-7f2a6c000000 ---p 00000000 00:00 0 
7f2a6c000000-7f2a6c021000 rw-p 00000000 00:00 0 
7f2a6c021000-7f2a70000000 ---p 00000000 00:00 0 
7f2a70000000-7f2a70021000 rw-p 00000000 00:00 0 
7f2a70021000-7f2a74000000 ---p 00000000 00:00 0 
7f2a74000000-7f2a74020000 rw-p 00000000 00:00 0 
7f2a74020000-7f2a74400000 ---p 00000000 00:00 0 
7f2a74400000-7f2a74410000 rw-p 00000000 00:00 0 
7f2a74410000-7f2a78000000 ---p 00000000 00:00 0 
7f2a78000000-7f2a78021000 rw-p 00000000 00:00 0 
7f2a78021000-7f2a7c000000 ---p 00000000 00:00 0 
7f2a80000000-7f2a80021000 rw-p 00000000 00:00 0 
7f2a80021000-7f2a84000000 ---p 00000000 00:00 0 
7f2a86bf9000-7f2a86bfa000 rw-p 00000000 00:00 0 
7f2a86bfa000-7f2a86bfe000 ---p 00000000 00:00 0 
7f2a86bfe000-7f2a873fb000 rw-p 00000000 00:00 0 
7f2a873fb000-7f2a873ff000 ---p 00000000 00:00 0 
7f2a873ff000-7f2a874fc000 rw-p 00000000 00:00 0 
7f2a874fc000-7f2a87500000 ---p 00000000 00:00 0 
7f2a87500000-7f2a875fd000 rw-p 00000000 00:00 0 
7f2a875fd000-7f2a87601000 ---p 00000000 00:00 0 
7f2a87601000-7f2a876fe000 rw-p 00000000 00:00 0 
7f2a876fe000-7f2a87702000 ---p 00000000 00:00 0 
7f2a87702000-7f2a877ff000 rw-p 00000000 00:00 0 
7f2a877ff000-7f2a87803000 ---p 00000000 00:00 0 
7f2a87803000-7f2a87900000 rw-p 00000000 00:00 0 
7f2a87900000-7f2a87904000 ---p 00000000 00:00 0 
7f2a87904000-7f2a87a00000 rw-p 00000000 00:00 0 
7f2a87a00000-7f2a87df6000 r--p 00000000 103:03 10269124                  /usr/lib/locale/locale-archive
7f2a87dfe000-7f2a87dff000 rw-p 00000000 00:00 0 
7f2a87dff000-7f2a87e03000 ---p 00000000 00:00 0 
7f2a87e03000-7f2a87f00000 rw-p 00000000 00:00 0 
7f2a87f00000-7f2a87f04000 ---p 00000000 00:00 0 
7f2a87f04000-7f2a88000000 rw-p 00000000 00:00 0 
7f2a88000000-7f2a88021000 rw-p 00000000 00:00 0 
7f2a88021000-7f2a8c000000 ---p 00000000 00:00 0 
7f2a8c000000-7f2a8c021000 rw-p 00000000 00:00 0 
7f2a8c021000-7f2a90000000 ---p 00000000 00:00 0 
7f2a90000000-7f2a90021000 rw-p 00000000 00:00 0 
7f2a90021000-7f2a94000000 ---p 00000000 00:00 0 
7f2a94000000-7f2a94021000 rw-p 00000000 00:00 0 
7f2a94021000-7f2a98000000 ---p 00000000 00:00 0 
7f2a98000000-7f2a98021000 rw-p 00000000 00:00 0 
7f2a98021000-7f2a9c000000 ---p 00000000 00:00 0 
7f2a9c000000-7f2a9c021000 rw-p 00000000 00:00 0 
7f2a9c021000-7f2aa0000000 ---p 00000000 00:00 0 
7f2aa0000000-7f2aa0021000 rw-p 00000000 00:00 0 
7f2aa0021000-7f2aa4000000 ---p 00000000 00:00 0 
7f2aa40ed000-7f2aa40ee000 rw-p 00000000 00:00 0 
7f2aa40ee000-7f2aa40f2000 ---p 00000000 00:00 0 
7f2aa40f2000-7f2aa45f2000 rw-p 00000000 00:00 0 
7f2aa45f2000-7f2aa7400000 rw-p 00000000 00:00 0 
7f2aa7483000-7f2aa7484000 r--p 00000000 103:03 10648467                  /usr/lib/jvm/java-25-openjdk/lib/libsimdsort.so
7f2aa7484000-7f2aa74bf000 r-xp 00001000 103:03 10648467                  /usr/lib/jvm/java-25-openjdk/lib/libsimdsort.so
7f2aa74bf000-7f2aa74c5000 r--p 0003c000 103:03 10648467                  /usr/lib/jvm/java-25-openjdk/lib/libsimdsort.so
7f2aa74c5000-7f2aa74c6000 r--p 00041000 103:03 10648467                  /usr/lib/jvm/java-25-openjdk/lib/libsimdsort.so
7f2aa74c6000-7f2aa74c7000 rw-p 00042000 103:03 10648467                  /usr/lib/jvm/java-25-openjdk/lib/libsimdsort.so
7f2aa74c7000-7f2aa75c8000 rw-p 00000000 00:00 0 
7f2aa75c8000-7f2aa77ca000 rw-p 00000000 00:00 0 
7f2aa77ca000-7f2aa7b9a000 rw-p 00000000 00:00 0 
7f2aa7b9a000-7f2aab4ba000 ---p 00000000 00:00 0 
7f2aab4ba000-7f2aab53c000 rw-p 00000000 00:00 0 
7f2aab53c000-7f2aabc60000 ---p 00000000 00:00 0 
7f2aabc60000-7f2aabcdb000 rw-p 00000000 00:00 0 
7f2aabcdb000-7f2aac3ff000 ---p 00000000 00:00 0 
7f2aac3ff000-7f2aac400000 rw-p 00000000 00:00 0 
7f2aac400000-7f2aac670000 rwxp 00000000 00:00 0 
7f2aac670000-7f2ab385f000 ---p 00000000 00:00 0 
7f2ab385f000-7f2ab3acf000 rwxp 00000000 00:00 0 
7f2ab3acf000-7f2ab3f9f000 ---p 00000000 00:00 0 
7f2ab3f9f000-7f2ab420f000 rwxp 00000000 00:00 0 
7f2ab420f000-7f2abb400000 ---p 00000000 00:00 0 
7f2abb400000-7f2ac3fcd000 r--s 00000000 103:03 10648472                  /usr/lib/jvm/java-25-openjdk/lib/modules
7f2ac4000000-7f2ac415c000 rw-p 00000000 00:00 0 
7f2ac415c000-7f2ac8000000 ---p 00000000 00:00 0 
7f2ac800f000-7f2ac8110000 rw-p 00000000 00:00 0 
7f2ac8110000-7f2ac911c000 rw-p 00000000 00:00 0 
7f2ac911c000-7f2ac9200000 ---p 00000000 00:00 0 
7f2ac9200000-7f2ac9297000 r--p 00000000 103:03 10227832                  /usr/lib/libstdc++.so.6.0.34
7f2ac9297000-7f2ac93ec000 r-xp 00097000 103:03 10227832                  /usr/lib/libstdc++.so.6.0.34
7f2ac93ec000-7f2ac947e000 r--p 001ec000 103:03 10227832                  /usr/lib/libstdc++.so.6.0.34
7f2ac947e000-7f2ac948f000 r--p 0027e000 103:03 10227832                  /usr/lib/libstdc++.so.6.0.34
7f2ac948f000-7f2ac9490000 rw-p 0028f000 103:03 10227832                  /usr/lib/libstdc++.so.6.0.34
7f2ac9490000-7f2ac9494000 rw-p 00000000 00:00 0 
7f2ac9496000-7f2ac951c000 rw-p 00000000 00:00 0 
7f2ac951c000-7f2ac9600000 ---p 00000000 00:00 0 
7f2ac9600000-7f2ac960e000 r--p 00000000 103:03 10648485                  /usr/lib/jvm/java-25-openjdk/lib/server/libjvm.so
7f2ac960e000-7f2aca4a1000 r-xp 0000e000 103:03 10648485                  /usr/lib/jvm/java-25-openjdk/lib/server/libjvm.so
7f2aca4a1000-7f2aca6b8000 r--p 00ea1000 103:03 10648485                  /usr/lib/jvm/java-25-openjdk/lib/server/libjvm.so
7f2aca6b8000-7f2aca79e000 r--p 010b8000 103:03 10648485                  /usr/lib/jvm/java-25-openjdk/lib/server/libjvm.so
7f2aca79e000-7f2aca7c3000 rw-p 0119e000 103:03 10648485                  /usr/lib/jvm/java-25-openjdk/lib/server/libjvm.so
7f2aca7c3000-7f2aca83e000 rw-p 00000000 00:00 0 
7f2aca864000-7f2aca900000 rw-p 00000000 00:00 0 
7f2aca900000-7f2aca904000 ---p 00000000 00:00 0 
7f2aca904000-7f2acaa00000 rw-p 00000000 00:00 0 
7f2acaa00000-7f2acaa24000 r--p 00000000 103:03 10226998                  /usr/lib/libc.so.6
7f2acaa24000-7f2acab96000 r-xp 00024000 103:03 10226998                  /usr/lib/libc.so.6
7f2acab96000-7f2acac05000 r--p 00196000 103:03 10226998                  /usr/lib/libc.so.6
7f2acac05000-7f2acac09000 r--p 00204000 103:03 10226998                  /usr/lib/libc.so.6
7f2acac09000-7f2acac0b000 rw-p 00208000 103:03 10226998                  /usr/lib/libc.so.6
7f2acac0b000-7f2acac13000 rw-p 00000000 00:00 0 
7f2acac46000-7f2acac48000 r--p 00000000 103:03 27660196                  /home/lightswisp/Documents/jhook/scripts/libjhook_example.so
7f2acac48000-7f2acac4c000 r-xp 00002000 103:03 27660196                  /home/lightswisp/Documents/jhook/scripts/libjhook_example.so
7f2acac4c000-7f2acac4e000 r--p 00006000 103:03 27660196                  /home/lightswisp/Documents/jhook/scripts/libjhook_example.so
7f2acac4e000-7f2acac50000 r--p 00007000 103:03 27660196                  /home/lightswisp/Documents/jhook/scripts/libjhook_example.so
7f2acac50000-7f2acac51000 rw-p 00009000 103:03 27660196                  /home/lightswisp/Documents/jhook/scripts/libjhook_example.so
7f2acac51000-7f2acac56000 rw-p 00000000 00:00 0 
7f2acac56000-7f2acac60000 ---p 00000000 00:00 0 
7f2acac60000-7f2acac6a000 r--p 00000000 103:03 10648447                  /usr/lib/jvm/java-25-openjdk/lib/libjava.so
7f2acac6a000-7f2acac78000 r-xp 0000a000 103:03 10648447                  /usr/lib/jvm/java-25-openjdk/lib/libjava.so
7f2acac78000-7f2acac7d000 r--p 00018000 103:03 10648447                  /usr/lib/jvm/java-25-openjdk/lib/libjava.so
7f2acac7d000-7f2acac7e000 r--p 0001d000 103:03 10648447                  /usr/lib/jvm/java-25-openjdk/lib/libjava.so
7f2acac7e000-7f2acac7f000 rw-p 0001e000 103:03 10648447                  /usr/lib/jvm/java-25-openjdk/lib/libjava.so
7f2acac7f000-7f2acac80000 rw-p 00000000 00:00 0 
7f2acac80000-7f2acac84000 r--p 00000000 103:03 10227800                  /usr/lib/libgcc_s.so.1
7f2acac84000-7f2acaca7000 r-xp 00004000 103:03 10227800                  /usr/lib/libgcc_s.so.1
7f2acaca7000-7f2acacab000 r--p 00027000 103:03 10227800                  /usr/lib/libgcc_s.so.1
7f2acacab000-7f2acacac000 r--p 0002a000 103:03 10227800                  /usr/lib/libgcc_s.so.1
7f2acacac000-7f2acacad000 rw-p 0002b000 103:03 10227800                  /usr/lib/libgcc_s.so.1
7f2acacad000-7f2acacbc000 r--p 00000000 103:03 10227010                  /usr/lib/libm.so.6
7f2acacbc000-7f2acad47000 r-xp 0000f000 103:03 10227010                  /usr/lib/libm.so.6
7f2acad47000-7f2acadb9000 r--p 0009a000 103:03 10227010                  /usr/lib/libm.so.6
7f2acadb9000-7f2acadba000 r--p 0010b000 103:03 10227010                  /usr/lib/libm.so.6
7f2acadba000-7f2acadbb000 rw-p 0010c000 103:03 10227010                  /usr/lib/libm.so.6
7f2acadbb000-7f2acadbe000 rw-p 00000000 00:00 0 
7f2acadbe000-7f2acadc1000 r--p 00000000 103:03 10231068                  /usr/lib/libz.so.1.3.1
7f2acadc1000-7f2acadcf000 r-xp 00003000 103:03 10231068                  /usr/lib/libz.so.1.3.1
7f2acadcf000-7f2acadd5000 r--p 00011000 103:03 10231068                  /usr/lib/libz.so.1.3.1
7f2acadd5000-7f2acadd6000 r--p 00017000 103:03 10231068                  /usr/lib/libz.so.1.3.1
7f2acadd6000-7f2acadd7000 rw-p 00018000 103:03 10231068                  /usr/lib/libz.so.1.3.1
7f2acadd7000-7f2acadde000 r--s 00000000 103:03 10269125                  /usr/lib/gconv/gconv-modules.cache
7f2acadde000-7f2acaddf000 rw-p 00000000 00:00 0 
7f2acaddf000-7f2acade0000 rw-p 00000000 00:00 0 
7f2acade0000-7f2acade8000 rw-s 00000000 00:25 13874                      /tmp/hsperfdata_lightswisp/138021
7f2acade8000-7f2acade9000 ---p 00000000 00:00 0 
7f2acade9000-7f2acadea000 r--p 00000000 00:00 0 
7f2acadea000-7f2acadeb000 ---p 00000000 00:00 0 
7f2acadeb000-7f2acadec000 r--p 00000000 103:03 10648451                  /usr/lib/jvm/java-25-openjdk/lib/libjimage.so
7f2acadec000-7f2acadee000 r-xp 00001000 103:03 10648451                  /usr/lib/jvm/java-25-openjdk/lib/libjimage.so
7f2acadee000-7f2acadef000 r--p 00003000 103:03 10648451                  /usr/lib/jvm/java-25-openjdk/lib/libjimage.so
7f2acadef000-7f2acadf0000 r--p 00003000 103:03 10648451                  /usr/lib/jvm/java-25-openjdk/lib/libjimage.so
7f2acadf0000-7f2acadf1000 rw-p 00004000 103:03 10648451                  /usr/lib/jvm/java-25-openjdk/lib/libjimage.so
7f2acadf1000-7f2acadf3000 r--p 00000000 103:03 10648452                  /usr/lib/jvm/java-25-openjdk/lib/libjli.so
7f2acadf3000-7f2acadfd000 r-xp 00002000 103:03 10648452                  /usr/lib/jvm/java-25-openjdk/lib/libjli.so
7f2acadfd000-7f2acae00000 r--p 0000c000 103:03 10648452                  /usr/lib/jvm/java-25-openjdk/lib/libjli.so
7f2acae00000-7f2acae01000 r--p 0000e000 103:03 10648452                  /usr/lib/jvm/java-25-openjdk/lib/libjli.so
7f2acae01000-7f2acae02000 rw-p 0000f000 103:03 10648452                  /usr/lib/jvm/java-25-openjdk/lib/libjli.so
7f2acae02000-7f2acae04000 rw-p 00000000 00:00 0 
7f2acae04000-7f2acae08000 r--p 00000000 00:00 0                          [vvar]
7f2acae08000-7f2acae0a000 r--p 00000000 00:00 0                          [vvar_vclock]
7f2acae0a000-7f2acae0c000 r-xp 00000000 00:00 0                          [vdso]
7f2acae0c000-7f2acae0d000 r--p 00000000 103:03 10226986                  /usr/lib/ld-linux-x86-64.so.2
7f2acae0d000-7f2acae37000 r-xp 00001000 103:03 10226986                  /usr/lib/ld-linux-x86-64.so.2
7f2acae37000-7f2acae45000 r--p 0002b000 103:03 10226986                  /usr/lib/ld-linux-x86-64.so.2
7f2acae45000-7f2acae47000 r--p 00039000 103:03 10226986                  /usr/lib/ld-linux-x86-64.so.2
7f2acae47000-7f2acae48000 rw-p 0003b000 103:03 10226986                  /usr/lib/ld-linux-x86-64.so.2
7f2acae48000-7f2acae49000 rw-p 00000000 00:00 0 
7ffd33bfd000-7ffd33c1e000 rw-p 00000000 00:00 0                          [stack]
ffffffffff600000-ffffffffff601000 --xp 00000000 00:00 0                  [vsyscall]
Total number of mappings: 187

JVMTI agents: none


VM Arguments:
java_command: test
java_class_path (initial): .
Launcher Type: SUN_STANDARD

[Global flags]
     intx CICompilerCount                          = 12                                        {product} {ergonomic}
     uint ConcGCThreads                            = 4                                         {product} {ergonomic}
     uint G1ConcRefinementThreads                  = 15                                        {product} {ergonomic}
   size_t G1HeapRegionSize                         = 2097152                                   {product} {ergonomic}
   size_t InitialHeapSize                          = 255852544                                 {product} {ergonomic}
   size_t MarkStackSize                            = 4194304                                   {product} {ergonomic}
   size_t MarkStackSizeMax                         = 536870912                                 {product} {ergonomic}
   size_t MaxHeapSize                              = 4091543552                                {product} {ergonomic}
   size_t MaxNewSize                               = 2453667840                                {product} {ergonomic}
   size_t MinHeapDeltaBytes                        = 2097152                                   {product} {ergonomic}
   size_t MinHeapSize                              = 8388608                                   {product} {ergonomic}
    uintx NonNMethodCodeHeapSize                   = 7602176                                {pd product} {ergonomic}
    uintx NonProfiledCodeHeapSize                  = 122032128                              {pd product} {ergonomic}
    uintx ProfiledCodeHeapSize                     = 122023936                              {pd product} {ergonomic}
    uintx ReservedCodeCacheSize                    = 251658240                              {pd product} {ergonomic}
     bool SegmentedCodeCache                       = true                                      {product} {ergonomic}
   size_t SoftMaxHeapSize                          = 4091543552                             {manageable} {ergonomic}
     bool UseCompressedOops                        = true                           {product lp64_product} {ergonomic}
     bool UseG1GC                                  = true                                      {product} {ergonomic}

Logging:
Log output configuration:
 #0: stdout all=warning uptime,level,tags foldmultilines=false
 #1: stderr all=off uptime,level,tags foldmultilines=false

Release file:
IMPLEMENTOR="Arch Linux"
JAVA_RUNTIME_VERSION="25.0.1"
JAVA_VERSION="25.0.1"
JAVA_VERSION_DATE="2025-09-16"
LIBC="gnu"
MODULES="java.base java.compiler java.datatransfer java.xml java.prefs java.desktop java.instrument java.logging java.management java.security.sasl java.naming java.rmi java.management.rmi java.net.http java.scripting java.security.jgss java.transaction.xa java.sql java.sql.rowset java.xml.crypto java.se java.smartcardio jdk.accessibility jdk.internal.jvmstat jdk.attach jdk.charsets jdk.internal.opt jdk.zipfs jdk.compiler jdk.crypto.cryptoki jdk.crypto.ec jdk.dynalink jdk.internal.ed jdk.editpad jdk.internal.vm.ci jdk.graal.compiler jdk.graal.compiler.management jdk.hotspot.agent jdk.httpserver jdk.incubator.vector jdk.internal.le jdk.internal.md jdk.jartool jdk.javadoc jdk.jcmd jdk.management jdk.management.agent jdk.jconsole jdk.jdeps jdk.jdwp.agent jdk.jdi jdk.jfr jdk.jlink jdk.jpackage jdk.jshell jdk.jsobject jdk.jstatd jdk.localedata jdk.management.jfr jdk.naming.dns jdk.naming.rmi jdk.net jdk.nio.mapmode jdk.sctp jdk.security.auth jdk.security.jgss jdk.unsupported jdk.unsupported.desktop jdk.xml.dom"
OS_ARCH="x86_64"
OS_NAME="Linux"
SOURCE=""

Environment Variables:
PATH=/usr/local/bin:/usr/bin:/bin:/usr/local/sbin:/usr/lib/jvm/default/bin:/usr/bin/site_perl:/usr/bin/vendor_perl:/usr/bin/core_perl
SHELL=/bin/bash
DISPLAY=:0
LANG=en_US.UTF-8
TERM=xterm-256color

Active Locale:
LC_ALL=en_US.UTF-8
LC_COLLATE=en_US.UTF-8
LC_CTYPE=en_US.UTF-8
LC_MESSAGES=en_US.UTF-8
LC_MONETARY=en_US.UTF-8
LC_NUMERIC=en_US.UTF-8
LC_TIME=en_US.UTF-8

Signal Handlers:
   SIGSEGV: 0x00007f2aca3cc8e0 in libjvm.so+14469344, mask=11100100010111111101111111111110, flags=SA_RESTART|SA_SIGINFO, unblocked
    SIGBUS: 0x00007f2aca3cc8e0 in libjvm.so+14469344, mask=11100100010111111101111111111110, flags=SA_RESTART|SA_SIGINFO, unblocked
    SIGFPE: 0x00007f2aca3cc8e0 in libjvm.so+14469344, mask=11100100010111111101111111111110, flags=SA_RESTART|SA_SIGINFO, unblocked
   SIGPIPE: 0x00007f2aca268e70 in libjvm.so+13012592, mask=11100100010111111101111111111110, flags=SA_RESTART|SA_SIGINFO, blocked
   SIGXFSZ: 0x00007f2aca268e70 in libjvm.so+13012592, mask=11100100010111111101111111111110, flags=SA_RESTART|SA_SIGINFO, blocked
    SIGILL: 0x00007f2aca3cc8e0 in libjvm.so+14469344, mask=11100100010111111101111111111110, flags=SA_RESTART|SA_SIGINFO, unblocked
   SIGUSR2: 0x00007f2aca26a5d0 in libjvm.so+13018576, mask=00000000000000000000000000000000, flags=SA_RESTART|SA_SIGINFO, blocked
    SIGHUP: 0x00007f2aca255050 in libjvm.so+12931152, mask=11100100010111111101111111111110, flags=SA_RESTART|SA_SIGINFO, blocked
    SIGINT: 0x00007f2aca255050 in libjvm.so+12931152, mask=11100100010111111101111111111110, flags=SA_RESTART|SA_SIGINFO, blocked
   SIGTERM: 0x00007f2aca255050 in libjvm.so+12931152, mask=11100100010111111101111111111110, flags=SA_RESTART|SA_SIGINFO, blocked
   SIGQUIT: 0x00007f2aca255050 in libjvm.so+12931152, mask=11100100010111111101111111111110, flags=SA_RESTART|SA_SIGINFO, blocked
   SIGTRAP: 0x00007f2aca3cc8e0 in libjvm.so+14469344, mask=11100100010111111101111111111110, flags=SA_RESTART|SA_SIGINFO, unblocked


Compilation memory statistics disabled.

Periodic native trim disabled

---------------  S Y S T E M  ---------------

OS:
NAME="Arch Linux"
PRETTY_NAME="Arch Linux"
ID=arch
BUILD_ID=rolling
ANSI_COLOR="38;2;23;147;209"
HOME_URL="https://archlinux.org/"
DOCUMENTATION_URL="https://wiki.archlinux.org/"
SUPPORT_URL="https://bbs.archlinux.org/"
BUG_REPORT_URL="https://gitlab.archlinux.org/groups/archlinux/-/issues"
PRIVACY_POLICY_URL="https://terms.archlinux.org/docs/privacy-policy/"
LOGO=archlinux-logo
uname: Linux 6.16.5-arch1-1 #1 SMP PREEMPT_DYNAMIC Thu, 04 Sep 2025 23:18:13 +0000 x86_64
OS uptime: 6 days 14:49 hours
libc: glibc 2.42 NPTL 2.42 
rlimit (soft/hard): STACK 8192k/infinity , CORE infinity/infinity , NPROC 62007/62007 , NOFILE 524288/524288 , AS infinity/infinity , CPU infinity/infinity , DATA infinity/infinity , FSIZE infinity/infinity , MEMLOCK 8192k/8192k
load average: 0.18 0.28 0.26

/proc/meminfo:
MemTotal:       15978148 kB
MemFree:         2328060 kB
MemAvailable:    9993820 kB
Buffers:          460400 kB
Cached:          7729340 kB
SwapCached:            0 kB
Active:          5258904 kB
Inactive:        6500484 kB
Active(anon):    4421048 kB
Inactive(anon):   130016 kB
Active(file):     837856 kB
Inactive(file):  6370468 kB
Unevictable:      534372 kB
Mlocked:              64 kB
SwapTotal:       8388604 kB
SwapFree:        8388528 kB
Zswap:                24 kB
Zswapped:             76 kB
Dirty:              2408 kB
Writeback:             0 kB
AnonPages:       3997228 kB
Mapped:           919512 kB
Shmem:            981620 kB
KReclaimable:     817852 kB
Slab:            1029640 kB
SReclaimable:     817852 kB
SUnreclaim:       211788 kB
KernelStack:       28360 kB
PageTables:        73232 kB
SecPageTables:      2076 kB
NFS_Unstable:          0 kB
Bounce:                0 kB
WritebackTmp:          0 kB
CommitLimit:    16377676 kB
Committed_AS:   41662288 kB
VmallocTotal:   34359738367 kB
VmallocUsed:       75324 kB
VmallocChunk:          0 kB
Percpu:            13728 kB
HardwareCorrupted:     0 kB
AnonHugePages:    161792 kB
ShmemHugePages:   614400 kB
ShmemPmdMapped:        0 kB
FileHugePages:    282624 kB
FilePmdMapped:    215040 kB
CmaTotal:              0 kB
CmaFree:               0 kB
Unaccepted:            0 kB
Balloon:               0 kB
HugePages_Total:       0
HugePages_Free:        0
HugePages_Rsvd:        0
HugePages_Surp:        0
Hugepagesize:       2048 kB
Hugetlb:               0 kB
DirectMap4k:      251468 kB
DirectMap2M:     6699008 kB
DirectMap1G:     9437184 kB

/sys/kernel/mm/transparent_hugepage/enabled: [always] madvise never
/sys/kernel/mm/transparent_hugepage/hpage_pmd_size: 2097152
/sys/kernel/mm/transparent_hugepage/shmem_enabled: always within_size advise [never] deny force
/sys/kernel/mm/transparent_hugepage/defrag (defrag/compaction efforts parameter): always defer defer+madvise [madvise] never

Process Memory:
Virtual Size: 6896292K (peak: 6896292K)
Resident Set Size: 45216K (peak: 45216K) (anon: 21856K, file: 23328K, shmem: 32K)
Swapped out: 0K
C-Heap outstanding allocations: 34327K, retained: 2016K
glibc malloc tunables: (default)

/proc/sys/kernel/threads-max (system-wide limit on the number of threads): 124015
/proc/sys/vm/max_map_count (maximum number of memory map areas a process may have): 1048576
/proc/sys/vm/swappiness (control to define how aggressively the kernel swaps out anonymous memory): 60
/proc/sys/kernel/pid_max (system-wide limit on number of process identifiers): 4194304

container information not found.
Steal ticks since vm start: 0
Steal ticks percentage since vm start:  0.000

CPU: total 20 (initial active 20) (10 cores per cpu, 2 threads per core) family 6 model 186 stepping 2 microcode 0x4129, cx8, cmov, fxsr, ht, mmx, 3dnowpref, sse, sse2, sse3, ssse3, sse4.1, sse4.2, popcnt, lzcnt, tsc, tscinvbit, avx, avx2, aes, erms, clmul, bmi1, bmi2, adx, sha, fma, vzeroupper, clflush, clflushopt, clwb, serialize, rdtscp, rdpid, fsrm, gfni, f16c, pku, ospke, cet_ibt, cet_ss
CPU Model and flags from /proc/cpuinfo:
model name	: 13th Gen Intel(R) Core(TM) i7-13700H
flags		: fpu vme de pse tsc msr pae mce cx8 apic sep mtrr pge mca cmov pat pse36 clflush dts acpi mmx fxsr sse sse2 ss ht tm pbe syscall nx pdpe1gb rdtscp lm constant_tsc art arch_perfmon pebs bts rep_good nopl xtopology nonstop_tsc cpuid aperfmperf tsc_known_freq pni pclmulqdq dtes64 monitor ds_cpl vmx smx est tm2 ssse3 sdbg fma cx16 xtpr pdcm pcid sse4_1 sse4_2 x2apic movbe popcnt tsc_deadline_timer aes xsave avx f16c rdrand lahf_lm abm 3dnowprefetch cpuid_fault epb ssbd ibrs ibpb stibp ibrs_enhanced tpr_shadow flexpriority ept vpid ept_ad fsgsbase tsc_adjust bmi1 avx2 smep bmi2 erms invpcid rdseed adx smap clflushopt clwb intel_pt sha_ni xsaveopt xsavec xgetbv1 xsaves split_lock_detect user_shstk avx_vnni dtherm ida arat pln pts hwp hwp_notify hwp_act_window hwp_epp hwp_pkg_req hfi vnmi umip pku ospke waitpkg gfni vaes vpclmulqdq rdpid movdiri movdir64b fsrm md_clear serialize arch_lbr ibt flush_l1d arch_capabilities

Online cpus: 0-19
Offline cpus: 
BIOS frequency limitation: <Not Available>
Frequency switch latency (ns): 0
Available cpu frequencies: <Not Available>
Current governor: powersave
Core performance/turbo boost: <Not Available>

Memory: 4k page, physical 15978148k(9993820k free), swap 8388604k(8388528k free)
Page Sizes: 4k

vm_info: OpenJDK 64-Bit Server VM (25.0.1) for linux-amd64 JRE (25.0.1), built on 2025-09-17T15:44:16Z with gcc 15.2.1 20250813

END.
